<?xml version="1.0" encoding="UTF-8"?>
<!-- Generated by org.testng.reporters.JUnitReportReporter -->
<testsuite hostname="KI-54" failures="0" tests="2" name="pagesTestCasesYasasiiWeb.Naufar_AppointmentView_inEMR_TestcaseYW" time="199.806" errors="0" timestamp="2023-11-15T12:31:07 IST" skipped="0">
  <testcase classname="pagesTestCasesYasasiiWeb.Naufar_AppointmentView_inEMR_TestcaseYW" name="Reg" time="85.877"/>
  <system-out/>
  <testcase classname="pagesTestCasesYasasiiWeb.Naufar_AppointmentView_inEMR_TestcaseYW" name="EMRapp" time="113.929"/>
  <system-out/>
</testsuite> <!-- pagesTestCasesYasasiiWeb.Naufar_AppointmentView_inEMR_TestcaseYW -->
