<?xml version="1.0" encoding="UTF-8"?>
<!-- Generated by org.testng.reporters.JUnitReportReporter -->
<testsuite hostname="KI54" failures="0" tests="1" name="pagesTestCasesYasasiiWeb.FOFullRegTestCasesYW" time="115.568" errors="0" timestamp="2022-08-26T11:05:03 IST" skipped="0">
  <testcase classname="pagesTestCasesYasasiiWeb.FOFullRegTestCasesYW" name="addFOFullReg" time="115.568"/>
  <system-out/>
</testsuite> <!-- pagesTestCasesYasasiiWeb.FOFullRegTestCasesYW -->
