<?xml version="1.0" encoding="UTF-8"?>
<!-- Generated by org.testng.reporters.JUnitReportReporter -->
<testsuite hostname="KI-54" failures="0" tests="2" name="pagesTestCasesYasasiiWeb.KIMS_AppointmentView_inEMR_TestcaseYW" time="182.943" errors="0" timestamp="2024-02-22T15:06:24 IST" skipped="0">
  <testcase classname="pagesTestCasesYasasiiWeb.KIMS_AppointmentView_inEMR_TestcaseYW" name="Reg" time="69.521"/>
  <system-out/>
  <testcase classname="pagesTestCasesYasasiiWeb.KIMS_AppointmentView_inEMR_TestcaseYW" name="EMRapp" time="113.422"/>
  <system-out/>
</testsuite> <!-- pagesTestCasesYasasiiWeb.KIMS_AppointmentView_inEMR_TestcaseYW -->
