<?xml version="1.0" encoding="UTF-8"?>
<!-- Generated by org.testng.reporters.JUnitReportReporter -->
<testsuite hostname="KI-54" failures="0" tests="2" name="pagesTestCasesYasasiiWeb.KIMS_StockMovement_TestcaseYW" time="360.595" errors="0" timestamp="2024-02-26T15:30:06 IST" skipped="0">
  <testcase classname="pagesTestCasesYasasiiWeb.KIMS_StockMovement_TestcaseYW" name="EMRapp" time="273.883"/>
  <system-out/>
  <testcase classname="pagesTestCasesYasasiiWeb.KIMS_StockMovement_TestcaseYW" name="closedIndent" time="86.712"/>
  <system-out/>
</testsuite> <!-- pagesTestCasesYasasiiWeb.KIMS_StockMovement_TestcaseYW -->
