<?xml version="1.0" encoding="UTF-8"?>
<!-- Generated by org.testng.reporters.JUnitReportReporter -->
<testsuite hostname="KI-54" failures="0" tests="9" name="pagesTestCasesYasasiiWeb.RegistrationTestcaseYW" time="458.260" errors="0" timestamp="2024-01-02T15:36:04 IST" skipped="0">
  <testcase classname="pagesTestCasesYasasiiWeb.RegistrationTestcaseYW" name="BirthReg" time="47.944"/>
  <system-out/>
  <testcase classname="pagesTestCasesYasasiiWeb.RegistrationTestcaseYW" name="BirthReg" time="53.851"/>
  <system-out/>
  <testcase classname="pagesTestCasesYasasiiWeb.RegistrationTestcaseYW" name="BirthReg" time="50.380"/>
  <system-out/>
  <testcase classname="pagesTestCasesYasasiiWeb.RegistrationTestcaseYW" name="BirthReg" time="59.832"/>
  <system-out/>
  <testcase classname="pagesTestCasesYasasiiWeb.RegistrationTestcaseYW" name="BirthReg" time="48.439"/>
  <system-out/>
  <testcase classname="pagesTestCasesYasasiiWeb.RegistrationTestcaseYW" name="BirthReg" time="49.007"/>
  <system-out/>
  <testcase classname="pagesTestCasesYasasiiWeb.RegistrationTestcaseYW" name="BirthReg" time="48.584"/>
  <system-out/>
  <testcase classname="pagesTestCasesYasasiiWeb.RegistrationTestcaseYW" name="BirthReg" time="48.986"/>
  <system-out/>
  <testcase classname="pagesTestCasesYasasiiWeb.RegistrationTestcaseYW" name="BirthReg" time="51.237"/>
  <system-out/>
</testsuite> <!-- pagesTestCasesYasasiiWeb.RegistrationTestcaseYW -->
