<?xml version="1.0" encoding="UTF-8"?>
<!-- Generated by org.testng.reporters.JUnitReportReporter -->
<testsuite hostname="KI54" failures="0" tests="2" name="pagesTestCasesYasasiiWeb.Sp5_EMR_FamilyMembersTestCaseYW" time="178.263" errors="0" timestamp="2022-11-16T14:28:27 IST" skipped="0">
  <testcase classname="pagesTestCasesYasasiiWeb.Sp5_EMR_FamilyMembersTestCaseYW" name="familyM" time="122.416"/>
  <system-out/>
  <testcase classname="pagesTestCasesYasasiiWeb.Sp5_EMR_FamilyMembersTestCaseYW" name="emrf" time="55.847"/>
  <system-out/>
</testsuite> <!-- pagesTestCasesYasasiiWeb.Sp5_EMR_FamilyMembersTestCaseYW -->
