<?xml version="1.0" encoding="UTF-8"?>
<!-- Generated by org.testng.reporters.JUnitReportReporter -->
<testsuite hostname="KI54" failures="0" tests="2" name="pagesTestCasesYasasiiWeb.SP5_Pathology_Cytology_TestCaseYW" time="590.998" errors="0" timestamp="2022-11-19T10:58:24 IST" skipped="0">
  <testcase classname="pagesTestCasesYasasiiWeb.SP5_Pathology_Cytology_TestCaseYW" name="Pathology" time="124.535"/>
  <system-out/>
  <testcase classname="pagesTestCasesYasasiiWeb.SP5_Pathology_Cytology_TestCaseYW" name="inestigation" time="466.463"/>
  <system-out/>
</testsuite> <!-- pagesTestCasesYasasiiWeb.SP5_Pathology_Cytology_TestCaseYW -->
