<?xml version="1.0" encoding="UTF-8"?>
<!-- Generated by org.testng.reporters.JUnitReportReporter -->
<testsuite hostname="KI54" failures="0" tests="2" name="pagesTestCasesYasasiiWeb.Sp5_pathology_CytologysmearTestcaseYW" time="357.604" errors="0" timestamp="2022-11-14T17:38:12 IST" skipped="0">
  <testcase classname="pagesTestCasesYasasiiWeb.Sp5_pathology_CytologysmearTestcaseYW" name="Pathology" time="69.460"/>
  <system-out/>
  <testcase classname="pagesTestCasesYasasiiWeb.Sp5_pathology_CytologysmearTestcaseYW" name="inestigation" time="288.144"/>
  <system-out/>
</testsuite> <!-- pagesTestCasesYasasiiWeb.Sp5_pathology_CytologysmearTestcaseYW -->
