<?xml version="1.0" encoding="UTF-8"?>
<!-- Generated by org.testng.reporters.JUnitReportReporter -->
<testsuite hostname="KI54" failures="0" tests="1" name="pagesTestCasesYasasiiWeb.Master_RoomStatusSetting_TestCaseYW" time="27.886" errors="0" timestamp="2022-09-03T12:21:48 IST" skipped="0">
  <testcase classname="pagesTestCasesYasasiiWeb.Master_RoomStatusSetting_TestCaseYW" name="Schedulesettings" time="27.886"/>
  <system-out/>
</testsuite> <!-- pagesTestCasesYasasiiWeb.Master_RoomStatusSetting_TestCaseYW -->
