<?xml version="1.0" encoding="UTF-8"?>
<!-- Generated by org.testng.reporters.JUnitReportReporter -->
<testsuite hostname="KI-54" failures="0" tests="1" name="pagesTestCasesYasasiiWeb.Naufer_Pharmacy_walkin_TestcaseYW" time="266.702" errors="0" timestamp="2023-11-15T17:40:10 IST" skipped="0">
  <testcase classname="pagesTestCasesYasasiiWeb.Naufer_Pharmacy_walkin_TestcaseYW" name="walkin" time="266.702"/>
  <system-out/>
</testsuite> <!-- pagesTestCasesYasasiiWeb.Naufer_Pharmacy_walkin_TestcaseYW -->
