<?xml version="1.0" encoding="UTF-8"?>
<!-- Generated by org.testng.reporters.JUnitReportReporter -->
<testsuite hostname="KI-54" failures="0" tests="2" name="pagesTestCasesYasasiiWeb.Naufar_InstructionOrder_TestcasesYW" time="298.967" errors="0" timestamp="2023-11-15T11:19:37 IST" skipped="0">
  <testcase classname="pagesTestCasesYasasiiWeb.Naufar_InstructionOrder_TestcasesYW" name="Reg" time="89.467"/>
  <system-out/>
  <testcase classname="pagesTestCasesYasasiiWeb.Naufar_InstructionOrder_TestcasesYW" name="Patreg" time="209.500"/>
  <system-out/>
</testsuite> <!-- pagesTestCasesYasasiiWeb.Naufar_InstructionOrder_TestcasesYW -->
