<?xml version="1.0" encoding="UTF-8"?>
<!-- Generated by org.testng.reporters.JUnitReportReporter -->
<testsuite hostname="KI-54" failures="0" tests="2" name="pagesTestCasesYasasiiWeb.KIMS_CpoePendingOrder_Billing_TestcaseYW" time="288.711" errors="0" timestamp="2024-02-26T13:42:12 IST" skipped="0">
  <testcase classname="pagesTestCasesYasasiiWeb.KIMS_CpoePendingOrder_Billing_TestcaseYW" name="PatientReg" time="54.448"/>
  <system-out/>
  <testcase classname="pagesTestCasesYasasiiWeb.KIMS_CpoePendingOrder_Billing_TestcaseYW" name="CpoePending" time="234.263"/>
  <system-out/>
</testsuite> <!-- pagesTestCasesYasasiiWeb.KIMS_CpoePendingOrder_Billing_TestcaseYW -->
