<?xml version="1.0" encoding="UTF-8"?>
<!-- Generated by org.testng.reporters.JUnitReportReporter -->
<testsuite hostname="KI-54" failures="0" tests="2" name="pagesTestCasesYasasiiWeb.Naufer_Pharmacybill_Availedservice_TestcaseYW" time="343.124" errors="0" timestamp="2023-11-15T17:29:16 IST" skipped="0">
  <testcase classname="pagesTestCasesYasasiiWeb.Naufer_Pharmacybill_Availedservice_TestcaseYW" name="walkin" time="152.345"/>
  <system-out/>
  <testcase classname="pagesTestCasesYasasiiWeb.Naufer_Pharmacybill_Availedservice_TestcaseYW" name="walkin1" time="190.779"/>
  <system-out/>
</testsuite> <!-- pagesTestCasesYasasiiWeb.Naufer_Pharmacybill_Availedservice_TestcaseYW -->
