<?xml version="1.0" encoding="UTF-8"?>
<!-- Generated by org.testng.reporters.JUnitReportReporter -->
<testsuite hostname="KI-54" failures="0" tests="2" name="pagesTestCasesYasasiiWeb.KIMS_Pathology_IHCTestCaseYW" time="234.163" errors="0" timestamp="2024-02-26T15:47:26 IST" skipped="0">
  <testcase classname="pagesTestCasesYasasiiWeb.KIMS_Pathology_IHCTestCaseYW" name="inestigation" time="208.998"/>
  <system-out/>
  <testcase classname="pagesTestCasesYasasiiWeb.KIMS_Pathology_IHCTestCaseYW" name="Pathology" time="25.165"/>
  <system-out/>
</testsuite> <!-- pagesTestCasesYasasiiWeb.KIMS_Pathology_IHCTestCaseYW -->
