<?xml version="1.0" encoding="UTF-8"?>
<!-- Generated by org.testng.reporters.JUnitReportReporter -->
<testsuite hostname="KI-54" failures="0" tests="2" name="pagesTestCasesYasasiiWeb.Naufar_StockMovement_TestcaseYW" time="359.332" errors="0" timestamp="2023-12-01T17:27:34 IST" skipped="0">
  <testcase classname="pagesTestCasesYasasiiWeb.Naufar_StockMovement_TestcaseYW" name="EMRapp" time="272.482"/>
  <system-out/>
  <testcase classname="pagesTestCasesYasasiiWeb.Naufar_StockMovement_TestcaseYW" name="closedIndent" time="86.850"/>
  <system-out/>
</testsuite> <!-- pagesTestCasesYasasiiWeb.Naufar_StockMovement_TestcaseYW -->
