<?xml version="1.0" encoding="UTF-8"?>
<!-- Generated by org.testng.reporters.JUnitReportReporter -->
<testsuite hostname="KI-54" failures="0" tests="2" name="pagesTestCasesYasasiiWeb.Naufer_nursingStationTransfer_Testcase" time="240.832" errors="0" timestamp="2023-11-15T17:29:16 IST" skipped="0">
  <testcase classname="pagesTestCasesYasasiiWeb.Naufer_nursingStationTransfer_Testcase" name="BirthReg" time="79.985"/>
  <system-out/>
  <testcase classname="pagesTestCasesYasasiiWeb.Naufer_nursingStationTransfer_Testcase" name="EMRtransfer" time="160.847"/>
  <system-out/>
</testsuite> <!-- pagesTestCasesYasasiiWeb.Naufer_nursingStationTransfer_Testcase -->
