<?xml version="1.0" encoding="UTF-8"?>
<!-- Generated by org.testng.reporters.JUnitReportReporter -->
<testsuite hostname="KI-54" failures="0" tests="1" name="pagesTestCasesYasasiiWeb.KIMS_EMRhidenote_TeatcaseYW" time="103.723" errors="0" timestamp="2024-02-26T10:00:51 IST" skipped="0">
  <testcase classname="pagesTestCasesYasasiiWeb.KIMS_EMRhidenote_TeatcaseYW" name="Hidenote" time="103.723"/>
  <system-out/>
</testsuite> <!-- pagesTestCasesYasasiiWeb.KIMS_EMRhidenote_TeatcaseYW -->
