<?xml version="1.0" encoding="UTF-8"?>
<!-- Generated by org.testng.reporters.JUnitReportReporter -->
<testsuite hostname="KI54" failures="0" tests="2" name="pagesTestCasesYasasiiWeb.Almeswak_EMR_Dermotology_TestcaseYW" time="246.748" errors="0" timestamp="2023-01-18T10:51:31 IST" skipped="0">
  <testcase classname="pagesTestCasesYasasiiWeb.Almeswak_EMR_Dermotology_TestcaseYW" name="dentalAsssement1" time="186.316"/>
  <system-out/>
  <testcase classname="pagesTestCasesYasasiiWeb.Almeswak_EMR_Dermotology_TestcaseYW" name="dentalAsssement" time="60.432"/>
  <system-out/>
</testsuite> <!-- pagesTestCasesYasasiiWeb.Almeswak_EMR_Dermotology_TestcaseYW -->
