<?xml version="1.0" encoding="UTF-8"?>
<!-- Generated by org.testng.reporters.JUnitReportReporter -->
<testsuite hostname="KI-54" failures="0" tests="1" name="pagesTestCasesYasasiiWeb.Naufar_WhiteboardStat_TestCaseYW" time="276.526" errors="0" timestamp="2023-11-15T16:08:23 IST" skipped="0">
  <testcase classname="pagesTestCasesYasasiiWeb.Naufar_WhiteboardStat_TestCaseYW" name="EMRBlock" time="276.526"/>
  <system-out/>
</testsuite> <!-- pagesTestCasesYasasiiWeb.Naufar_WhiteboardStat_TestCaseYW -->
