<?xml version="1.0" encoding="UTF-8"?>
<!-- Generated by org.testng.reporters.JUnitReportReporter -->
<testsuite hostname="KI54" failures="0" tests="2" name="pagesTestCasesYasasiiWeb.Almeswak_AdvanceFlow_TestcaseYW" time="201.361" errors="0" timestamp="2023-01-18T10:51:31 IST" skipped="0">
  <testcase classname="pagesTestCasesYasasiiWeb.Almeswak_AdvanceFlow_TestcaseYW" name="patregAdv" time="62.741"/>
  <system-out/>
  <testcase classname="pagesTestCasesYasasiiWeb.Almeswak_AdvanceFlow_TestcaseYW" name="advanceRefund" time="138.620"/>
  <system-out/>
</testsuite> <!-- pagesTestCasesYasasiiWeb.Almeswak_AdvanceFlow_TestcaseYW -->
