<?xml version="1.0" encoding="UTF-8"?>
<!-- Generated by org.testng.reporters.JUnitReportReporter -->
<testsuite hostname="KI54" failures="0" tests="1" name="pagesTestCasesYasasiiWeb.FO_IPEnquiryAndStayPassTestCaseYW" time="62.739" errors="0" timestamp="2022-09-03T13:51:08 IST" skipped="0">
  <testcase classname="pagesTestCasesYasasiiWeb.FO_IPEnquiryAndStayPassTestCaseYW" name="displayorder" time="62.739"/>
  <system-out/>
</testsuite> <!-- pagesTestCasesYasasiiWeb.FO_IPEnquiryAndStayPassTestCaseYW -->
