<?xml version="1.0" encoding="UTF-8"?>
<!-- Generated by org.testng.reporters.JUnitReportReporter -->
<testsuite hostname="KI54" failures="0" tests="1" name="pagesTestCasesYasasiiWeb.Masters_CategoryMaster_TestCaseYW" time="37.432" errors="0" timestamp="2022-09-03T12:21:48 IST" skipped="0">
  <testcase classname="pagesTestCasesYasasiiWeb.Masters_CategoryMaster_TestCaseYW" name="ERBirth" time="37.432"/>
  <system-out/>
</testsuite> <!-- pagesTestCasesYasasiiWeb.Masters_CategoryMaster_TestCaseYW -->
