<?xml version="1.0" encoding="UTF-8"?>
<!-- Generated by org.testng.reporters.JUnitReportReporter -->
<testsuite hostname="KI-54" failures="0" tests="1" name="pagesTestCasesYasasiiWeb.Naufar_UserCreation_TestcaseYW" time="281.556" errors="0" timestamp="2023-11-15T13:34:25 IST" skipped="0">
  <testcase classname="pagesTestCasesYasasiiWeb.Naufar_UserCreation_TestcaseYW" name="usercreation" time="281.556"/>
  <system-out/>
</testsuite> <!-- pagesTestCasesYasasiiWeb.Naufar_UserCreation_TestcaseYW -->
