<?xml version="1.0" encoding="UTF-8"?>
<!-- Generated by org.testng.reporters.JUnitReportReporter -->
<testsuite hostname="KI-54" failures="0" tests="2" name="pagesTestCasesYasasiiWeb.Naufar_OutsiderPatientFlow_TestcaseYW" time="151.758" errors="0" timestamp="2023-11-15T15:07:51 IST" skipped="0">
  <testcase classname="pagesTestCasesYasasiiWeb.Naufar_OutsiderPatientFlow_TestcaseYW" name="Reg" time="40.681"/>
  <system-out/>
  <testcase classname="pagesTestCasesYasasiiWeb.Naufar_OutsiderPatientFlow_TestcaseYW" name="OUtsideReg" time="111.077"/>
  <system-out/>
</testsuite> <!-- pagesTestCasesYasasiiWeb.Naufar_OutsiderPatientFlow_TestcaseYW -->
