<?xml version="1.0" encoding="UTF-8"?>
<!-- Generated by org.testng.reporters.JUnitReportReporter -->
<testsuite hostname="KI54" failures="0" tests="2" name="pagesTestCasesYasasiiWeb.SP5_OPconsulationforIP_TestCaseYW" time="193.807" errors="0" timestamp="2022-10-21T16:29:00 IST" skipped="0">
  <testcase classname="pagesTestCasesYasasiiWeb.SP5_OPconsulationforIP_TestCaseYW" name="PAtreg" time="66.672"/>
  <system-out/>
  <testcase classname="pagesTestCasesYasasiiWeb.SP5_OPconsulationforIP_TestCaseYW" name="DialysisNote" time="127.135"/>
  <system-out/>
</testsuite> <!-- pagesTestCasesYasasiiWeb.SP5_OPconsulationforIP_TestCaseYW -->
