<?xml version="1.0" encoding="UTF-8"?>
<!-- Generated by org.testng.reporters.JUnitReportReporter -->
<testsuite hostname="KI54" failures="0" tests="1" name="pagesTestCasesYasasiiWeb.Almeswak_FO_ClosedEncounter_TestcaseYW" time="112.562" errors="0" timestamp="2023-01-18T10:51:31 IST" skipped="0">
  <testcase classname="pagesTestCasesYasasiiWeb.Almeswak_FO_ClosedEncounter_TestcaseYW" name="AppointmentCheckin" time="112.562"/>
  <system-out/>
</testsuite> <!-- pagesTestCasesYasasiiWeb.Almeswak_FO_ClosedEncounter_TestcaseYW -->
