<?xml version="1.0" encoding="UTF-8"?>
<!-- Generated by org.testng.reporters.JUnitReportReporter -->
<testsuite hostname="KI54" failures="0" tests="2" name="pagesTestCasesYasasiiWeb.SP5_IPhomelLeave_TestCaseYW" time="333.319" errors="0" timestamp="2022-10-27T09:43:11 IST" skipped="0">
  <testcase classname="pagesTestCasesYasasiiWeb.SP5_IPhomelLeave_TestCaseYW" name="patreg" time="55.045"/>
  <system-out/>
  <testcase classname="pagesTestCasesYasasiiWeb.SP5_IPhomelLeave_TestCaseYW" name="homevisit" time="278.274"/>
  <system-out/>
</testsuite> <!-- pagesTestCasesYasasiiWeb.SP5_IPhomelLeave_TestCaseYW -->
