<?xml version="1.0" encoding="UTF-8"?>
<!-- Generated by org.testng.reporters.JUnitReportReporter -->
<testsuite hostname="KI-54" failures="0" tests="2" name="pagesTestCasesYasasiiWeb.Naufar_Investigation_rangemodes_TestcaseYW" time="332.376" errors="0" timestamp="2023-11-15T13:19:17 IST" skipped="0">
  <testcase classname="pagesTestCasesYasasiiWeb.Naufar_Investigation_rangemodes_TestcaseYW" name="encounter_Billing" time="102.191"/>
  <system-out/>
  <testcase classname="pagesTestCasesYasasiiWeb.Naufar_Investigation_rangemodes_TestcaseYW" name="investigation" time="230.185"/>
  <system-out/>
</testsuite> <!-- pagesTestCasesYasasiiWeb.Naufar_Investigation_rangemodes_TestcaseYW -->
