<?xml version="1.0" encoding="UTF-8"?>
<!-- Generated by org.testng.reporters.JUnitReportReporter -->
<testsuite hostname="KI54" failures="0" tests="1" name="pagesTestCasesYasasiiWeb.Almeswak_BlockandFreeze_TestcaseYW" time="353.723" errors="0" timestamp="2023-01-18T11:20:31 IST" skipped="0">
  <testcase classname="pagesTestCasesYasasiiWeb.Almeswak_BlockandFreeze_TestcaseYW" name="AppointmentCheckin" time="353.723"/>
  <system-out/>
</testsuite> <!-- pagesTestCasesYasasiiWeb.Almeswak_BlockandFreeze_TestcaseYW -->
