<?xml version="1.0" encoding="UTF-8"?>
<!-- Generated by org.testng.reporters.JUnitReportReporter -->
<testsuite hostname="KI-54" failures="0" tests="2" name="pagesTestCasesYasasiiWeb.Naufar_EMRhidenote_TeatcaseYW" time="372.740" errors="0" timestamp="2023-11-15T11:19:37 IST" skipped="0">
  <testcase classname="pagesTestCasesYasasiiWeb.Naufar_EMRhidenote_TeatcaseYW" name="Reg" time="63.922"/>
  <system-out/>
  <testcase classname="pagesTestCasesYasasiiWeb.Naufar_EMRhidenote_TeatcaseYW" name="Hidenote" time="308.818"/>
  <system-out/>
</testsuite> <!-- pagesTestCasesYasasiiWeb.Naufar_EMRhidenote_TeatcaseYW -->
