<?xml version="1.0" encoding="UTF-8"?>
<!-- Generated by org.testng.reporters.JUnitReportReporter -->
<testsuite hostname="KI-54" failures="0" tests="2" name="pagesTestCasesYasasiiWeb.KIMS_IncomingServices_DifferentSiteBilling_TestcaseYW" time="382.082" errors="0" timestamp="2024-02-22T15:06:24 IST" skipped="0">
  <testcase classname="pagesTestCasesYasasiiWeb.KIMS_IncomingServices_DifferentSiteBilling_TestcaseYW" name="patreg" time="76.272"/>
  <system-out/>
  <testcase classname="pagesTestCasesYasasiiWeb.KIMS_IncomingServices_DifferentSiteBilling_TestcaseYW" name="doctornote" time="305.810"/>
  <system-out/>
</testsuite> <!-- pagesTestCasesYasasiiWeb.KIMS_IncomingServices_DifferentSiteBilling_TestcaseYW -->
