<?xml version="1.0" encoding="UTF-8"?>
<!-- Generated by org.testng.reporters.JUnitReportReporter -->
<testsuite hostname="KI-54" failures="0" tests="1" name="pagesTestCasesYasasiiWeb.KIMS_PackageBilling_TestcaseYW" time="28.007" errors="0" timestamp="2024-02-22T11:50:59 IST" skipped="0">
  <testcase classname="pagesTestCasesYasasiiWeb.KIMS_PackageBilling_TestcaseYW" name="PackageCreation" time="28.007"/>
  <system-out/>
</testsuite> <!-- pagesTestCasesYasasiiWeb.KIMS_PackageBilling_TestcaseYW -->
