<?xml version="1.0" encoding="UTF-8"?>
<!-- Generated by org.testng.reporters.JUnitReportReporter -->
<testsuite hostname="KI-54" failures="0" tests="1" name="pagesTestCasesYasasiiWeb.Naufar_BlockandFreeze_TestcaseYW" time="387.670" errors="0" timestamp="2023-11-15T11:19:37 IST" skipped="0">
  <testcase classname="pagesTestCasesYasasiiWeb.Naufar_BlockandFreeze_TestcaseYW" name="blockFreeze" time="387.670"/>
  <system-out/>
</testsuite> <!-- pagesTestCasesYasasiiWeb.Naufar_BlockandFreeze_TestcaseYW -->
