<?xml version="1.0" encoding="UTF-8"?>
<!-- Generated by org.testng.reporters.JUnitReportReporter -->
<testsuite hostname="KI-54" failures="0" tests="2" name="pagesTestCasesYasasiiWeb.KIMS_DialysisNote_TestcaseYW" time="228.556" errors="0" timestamp="2024-02-26T16:00:38 IST" skipped="0">
  <testcase classname="pagesTestCasesYasasiiWeb.KIMS_DialysisNote_TestcaseYW" name="PAtreg" time="50.997"/>
  <system-out/>
  <testcase classname="pagesTestCasesYasasiiWeb.KIMS_DialysisNote_TestcaseYW" name="DialysisNote" time="177.559"/>
  <system-out/>
</testsuite> <!-- pagesTestCasesYasasiiWeb.KIMS_DialysisNote_TestcaseYW -->
