<?xml version="1.0" encoding="UTF-8"?>
<!-- Generated by org.testng.reporters.JUnitReportReporter -->
<testsuite hostname="KI54" failures="0" tests="2" name="pagesTestCasesYasasiiWeb.Almeswak_AdjustmentRefund_TestCaseYW" time="126.581" errors="0" timestamp="2023-01-18T10:51:31 IST" skipped="0">
  <testcase classname="pagesTestCasesYasasiiWeb.Almeswak_AdjustmentRefund_TestCaseYW" name="Patreg" time="64.727"/>
  <system-out/>
  <testcase classname="pagesTestCasesYasasiiWeb.Almeswak_AdjustmentRefund_TestCaseYW" name="Adjustment" time="61.854"/>
  <system-out/>
</testsuite> <!-- pagesTestCasesYasasiiWeb.Almeswak_AdjustmentRefund_TestCaseYW -->
