<?xml version="1.0" encoding="UTF-8"?>
<!-- Generated by org.testng.reporters.JUnitReportReporter -->
<testsuite hostname="KI-54" failures="0" tests="1" name="pagesTestCasesYasasiiWeb.Naufar_StockReservation_TestcaseYW" time="125.676" errors="0" timestamp="2023-06-20T15:00:12 IST" skipped="0">
  <testcase classname="pagesTestCasesYasasiiWeb.Naufar_StockReservation_TestcaseYW" name="EMRapp" time="125.676"/>
  <system-out/>
</testsuite> <!-- pagesTestCasesYasasiiWeb.Naufar_StockReservation_TestcaseYW -->
