<?xml version="1.0" encoding="UTF-8"?>
<!-- Generated by org.testng.reporters.JUnitReportReporter -->
<testsuite hostname="KI-54" failures="0" tests="2" name="pagesTestCasesYasasiiWeb.Naufar_AdjustmentRefund_TestcaseYW" time="388.709" errors="0" timestamp="2023-11-15T11:19:37 IST" skipped="0">
  <testcase classname="pagesTestCasesYasasiiWeb.Naufar_AdjustmentRefund_TestcaseYW" name="Reg" time="70.805"/>
  <system-out/>
  <testcase classname="pagesTestCasesYasasiiWeb.Naufar_AdjustmentRefund_TestcaseYW" name="AdjustRefund" time="317.904"/>
  <system-out/>
</testsuite> <!-- pagesTestCasesYasasiiWeb.Naufar_AdjustmentRefund_TestcaseYW -->
