<?xml version="1.0" encoding="UTF-8"?>
<!-- Generated by org.testng.reporters.JUnitReportReporter -->
<testsuite hostname="KI54" failures="0" tests="1" name="pagesTestCasesYasasiiWeb.SP5_genderRestrictionRoom_TestCaseYW" time="113.877" errors="0" timestamp="2022-11-29T14:04:35 IST" skipped="0">
  <testcase classname="pagesTestCasesYasasiiWeb.SP5_genderRestrictionRoom_TestCaseYW" name="genderRestrict" time="113.877"/>
  <system-out/>
</testsuite> <!-- pagesTestCasesYasasiiWeb.SP5_genderRestrictionRoom_TestCaseYW -->
