<?xml version="1.0" encoding="UTF-8"?>
<!-- Generated by org.testng.reporters.JUnitReportReporter -->
<testsuite hostname="KI54" failures="0" tests="1" name="pagesTestCasesYasasiiWeb.Security_PrivilegeViewTestCasesYW" time="32.185" errors="0" timestamp="2022-08-26T11:05:03 IST" skipped="0">
  <testcase classname="pagesTestCasesYasasiiWeb.Security_PrivilegeViewTestCasesYW" name="OPEMR" time="32.185"/>
  <system-out/>
</testsuite> <!-- pagesTestCasesYasasiiWeb.Security_PrivilegeViewTestCasesYW -->
