<?xml version="1.0" encoding="UTF-8"?>
<!-- Generated by org.testng.reporters.JUnitReportReporter -->
<testsuite hostname="KI-54" failures="0" tests="2" name="pagesTestCasesYasasiiWeb.KIMS_Pathology_Cytology_TestCaseYW" time="470.009" errors="0" timestamp="2024-02-22T14:36:11 IST" skipped="0">
  <testcase classname="pagesTestCasesYasasiiWeb.KIMS_Pathology_Cytology_TestCaseYW" name="Pathology" time="82.721"/>
  <system-out/>
  <testcase classname="pagesTestCasesYasasiiWeb.KIMS_Pathology_Cytology_TestCaseYW" name="inestigation" time="387.288"/>
  <system-out/>
</testsuite> <!-- pagesTestCasesYasasiiWeb.KIMS_Pathology_Cytology_TestCaseYW -->
