<?xml version="1.0" encoding="UTF-8"?>
<!-- Generated by org.testng.reporters.JUnitReportReporter -->
<testsuite hostname="KI-54" failures="0" tests="1" name="pagesTestCasesYasasiiWeb.Naufer_priceByUser_TestcaseYW" time="139.200" errors="0" timestamp="2023-11-15T17:29:16 IST" skipped="0">
  <testcase classname="pagesTestCasesYasasiiWeb.Naufer_priceByUser_TestcaseYW" name="pricebyUser" time="139.200"/>
  <system-out/>
</testsuite> <!-- pagesTestCasesYasasiiWeb.Naufer_priceByUser_TestcaseYW -->
