<?xml version="1.0" encoding="UTF-8"?>
<!-- Generated by org.testng.reporters.JUnitReportReporter -->
<testsuite hostname="KI-54" failures="0" tests="2" name="pagesTestCasesYasasiiWeb.KIMS_PanelService_ExternalLab_TestcaseYW" time="385.229" errors="0" timestamp="2024-02-23T17:31:58 IST" skipped="0">
  <testcase classname="pagesTestCasesYasasiiWeb.KIMS_PanelService_ExternalLab_TestcaseYW" name="Patreg" time="65.618"/>
  <system-out/>
  <testcase classname="pagesTestCasesYasasiiWeb.KIMS_PanelService_ExternalLab_TestcaseYW" name="investigation" time="319.611"/>
  <system-out/>
</testsuite> <!-- pagesTestCasesYasasiiWeb.KIMS_PanelService_ExternalLab_TestcaseYW -->
