<?xml version="1.0" encoding="UTF-8"?>
<!-- Generated by org.testng.reporters.JUnitReportReporter -->
<testsuite hostname="KI54" failures="0" tests="1" name="pagesTestCasesYasasiiWeb.SP5_OrdersetFormulatory_testcaseYW" time="138.785" errors="0" timestamp="2022-11-28T12:58:48 IST" skipped="0">
  <testcase classname="pagesTestCasesYasasiiWeb.SP5_OrdersetFormulatory_testcaseYW" name="orderset" time="138.785"/>
  <system-out/>
</testsuite> <!-- pagesTestCasesYasasiiWeb.SP5_OrdersetFormulatory_testcaseYW -->
