<?xml version="1.0" encoding="UTF-8"?>
<!-- Generated by org.testng.reporters.JUnitReportReporter -->
<testsuite hostname="KI-54" failures="0" tests="2" name="pagesTestCasesYasasiiWeb.Naufer_AdvanceRefund_TestcaseYW" time="227.805" errors="0" timestamp="2023-11-15T13:19:17 IST" skipped="0">
  <testcase classname="pagesTestCasesYasasiiWeb.Naufer_AdvanceRefund_TestcaseYW" name="Reg" time="54.021"/>
  <system-out/>
  <testcase classname="pagesTestCasesYasasiiWeb.Naufer_AdvanceRefund_TestcaseYW" name="billCancel" time="173.784"/>
  <system-out/>
</testsuite> <!-- pagesTestCasesYasasiiWeb.Naufer_AdvanceRefund_TestcaseYW -->
