<?xml version="1.0" encoding="UTF-8"?>
<!-- Generated by org.testng.reporters.JUnitReportReporter -->
<testsuite hostname="KI-54" failures="0" tests="2" name="pagesTestCasesYasasiiWeb.KIMS_MergedMRNO_TestcaseYW" time="392.650" errors="0" timestamp="2024-02-22T18:09:06 IST" skipped="0">
  <testcase classname="pagesTestCasesYasasiiWeb.KIMS_MergedMRNO_TestcaseYW" name="merged" time="271.444"/>
  <system-out/>
  <testcase classname="pagesTestCasesYasasiiWeb.KIMS_MergedMRNO_TestcaseYW" name="Reg" time="121.206"/>
  <system-out/>
</testsuite> <!-- pagesTestCasesYasasiiWeb.KIMS_MergedMRNO_TestcaseYW -->
