<?xml version="1.0" encoding="UTF-8"?>
<!-- Generated by org.testng.reporters.JUnitReportReporter -->
<testsuite hostname="KI-54" failures="0" tests="2" name="pagesTestCasesYasasiiWeb.Naufer_BillCancelandRefund_TestCaseYW" time="296.494" errors="0" timestamp="2023-11-15T13:19:17 IST" skipped="0">
  <testcase classname="pagesTestCasesYasasiiWeb.Naufer_BillCancelandRefund_TestCaseYW" name="BirthReg" time="53.005"/>
  <system-out/>
  <testcase classname="pagesTestCasesYasasiiWeb.Naufer_BillCancelandRefund_TestCaseYW" name="billCancel" time="243.489"/>
  <system-out/>
</testsuite> <!-- pagesTestCasesYasasiiWeb.Naufer_BillCancelandRefund_TestCaseYW -->
