<?xml version="1.0" encoding="UTF-8"?>
<!-- Generated by org.testng.reporters.JUnitReportReporter -->
<testsuite hostname="KI-54" failures="0" tests="1" name="pagesTestCasesYasasiiWeb.Naufar_StockTransfer_TestcaseYW" time="232.157" errors="0" timestamp="2023-11-15T16:00:21 IST" skipped="0">
  <testcase classname="pagesTestCasesYasasiiWeb.Naufar_StockTransfer_TestcaseYW" name="inventoryStockReservation" time="232.157"/>
  <system-out/>
</testsuite> <!-- pagesTestCasesYasasiiWeb.Naufar_StockTransfer_TestcaseYW -->
