<?xml version="1.0" encoding="UTF-8"?>
<!-- Generated by org.testng.reporters.JUnitReportReporter -->
<testsuite hostname="KI54" failures="0" tests="1" name="pagesOfYasasiiWeb.SP5_AvailedServices_inPharmacy_yasasiiWeb" time="235.926" errors="0" timestamp="2022-11-11T14:01:49 IST" skipped="0">
  <testcase classname="pagesOfYasasiiWeb.SP5_AvailedServices_inPharmacy_yasasiiWeb" name="Patreg" time="235.926"/>
  <system-out/>
</testsuite> <!-- pagesOfYasasiiWeb.SP5_AvailedServices_inPharmacy_yasasiiWeb -->
