<?xml version="1.0" encoding="UTF-8"?>
<!-- Generated by org.testng.reporters.JUnitReportReporter -->
<testsuite hostname="KI-54" failures="0" tests="2" name="pagesTestCasesYasasiiWeb.KIMS_pathology_FrozenTestcaseYW" time="352.003" errors="0" timestamp="2024-02-26T13:42:12 IST" skipped="0">
  <testcase classname="pagesTestCasesYasasiiWeb.KIMS_pathology_FrozenTestcaseYW" name="Pathology" time="57.357"/>
  <system-out/>
  <testcase classname="pagesTestCasesYasasiiWeb.KIMS_pathology_FrozenTestcaseYW" name="investigation" time="294.646"/>
  <system-out/>
</testsuite> <!-- pagesTestCasesYasasiiWeb.KIMS_pathology_FrozenTestcaseYW -->
