<?xml version="1.0" encoding="UTF-8"?>
<!-- Generated by org.testng.reporters.JUnitReportReporter -->
<testsuite hostname="KI-54" failures="0" tests="2" name="pagesTestCasesYasasiiWeb.Naufar_IPFinalbilling_TestcaseYW" time="546.400" errors="0" timestamp="2023-11-15T15:53:04 IST" skipped="0">
  <testcase classname="pagesTestCasesYasasiiWeb.Naufar_IPFinalbilling_TestcaseYW" name="Reg" time="100.064"/>
  <system-out/>
  <testcase classname="pagesTestCasesYasasiiWeb.Naufar_IPFinalbilling_TestcaseYW" name="finalbilling" time="446.336"/>
  <system-out/>
</testsuite> <!-- pagesTestCasesYasasiiWeb.Naufar_IPFinalbilling_TestcaseYW -->
