<?xml version="1.0" encoding="UTF-8"?>
<!-- Generated by org.testng.reporters.JUnitReportReporter -->
<testsuite hostname="KI-54" failures="0" tests="2" name="pagesTestCasesYasasiiWeb.KIMS_nurseNote_ConsentForm_TestcaseYW" time="343.752" errors="0" timestamp="2024-02-22T15:32:39 IST" skipped="0">
  <testcase classname="pagesTestCasesYasasiiWeb.KIMS_nurseNote_ConsentForm_TestcaseYW" name="Reg" time="67.830"/>
  <system-out/>
  <testcase classname="pagesTestCasesYasasiiWeb.KIMS_nurseNote_ConsentForm_TestcaseYW" name="nursenote" time="275.922"/>
  <system-out/>
</testsuite> <!-- pagesTestCasesYasasiiWeb.KIMS_nurseNote_ConsentForm_TestcaseYW -->
