<?xml version="1.0" encoding="UTF-8"?>
<!-- Generated by org.testng.reporters.JUnitReportReporter -->
<testsuite hostname="KI-54" failures="0" tests="1" name="pagesTestCasesYasasiiWeb.Naufer_ClosedEncounterBilling_TestCaseYW" time="99.758" errors="0" timestamp="2023-11-15T13:19:17 IST" skipped="0">
  <testcase classname="pagesTestCasesYasasiiWeb.Naufer_ClosedEncounterBilling_TestCaseYW" name="closeEncounter" time="99.758"/>
  <system-out/>
</testsuite> <!-- pagesTestCasesYasasiiWeb.Naufer_ClosedEncounterBilling_TestCaseYW -->
