<?xml version="1.0" encoding="UTF-8"?>
<!-- Generated by org.testng.reporters.JUnitReportReporter -->
<testsuite hostname="KI54" failures="0" tests="1" name="pagesTestCasesYasasiiWeb.SP5_BlockAndFreeze_Inappoinment_testcaseYW" time="112.272" errors="0" timestamp="2022-11-04T18:00:07 IST" skipped="0">
  <testcase classname="pagesTestCasesYasasiiWeb.SP5_BlockAndFreeze_Inappoinment_testcaseYW" name="queuemaster" time="112.272"/>
  <system-out/>
</testsuite> <!-- pagesTestCasesYasasiiWeb.SP5_BlockAndFreeze_Inappoinment_testcaseYW -->
