<?xml version="1.0" encoding="UTF-8"?>
<!-- Generated by org.testng.reporters.JUnitReportReporter -->
<testsuite hostname="KI-54" failures="0" tests="2" name="pagesTestCasesYasasiiWeb.Naufar_MDTSummary_TestcaseYW" time="398.769" errors="0" timestamp="2023-11-15T13:19:17 IST" skipped="0">
  <testcase classname="pagesTestCasesYasasiiWeb.Naufar_MDTSummary_TestcaseYW" name="Patreg" time="64.639"/>
  <system-out/>
  <testcase classname="pagesTestCasesYasasiiWeb.Naufar_MDTSummary_TestcaseYW" name="MDT" time="334.130"/>
  <system-out/>
</testsuite> <!-- pagesTestCasesYasasiiWeb.Naufar_MDTSummary_TestcaseYW -->
