<?xml version="1.0" encoding="UTF-8"?>
<!-- Generated by org.testng.reporters.JUnitReportReporter -->
<testsuite hostname="KI-54" failures="0" tests="1" name="pagesTestCasesYasasiiWeb.KIMS_UserCreation_TestcaseYW" time="346.622" errors="0" timestamp="2024-02-26T09:42:48 IST" skipped="0">
  <testcase classname="pagesTestCasesYasasiiWeb.KIMS_UserCreation_TestcaseYW" name="usercreation" time="346.622"/>
  <system-out/>
</testsuite> <!-- pagesTestCasesYasasiiWeb.KIMS_UserCreation_TestcaseYW -->
