<?xml version="1.0" encoding="UTF-8"?>
<!-- Generated by org.testng.reporters.JUnitReportReporter -->
<testsuite hostname="KI-54" failures="0" tests="2" name="pagesTestCasesYasasiiWeb.KIMS_AdvanceRefund_TestcaseYW" time="236.622" errors="0" timestamp="2024-02-22T18:09:06 IST" skipped="0">
  <testcase classname="pagesTestCasesYasasiiWeb.KIMS_AdvanceRefund_TestcaseYW" name="Reg" time="44.589"/>
  <system-out/>
  <testcase classname="pagesTestCasesYasasiiWeb.KIMS_AdvanceRefund_TestcaseYW" name="billCancel" time="192.033"/>
  <system-out/>
</testsuite> <!-- pagesTestCasesYasasiiWeb.KIMS_AdvanceRefund_TestcaseYW -->
