<?xml version="1.0" encoding="UTF-8"?>
<!-- Generated by org.testng.reporters.JUnitReportReporter -->
<testsuite hostname="KI-54" failures="0" tests="1" name="pagesTestCasesYasasiiWeb.KIMS_EMRBlockandFreeze_TestcasesYW" time="165.872" errors="0" timestamp="2024-02-26T10:48:59 IST" skipped="0">
  <testcase classname="pagesTestCasesYasasiiWeb.KIMS_EMRBlockandFreeze_TestcasesYW" name="EMRBlock" time="165.872"/>
  <system-out/>
</testsuite> <!-- pagesTestCasesYasasiiWeb.KIMS_EMRBlockandFreeze_TestcasesYW -->
