<?xml version="1.0" encoding="UTF-8"?>
<!-- Generated by org.testng.reporters.JUnitReportReporter -->
<testsuite hostname="KI54" failures="0" tests="2" name="pagesTestCasesYasasiiWeb.SP5_Mergedpatient_TestcaseYW" time="337.151" errors="0" timestamp="2022-11-19T12:13:42 IST" skipped="0">
  <testcase classname="pagesTestCasesYasasiiWeb.SP5_Mergedpatient_TestcaseYW" name="patreg" time="115.132"/>
  <system-out/>
  <testcase classname="pagesTestCasesYasasiiWeb.SP5_Mergedpatient_TestcaseYW" name="merge" time="222.019"/>
  <system-out/>
</testsuite> <!-- pagesTestCasesYasasiiWeb.SP5_Mergedpatient_TestcaseYW -->
