<?xml version="1.0" encoding="UTF-8"?>
<!-- Generated by org.testng.reporters.JUnitReportReporter -->
<testsuite hostname="KI-54" failures="0" tests="1" name="pagesTestCasesYasasiiWeb.Encounter_TestcaseYW" time="21.644" errors="0" timestamp="2023-11-08T15:41:20 IST" skipped="0">
  <testcase classname="pagesTestCasesYasasiiWeb.Encounter_TestcaseYW" name="encounter" time="21.644"/>
  <system-out/>
</testsuite> <!-- pagesTestCasesYasasiiWeb.Encounter_TestcaseYW -->
