<?xml version="1.0" encoding="UTF-8"?>
<!-- Generated by org.testng.reporters.JUnitReportReporter -->
<testsuite hostname="KI54" failures="0" tests="2" name="pagesTestCasesYasasiiWeb.Almeswak_outsider_patientFlow_TestCaseYW" time="111.365" errors="0" timestamp="2023-01-18T11:20:32 IST" skipped="0">
  <testcase classname="pagesTestCasesYasasiiWeb.Almeswak_outsider_patientFlow_TestCaseYW" name="patreg" time="28.385"/>
  <system-out/>
  <testcase classname="pagesTestCasesYasasiiWeb.Almeswak_outsider_patientFlow_TestCaseYW" name="merged" time="82.980"/>
  <system-out/>
</testsuite> <!-- pagesTestCasesYasasiiWeb.Almeswak_outsider_patientFlow_TestCaseYW -->
