<?xml version="1.0" encoding="UTF-8"?>
<!-- Generated by org.testng.reporters.JUnitReportReporter -->
<testsuite hostname="KI-54" failures="0" tests="2" name="pagesTestCasesYasasiiWeb.KIMS_IPFinalbilling_TestcaseYW" time="634.234" errors="0" timestamp="2024-02-22T18:09:06 IST" skipped="0">
  <testcase classname="pagesTestCasesYasasiiWeb.KIMS_IPFinalbilling_TestcaseYW" name="Reg" time="93.005"/>
  <system-out/>
  <testcase classname="pagesTestCasesYasasiiWeb.KIMS_IPFinalbilling_TestcaseYW" name="finalbilling" time="541.229"/>
  <system-out/>
</testsuite> <!-- pagesTestCasesYasasiiWeb.KIMS_IPFinalbilling_TestcaseYW -->
