<?xml version="1.0" encoding="UTF-8"?>
<!-- Generated by org.testng.reporters.JUnitReportReporter -->
<testsuite hostname="KI-54" failures="0" tests="1" name="pagesTestCasesYasasiiWeb.KIMS_ClosedEncounterBilling_TestCaseYW" time="91.069" errors="0" timestamp="2024-02-26T13:42:12 IST" skipped="0">
  <testcase classname="pagesTestCasesYasasiiWeb.KIMS_ClosedEncounterBilling_TestCaseYW" name="closeEncounter" time="91.069"/>
  <system-out/>
</testsuite> <!-- pagesTestCasesYasasiiWeb.KIMS_ClosedEncounterBilling_TestCaseYW -->
