<?xml version="1.0" encoding="UTF-8"?>
<!-- Generated by org.testng.reporters.JUnitReportReporter -->
<testsuite hostname="KI54" failures="0" tests="2" name="pagesTestCasesYasasiiWeb.EnhancedERWorkflow_TestCaseYW" time="263.209" errors="0" timestamp="2022-09-03T13:38:31 IST" skipped="0">
  <testcase classname="pagesTestCasesYasasiiWeb.EnhancedERWorkflow_TestCaseYW" name="cpoeADMNSTN" time="52.735"/>
  <system-out/>
  <testcase classname="pagesTestCasesYasasiiWeb.EnhancedERWorkflow_TestCaseYW" name="doctor" time="210.474"/>
  <system-out/>
</testsuite> <!-- pagesTestCasesYasasiiWeb.EnhancedERWorkflow_TestCaseYW -->
