<?xml version="1.0" encoding="UTF-8"?>
<!-- Generated by org.testng.reporters.JUnitReportReporter -->
<testsuite hostname="KI54" failures="0" tests="2" name="pagesTestCasesYasasiiWeb.Almeswak_BillCancelandRefund_TestCaseYW" time="298.562" errors="0" timestamp="2023-01-18T10:51:31 IST" skipped="0">
  <testcase classname="pagesTestCasesYasasiiWeb.Almeswak_BillCancelandRefund_TestCaseYW" name="Patreg" time="62.521"/>
  <system-out/>
  <testcase classname="pagesTestCasesYasasiiWeb.Almeswak_BillCancelandRefund_TestCaseYW" name="AdjustmentApply" time="236.041"/>
  <system-out/>
</testsuite> <!-- pagesTestCasesYasasiiWeb.Almeswak_BillCancelandRefund_TestCaseYW -->
