<?xml version="1.0" encoding="UTF-8"?>
<!-- Generated by org.testng.reporters.JUnitReportReporter -->
<testsuite hostname="KI-54" failures="0" tests="2" name="pagesTestCasesYasasiiWeb.Naufer_PharmacyBilling_RecomennedDose_Substitute_TestcaseYW" time="386.586" errors="0" timestamp="2023-11-15T17:29:16 IST" skipped="0">
  <testcase classname="pagesTestCasesYasasiiWeb.Naufer_PharmacyBilling_RecomennedDose_Substitute_TestcaseYW" name="Reg" time="92.511"/>
  <system-out/>
  <testcase classname="pagesTestCasesYasasiiWeb.Naufer_PharmacyBilling_RecomennedDose_Substitute_TestcaseYW" name="AdjustRefund" time="294.075"/>
  <system-out/>
</testsuite> <!-- pagesTestCasesYasasiiWeb.Naufer_PharmacyBilling_RecomennedDose_Substitute_TestcaseYW -->
