<?xml version="1.0" encoding="UTF-8"?>
<!-- Generated by org.testng.reporters.JUnitReportReporter -->
<testsuite hostname="KI-54" failures="0" tests="2" name="pagesTestCasesYasasiiWeb.KIMS_Diagnosis_LogView_testcaseYW" time="182.028" errors="0" timestamp="2024-02-22T18:09:06 IST" skipped="0">
  <testcase classname="pagesTestCasesYasasiiWeb.KIMS_Diagnosis_LogView_testcaseYW" name="Reg" time="54.196"/>
  <system-out/>
  <testcase classname="pagesTestCasesYasasiiWeb.KIMS_Diagnosis_LogView_testcaseYW" name="Hidenote" time="127.832"/>
  <system-out/>
</testsuite> <!-- pagesTestCasesYasasiiWeb.KIMS_Diagnosis_LogView_testcaseYW -->
