<?xml version="1.0" encoding="UTF-8"?>
<!-- Generated by org.testng.reporters.JUnitReportReporter -->
<testsuite hostname="KI-54" failures="0" tests="2" name="pagesTestCasesYasasiiWeb.Naufar_CpoePendingOrder_Billing_TestcaseYW" time="312.143" errors="0" timestamp="2023-11-15T11:19:37 IST" skipped="0">
  <testcase classname="pagesTestCasesYasasiiWeb.Naufar_CpoePendingOrder_Billing_TestcaseYW" name="PatientReg" time="71.947"/>
  <system-out/>
  <testcase classname="pagesTestCasesYasasiiWeb.Naufar_CpoePendingOrder_Billing_TestcaseYW" name="CpoePending" time="240.196"/>
  <system-out/>
</testsuite> <!-- pagesTestCasesYasasiiWeb.Naufar_CpoePendingOrder_Billing_TestcaseYW -->
