<?xml version="1.0" encoding="UTF-8"?>
<!-- Generated by org.testng.reporters.JUnitReportReporter -->
<testsuite hostname="KI-54" failures="0" tests="1" name="pagesTestCasesYasasiiWeb.Naufar_Diagnosis_initialMedical_testcaseYW" time="282.498" errors="0" timestamp="2023-11-15T11:42:21 IST" skipped="0">
  <testcase classname="pagesTestCasesYasasiiWeb.Naufar_Diagnosis_initialMedical_testcaseYW" name="Hidenote" time="282.498"/>
  <system-out/>
</testsuite> <!-- pagesTestCasesYasasiiWeb.Naufar_Diagnosis_initialMedical_testcaseYW -->
