<?xml version="1.0" encoding="UTF-8"?>
<!-- Generated by org.testng.reporters.JUnitReportReporter -->
<testsuite hostname="KI-54" failures="0" tests="2" name="pagesTestCasesYasasiiWeb.KIMS_AppointmentFuture_Testcase" time="163.326" errors="0" timestamp="2024-02-26T10:55:23 IST" skipped="0">
  <testcase classname="pagesTestCasesYasasiiWeb.KIMS_AppointmentFuture_Testcase" name="AppFuture" time="44.846"/>
  <system-out/>
  <testcase classname="pagesTestCasesYasasiiWeb.KIMS_AppointmentFuture_Testcase" name="AppFuture1" time="118.480"/>
  <system-out/>
</testsuite> <!-- pagesTestCasesYasasiiWeb.KIMS_AppointmentFuture_Testcase -->
