<?xml version="1.0" encoding="UTF-8"?>
<!-- Generated by org.testng.reporters.JUnitReportReporter -->
<testsuite hostname="KI-54" failures="0" tests="2" name="pagesTestCasesYasasiiWeb.Naufer_nurseNote_ConsentForm_TestcaseYW" time="277.681" errors="0" timestamp="2023-11-15T17:29:16 IST" skipped="0">
  <testcase classname="pagesTestCasesYasasiiWeb.Naufer_nurseNote_ConsentForm_TestcaseYW" name="Reg" time="73.798"/>
  <system-out/>
  <testcase classname="pagesTestCasesYasasiiWeb.Naufer_nurseNote_ConsentForm_TestcaseYW" name="nursenote" time="203.883"/>
  <system-out/>
</testsuite> <!-- pagesTestCasesYasasiiWeb.Naufer_nurseNote_ConsentForm_TestcaseYW -->
