<?xml version="1.0" encoding="UTF-8"?>
<!-- Generated by org.testng.reporters.JUnitReportReporter -->
<testsuite hostname="KI54" failures="0" tests="1" name="pagesTestCasesYasasiiWeb.FO_SingleBill_MultipleServices_TestCases_YW" time="43.545" errors="0" timestamp="2022-09-03T12:41:19 IST" skipped="0">
  <testcase classname="pagesTestCasesYasasiiWeb.FO_SingleBill_MultipleServices_TestCases_YW" name="singleBill" time="43.545"/>
  <system-out/>
</testsuite> <!-- pagesTestCasesYasasiiWeb.FO_SingleBill_MultipleServices_TestCases_YW -->
