<?xml version="1.0" encoding="UTF-8"?>
<!-- Generated by org.testng.reporters.JUnitReportReporter -->
<testsuite hostname="KI-54" failures="0" tests="2" name="pagesTestCasesYasasiiWeb.Naufar_MergedMRNO_TestcaseYW" time="465.980" errors="0" timestamp="2023-11-15T13:19:17 IST" skipped="0">
  <testcase classname="pagesTestCasesYasasiiWeb.Naufar_MergedMRNO_TestcaseYW" name="merged" time="320.094"/>
  <system-out/>
  <testcase classname="pagesTestCasesYasasiiWeb.Naufar_MergedMRNO_TestcaseYW" name="Reg" time="145.886"/>
  <system-out/>
</testsuite> <!-- pagesTestCasesYasasiiWeb.Naufar_MergedMRNO_TestcaseYW -->
