<?xml version="1.0" encoding="UTF-8"?>
<!-- Generated by org.testng.reporters.JUnitReportReporter -->
<testsuite hostname="KI-54" failures="0" tests="2" name="pagesTestCasesYasasiiWeb.Naufer_FO_ADTactivities_TestcaseYW" time="536.846" errors="0" timestamp="2023-11-15T17:29:16 IST" skipped="0">
  <testcase classname="pagesTestCasesYasasiiWeb.Naufer_FO_ADTactivities_TestcaseYW" name="BirthReg" time="152.910"/>
  <system-out/>
  <testcase classname="pagesTestCasesYasasiiWeb.Naufer_FO_ADTactivities_TestcaseYW" name="EMRtransfer" time="383.936"/>
  <system-out/>
</testsuite> <!-- pagesTestCasesYasasiiWeb.Naufer_FO_ADTactivities_TestcaseYW -->
