<?xml version="1.0" encoding="UTF-8"?>
<!-- Generated by org.testng.reporters.JUnitReportReporter -->
<testsuite hostname="KI-54" failures="0" tests="2" name="pagesTestCasesYasasiiWeb.KIMS_Inventory_TestcaseYW" time="427.996" errors="0" timestamp="2024-02-26T13:42:12 IST" skipped="0">
  <testcase classname="pagesTestCasesYasasiiWeb.KIMS_Inventory_TestcaseYW" name="inventory" time="336.002"/>
  <system-out/>
  <testcase classname="pagesTestCasesYasasiiWeb.KIMS_Inventory_TestcaseYW" name="closedIndent" time="91.994"/>
  <system-out/>
</testsuite> <!-- pagesTestCasesYasasiiWeb.KIMS_Inventory_TestcaseYW -->
