<?xml version="1.0" encoding="UTF-8"?>
<!-- Generated by org.testng.reporters.JUnitReportReporter -->
<testsuite hostname="KI-54" failures="0" tests="915" name="pagesTestCasesYasasiiWeb.KIMS_ADTSave_TestcaseYW" time="6.201" errors="2" timestamp="2024-02-19T11:01:11 IST" skipped="913">
  <testcase classname="pagesTestCasesYasasiiWeb.KIMS_ADTSave_TestcaseYW" name="Reg" time="0.000">
    <skipped/>
  </testcase> <!-- Reg -->
  <system-out/>
  <testcase classname="pagesTestCasesYasasiiWeb.KIMS_ADTSave_TestcaseYW" name="Reg" time="0.000">
    <skipped/>
  </testcase> <!-- Reg -->
  <system-out/>
  <testcase classname="pagesTestCasesYasasiiWeb.KIMS_ADTSave_TestcaseYW" name="Reg" time="0.000">
    <skipped/>
  </testcase> <!-- Reg -->
  <system-out/>
  <testcase classname="pagesTestCasesYasasiiWeb.KIMS_ADTSave_TestcaseYW" name="Reg" time="0.000">
    <skipped/>
  </testcase> <!-- Reg -->
  <system-out/>
  <testcase classname="pagesTestCasesYasasiiWeb.KIMS_ADTSave_TestcaseYW" name="Reg" time="0.000">
    <skipped/>
  </testcase> <!-- Reg -->
  <system-out/>
  <testcase classname="pagesTestCasesYasasiiWeb.KIMS_ADTSave_TestcaseYW" name="Reg" time="0.000">
    <skipped/>
  </testcase> <!-- Reg -->
  <system-out/>
  <testcase classname="pagesTestCasesYasasiiWeb.KIMS_ADTSave_TestcaseYW" name="Reg" time="0.000">
    <skipped/>
  </testcase> <!-- Reg -->
  <system-out/>
  <testcase classname="pagesTestCasesYasasiiWeb.KIMS_ADTSave_TestcaseYW" name="Reg" time="0.000">
    <skipped/>
  </testcase> <!-- Reg -->
  <system-out/>
  <testcase classname="pagesTestCasesYasasiiWeb.KIMS_ADTSave_TestcaseYW" name="Reg" time="0.000">
    <skipped/>
  </testcase> <!-- Reg -->
  <system-out/>
  <testcase classname="pagesTestCasesYasasiiWeb.KIMS_ADTSave_TestcaseYW" name="Reg" time="0.000">
    <skipped/>
  </testcase> <!-- Reg -->
  <system-out/>
  <testcase classname="pagesTestCasesYasasiiWeb.KIMS_ADTSave_TestcaseYW" name="Reg" time="0.000">
    <skipped/>
  </testcase> <!-- Reg -->
  <system-out/>
  <testcase classname="pagesTestCasesYasasiiWeb.KIMS_ADTSave_TestcaseYW" name="Reg" time="0.000">
    <skipped/>
  </testcase> <!-- Reg -->
  <system-out/>
  <testcase classname="pagesTestCasesYasasiiWeb.KIMS_ADTSave_TestcaseYW" name="Reg" time="0.000">
    <skipped/>
  </testcase> <!-- Reg -->
  <system-out/>
  <testcase classname="pagesTestCasesYasasiiWeb.KIMS_ADTSave_TestcaseYW" name="Reg" time="0.000">
    <skipped/>
  </testcase> <!-- Reg -->
  <system-out/>
  <testcase classname="pagesTestCasesYasasiiWeb.KIMS_ADTSave_TestcaseYW" name="Reg" time="0.000">
    <skipped/>
  </testcase> <!-- Reg -->
  <system-out/>
  <testcase classname="pagesTestCasesYasasiiWeb.KIMS_ADTSave_TestcaseYW" name="Reg" time="0.000">
    <skipped/>
  </testcase> <!-- Reg -->
  <system-out/>
  <testcase classname="pagesTestCasesYasasiiWeb.KIMS_ADTSave_TestcaseYW" name="Reg" time="0.000">
    <skipped/>
  </testcase> <!-- Reg -->
  <system-out/>
  <testcase classname="pagesTestCasesYasasiiWeb.KIMS_ADTSave_TestcaseYW" name="Reg" time="0.000">
    <skipped/>
  </testcase> <!-- Reg -->
  <system-out/>
  <testcase classname="pagesTestCasesYasasiiWeb.KIMS_ADTSave_TestcaseYW" name="Reg" time="0.000">
    <skipped/>
  </testcase> <!-- Reg -->
  <system-out/>
  <testcase classname="pagesTestCasesYasasiiWeb.KIMS_ADTSave_TestcaseYW" name="Reg" time="0.000">
    <skipped/>
  </testcase> <!-- Reg -->
  <system-out/>
  <testcase classname="pagesTestCasesYasasiiWeb.KIMS_ADTSave_TestcaseYW" name="Reg" time="0.000">
    <skipped/>
  </testcase> <!-- Reg -->
  <system-out/>
  <testcase classname="pagesTestCasesYasasiiWeb.KIMS_ADTSave_TestcaseYW" name="Reg" time="0.000">
    <skipped/>
  </testcase> <!-- Reg -->
  <system-out/>
  <testcase classname="pagesTestCasesYasasiiWeb.KIMS_ADTSave_TestcaseYW" name="Reg" time="0.000">
    <skipped/>
  </testcase> <!-- Reg -->
  <system-out/>
  <testcase classname="pagesTestCasesYasasiiWeb.KIMS_ADTSave_TestcaseYW" name="Reg" time="0.000">
    <skipped/>
  </testcase> <!-- Reg -->
  <system-out/>
  <testcase classname="pagesTestCasesYasasiiWeb.KIMS_ADTSave_TestcaseYW" name="Reg" time="0.000">
    <skipped/>
  </testcase> <!-- Reg -->
  <system-out/>
  <testcase classname="pagesTestCasesYasasiiWeb.KIMS_ADTSave_TestcaseYW" name="Reg" time="0.000">
    <skipped/>
  </testcase> <!-- Reg -->
  <system-out/>
  <testcase classname="pagesTestCasesYasasiiWeb.KIMS_ADTSave_TestcaseYW" name="Reg" time="0.000">
    <skipped/>
  </testcase> <!-- Reg -->
  <system-out/>
  <testcase classname="pagesTestCasesYasasiiWeb.KIMS_ADTSave_TestcaseYW" name="Reg" time="0.000">
    <skipped/>
  </testcase> <!-- Reg -->
  <system-out/>
  <testcase classname="pagesTestCasesYasasiiWeb.KIMS_ADTSave_TestcaseYW" name="Reg" time="0.000">
    <skipped/>
  </testcase> <!-- Reg -->
  <system-out/>
  <testcase classname="pagesTestCasesYasasiiWeb.KIMS_ADTSave_TestcaseYW" name="Reg" time="0.000">
    <skipped/>
  </testcase> <!-- Reg -->
  <system-out/>
  <testcase classname="pagesTestCasesYasasiiWeb.KIMS_ADTSave_TestcaseYW" name="Reg" time="0.000">
    <skipped/>
  </testcase> <!-- Reg -->
  <system-out/>
  <testcase classname="pagesTestCasesYasasiiWeb.KIMS_ADTSave_TestcaseYW" name="Reg" time="0.000">
    <skipped/>
  </testcase> <!-- Reg -->
  <system-out/>
  <testcase classname="pagesTestCasesYasasiiWeb.KIMS_ADTSave_TestcaseYW" name="Reg" time="0.000">
    <skipped/>
  </testcase> <!-- Reg -->
  <system-out/>
  <testcase classname="pagesTestCasesYasasiiWeb.KIMS_ADTSave_TestcaseYW" name="Reg" time="0.000">
    <skipped/>
  </testcase> <!-- Reg -->
  <system-out/>
  <testcase classname="pagesTestCasesYasasiiWeb.KIMS_ADTSave_TestcaseYW" name="Reg" time="0.000">
    <skipped/>
  </testcase> <!-- Reg -->
  <system-out/>
  <testcase classname="pagesTestCasesYasasiiWeb.KIMS_ADTSave_TestcaseYW" name="Reg" time="0.000">
    <skipped/>
  </testcase> <!-- Reg -->
  <system-out/>
  <testcase classname="pagesTestCasesYasasiiWeb.KIMS_ADTSave_TestcaseYW" name="Reg" time="0.000">
    <skipped/>
  </testcase> <!-- Reg -->
  <system-out/>
  <testcase classname="pagesTestCasesYasasiiWeb.KIMS_ADTSave_TestcaseYW" name="Reg" time="0.000">
    <skipped/>
  </testcase> <!-- Reg -->
  <system-out/>
  <testcase classname="pagesTestCasesYasasiiWeb.KIMS_ADTSave_TestcaseYW" name="Reg" time="0.000">
    <skipped/>
  </testcase> <!-- Reg -->
  <system-out/>
  <testcase classname="pagesTestCasesYasasiiWeb.KIMS_ADTSave_TestcaseYW" name="Reg" time="0.000">
    <skipped/>
  </testcase> <!-- Reg -->
  <system-out/>
  <testcase classname="pagesTestCasesYasasiiWeb.KIMS_ADTSave_TestcaseYW" name="Reg" time="0.000">
    <skipped/>
  </testcase> <!-- Reg -->
  <system-out/>
  <testcase classname="pagesTestCasesYasasiiWeb.KIMS_ADTSave_TestcaseYW" name="Reg" time="0.000">
    <skipped/>
  </testcase> <!-- Reg -->
  <system-out/>
  <testcase classname="pagesTestCasesYasasiiWeb.KIMS_ADTSave_TestcaseYW" name="Reg" time="0.000">
    <skipped/>
  </testcase> <!-- Reg -->
  <system-out/>
  <testcase classname="pagesTestCasesYasasiiWeb.KIMS_ADTSave_TestcaseYW" name="Reg" time="0.000">
    <skipped/>
  </testcase> <!-- Reg -->
  <system-out/>
  <testcase classname="pagesTestCasesYasasiiWeb.KIMS_ADTSave_TestcaseYW" name="Reg" time="0.000">
    <skipped/>
  </testcase> <!-- Reg -->
  <system-out/>
  <testcase classname="pagesTestCasesYasasiiWeb.KIMS_ADTSave_TestcaseYW" name="Reg" time="0.000">
    <skipped/>
  </testcase> <!-- Reg -->
  <system-out/>
  <testcase classname="pagesTestCasesYasasiiWeb.KIMS_ADTSave_TestcaseYW" name="Reg" time="0.000">
    <skipped/>
  </testcase> <!-- Reg -->
  <system-out/>
  <testcase classname="pagesTestCasesYasasiiWeb.KIMS_ADTSave_TestcaseYW" name="Reg" time="0.000">
    <skipped/>
  </testcase> <!-- Reg -->
  <system-out/>
  <testcase classname="pagesTestCasesYasasiiWeb.KIMS_ADTSave_TestcaseYW" name="Reg" time="0.000">
    <skipped/>
  </testcase> <!-- Reg -->
  <system-out/>
  <testcase classname="pagesTestCasesYasasiiWeb.KIMS_ADTSave_TestcaseYW" name="Reg" time="0.000">
    <skipped/>
  </testcase> <!-- Reg -->
  <system-out/>
  <testcase classname="pagesTestCasesYasasiiWeb.KIMS_ADTSave_TestcaseYW" name="Reg" time="0.000">
    <skipped/>
  </testcase> <!-- Reg -->
  <system-out/>
  <testcase classname="pagesTestCasesYasasiiWeb.KIMS_ADTSave_TestcaseYW" name="Reg" time="0.000">
    <skipped/>
  </testcase> <!-- Reg -->
  <system-out/>
  <testcase classname="pagesTestCasesYasasiiWeb.KIMS_ADTSave_TestcaseYW" name="Reg" time="0.000">
    <skipped/>
  </testcase> <!-- Reg -->
  <system-out/>
  <testcase classname="pagesTestCasesYasasiiWeb.KIMS_ADTSave_TestcaseYW" name="Reg" time="0.000">
    <skipped/>
  </testcase> <!-- Reg -->
  <system-out/>
  <testcase classname="pagesTestCasesYasasiiWeb.KIMS_ADTSave_TestcaseYW" name="Reg" time="0.000">
    <skipped/>
  </testcase> <!-- Reg -->
  <system-out/>
  <testcase classname="pagesTestCasesYasasiiWeb.KIMS_ADTSave_TestcaseYW" name="Reg" time="0.000">
    <skipped/>
  </testcase> <!-- Reg -->
  <system-out/>
  <testcase classname="pagesTestCasesYasasiiWeb.KIMS_ADTSave_TestcaseYW" name="Reg" time="0.000">
    <skipped/>
  </testcase> <!-- Reg -->
  <system-out/>
  <testcase classname="pagesTestCasesYasasiiWeb.KIMS_ADTSave_TestcaseYW" name="Reg" time="0.000">
    <skipped/>
  </testcase> <!-- Reg -->
  <system-out/>
  <testcase classname="pagesTestCasesYasasiiWeb.KIMS_ADTSave_TestcaseYW" name="Reg" time="0.000">
    <skipped/>
  </testcase> <!-- Reg -->
  <system-out/>
  <testcase classname="pagesTestCasesYasasiiWeb.KIMS_ADTSave_TestcaseYW" name="Reg" time="0.000">
    <skipped/>
  </testcase> <!-- Reg -->
  <system-out/>
  <testcase classname="pagesTestCasesYasasiiWeb.KIMS_ADTSave_TestcaseYW" name="Reg" time="0.000">
    <skipped/>
  </testcase> <!-- Reg -->
  <system-out/>
  <testcase classname="pagesTestCasesYasasiiWeb.KIMS_ADTSave_TestcaseYW" name="Reg" time="0.000">
    <skipped/>
  </testcase> <!-- Reg -->
  <system-out/>
  <testcase classname="pagesTestCasesYasasiiWeb.KIMS_ADTSave_TestcaseYW" name="Reg" time="0.000">
    <skipped/>
  </testcase> <!-- Reg -->
  <system-out/>
  <testcase classname="pagesTestCasesYasasiiWeb.KIMS_ADTSave_TestcaseYW" name="Reg" time="0.000">
    <skipped/>
  </testcase> <!-- Reg -->
  <system-out/>
  <testcase classname="pagesTestCasesYasasiiWeb.KIMS_ADTSave_TestcaseYW" name="Reg" time="0.000">
    <skipped/>
  </testcase> <!-- Reg -->
  <system-out/>
  <testcase classname="pagesTestCasesYasasiiWeb.KIMS_ADTSave_TestcaseYW" name="Reg" time="0.000">
    <skipped/>
  </testcase> <!-- Reg -->
  <system-out/>
  <testcase classname="pagesTestCasesYasasiiWeb.KIMS_ADTSave_TestcaseYW" name="Reg" time="0.000">
    <skipped/>
  </testcase> <!-- Reg -->
  <system-out/>
  <testcase classname="pagesTestCasesYasasiiWeb.KIMS_ADTSave_TestcaseYW" name="Reg" time="0.000">
    <skipped/>
  </testcase> <!-- Reg -->
  <system-out/>
  <testcase classname="pagesTestCasesYasasiiWeb.KIMS_ADTSave_TestcaseYW" name="Reg" time="0.000">
    <skipped/>
  </testcase> <!-- Reg -->
  <system-out/>
  <testcase classname="pagesTestCasesYasasiiWeb.KIMS_ADTSave_TestcaseYW" name="Reg" time="0.000">
    <skipped/>
  </testcase> <!-- Reg -->
  <system-out/>
  <testcase classname="pagesTestCasesYasasiiWeb.KIMS_ADTSave_TestcaseYW" name="Reg" time="0.000">
    <skipped/>
  </testcase> <!-- Reg -->
  <system-out/>
  <testcase classname="pagesTestCasesYasasiiWeb.KIMS_ADTSave_TestcaseYW" name="Reg" time="0.000">
    <skipped/>
  </testcase> <!-- Reg -->
  <system-out/>
  <testcase classname="pagesTestCasesYasasiiWeb.KIMS_ADTSave_TestcaseYW" name="Reg" time="0.000">
    <skipped/>
  </testcase> <!-- Reg -->
  <system-out/>
  <testcase classname="pagesTestCasesYasasiiWeb.KIMS_ADTSave_TestcaseYW" name="Reg" time="0.000">
    <skipped/>
  </testcase> <!-- Reg -->
  <system-out/>
  <testcase classname="pagesTestCasesYasasiiWeb.KIMS_ADTSave_TestcaseYW" name="Reg" time="0.000">
    <skipped/>
  </testcase> <!-- Reg -->
  <system-out/>
  <testcase classname="pagesTestCasesYasasiiWeb.KIMS_ADTSave_TestcaseYW" name="Reg" time="0.000">
    <skipped/>
  </testcase> <!-- Reg -->
  <system-out/>
  <testcase classname="pagesTestCasesYasasiiWeb.KIMS_ADTSave_TestcaseYW" name="Reg" time="0.000">
    <skipped/>
  </testcase> <!-- Reg -->
  <system-out/>
  <testcase classname="pagesTestCasesYasasiiWeb.KIMS_ADTSave_TestcaseYW" name="Reg" time="0.000">
    <skipped/>
  </testcase> <!-- Reg -->
  <system-out/>
  <testcase classname="pagesTestCasesYasasiiWeb.KIMS_ADTSave_TestcaseYW" name="Reg" time="0.000">
    <skipped/>
  </testcase> <!-- Reg -->
  <system-out/>
  <testcase classname="pagesTestCasesYasasiiWeb.KIMS_ADTSave_TestcaseYW" name="Reg" time="0.000">
    <skipped/>
  </testcase> <!-- Reg -->
  <system-out/>
  <testcase classname="pagesTestCasesYasasiiWeb.KIMS_ADTSave_TestcaseYW" name="Reg" time="0.000">
    <skipped/>
  </testcase> <!-- Reg -->
  <system-out/>
  <testcase classname="pagesTestCasesYasasiiWeb.KIMS_ADTSave_TestcaseYW" name="Reg" time="0.000">
    <skipped/>
  </testcase> <!-- Reg -->
  <system-out/>
  <testcase classname="pagesTestCasesYasasiiWeb.KIMS_ADTSave_TestcaseYW" name="Reg" time="0.000">
    <skipped/>
  </testcase> <!-- Reg -->
  <system-out/>
  <testcase classname="pagesTestCasesYasasiiWeb.KIMS_ADTSave_TestcaseYW" name="Reg" time="0.000">
    <skipped/>
  </testcase> <!-- Reg -->
  <system-out/>
  <testcase classname="pagesTestCasesYasasiiWeb.KIMS_ADTSave_TestcaseYW" name="Reg" time="0.000">
    <skipped/>
  </testcase> <!-- Reg -->
  <system-out/>
  <testcase classname="pagesTestCasesYasasiiWeb.KIMS_ADTSave_TestcaseYW" name="Reg" time="0.000">
    <skipped/>
  </testcase> <!-- Reg -->
  <system-out/>
  <testcase classname="pagesTestCasesYasasiiWeb.KIMS_ADTSave_TestcaseYW" name="Reg" time="0.000">
    <skipped/>
  </testcase> <!-- Reg -->
  <system-out/>
  <testcase classname="pagesTestCasesYasasiiWeb.KIMS_ADTSave_TestcaseYW" name="Reg" time="0.000">
    <skipped/>
  </testcase> <!-- Reg -->
  <system-out/>
  <testcase classname="pagesTestCasesYasasiiWeb.KIMS_ADTSave_TestcaseYW" name="Reg" time="0.000">
    <skipped/>
  </testcase> <!-- Reg -->
  <system-out/>
  <testcase classname="pagesTestCasesYasasiiWeb.KIMS_ADTSave_TestcaseYW" name="Reg" time="0.000">
    <skipped/>
  </testcase> <!-- Reg -->
  <system-out/>
  <testcase classname="pagesTestCasesYasasiiWeb.KIMS_ADTSave_TestcaseYW" name="Reg" time="0.000">
    <skipped/>
  </testcase> <!-- Reg -->
  <system-out/>
  <testcase classname="pagesTestCasesYasasiiWeb.KIMS_ADTSave_TestcaseYW" name="Reg" time="0.000">
    <skipped/>
  </testcase> <!-- Reg -->
  <system-out/>
  <testcase classname="pagesTestCasesYasasiiWeb.KIMS_ADTSave_TestcaseYW" name="Reg" time="0.000">
    <skipped/>
  </testcase> <!-- Reg -->
  <system-out/>
  <testcase classname="pagesTestCasesYasasiiWeb.KIMS_ADTSave_TestcaseYW" name="Reg" time="0.000">
    <skipped/>
  </testcase> <!-- Reg -->
  <system-out/>
  <testcase classname="pagesTestCasesYasasiiWeb.KIMS_ADTSave_TestcaseYW" name="Reg" time="0.000">
    <skipped/>
  </testcase> <!-- Reg -->
  <system-out/>
  <testcase classname="pagesTestCasesYasasiiWeb.KIMS_ADTSave_TestcaseYW" name="Reg" time="0.000">
    <skipped/>
  </testcase> <!-- Reg -->
  <system-out/>
  <testcase classname="pagesTestCasesYasasiiWeb.KIMS_ADTSave_TestcaseYW" name="Reg" time="0.000">
    <skipped/>
  </testcase> <!-- Reg -->
  <system-out/>
  <testcase classname="pagesTestCasesYasasiiWeb.KIMS_ADTSave_TestcaseYW" name="Reg" time="0.000">
    <skipped/>
  </testcase> <!-- Reg -->
  <system-out/>
  <testcase classname="pagesTestCasesYasasiiWeb.KIMS_ADTSave_TestcaseYW" name="Reg" time="0.000">
    <skipped/>
  </testcase> <!-- Reg -->
  <system-out/>
  <testcase classname="pagesTestCasesYasasiiWeb.KIMS_ADTSave_TestcaseYW" name="Reg" time="0.000">
    <skipped/>
  </testcase> <!-- Reg -->
  <system-out/>
  <testcase classname="pagesTestCasesYasasiiWeb.KIMS_ADTSave_TestcaseYW" name="Reg" time="0.000">
    <skipped/>
  </testcase> <!-- Reg -->
  <system-out/>
  <testcase classname="pagesTestCasesYasasiiWeb.KIMS_ADTSave_TestcaseYW" name="Reg" time="0.000">
    <skipped/>
  </testcase> <!-- Reg -->
  <system-out/>
  <testcase classname="pagesTestCasesYasasiiWeb.KIMS_ADTSave_TestcaseYW" name="Reg" time="0.000">
    <skipped/>
  </testcase> <!-- Reg -->
  <system-out/>
  <testcase classname="pagesTestCasesYasasiiWeb.KIMS_ADTSave_TestcaseYW" name="Reg" time="0.000">
    <skipped/>
  </testcase> <!-- Reg -->
  <system-out/>
  <testcase classname="pagesTestCasesYasasiiWeb.KIMS_ADTSave_TestcaseYW" name="Reg" time="0.000">
    <skipped/>
  </testcase> <!-- Reg -->
  <system-out/>
  <testcase classname="pagesTestCasesYasasiiWeb.KIMS_ADTSave_TestcaseYW" name="Reg" time="0.000">
    <skipped/>
  </testcase> <!-- Reg -->
  <system-out/>
  <testcase classname="pagesTestCasesYasasiiWeb.KIMS_ADTSave_TestcaseYW" name="Reg" time="0.000">
    <skipped/>
  </testcase> <!-- Reg -->
  <system-out/>
  <testcase classname="pagesTestCasesYasasiiWeb.KIMS_ADTSave_TestcaseYW" name="Reg" time="0.000">
    <skipped/>
  </testcase> <!-- Reg -->
  <system-out/>
  <testcase classname="pagesTestCasesYasasiiWeb.KIMS_ADTSave_TestcaseYW" name="Reg" time="0.000">
    <skipped/>
  </testcase> <!-- Reg -->
  <system-out/>
  <testcase classname="pagesTestCasesYasasiiWeb.KIMS_ADTSave_TestcaseYW" name="Reg" time="0.000">
    <skipped/>
  </testcase> <!-- Reg -->
  <system-out/>
  <testcase classname="pagesTestCasesYasasiiWeb.KIMS_ADTSave_TestcaseYW" name="Reg" time="0.000">
    <skipped/>
  </testcase> <!-- Reg -->
  <system-out/>
  <testcase classname="pagesTestCasesYasasiiWeb.KIMS_ADTSave_TestcaseYW" name="Reg" time="0.000">
    <skipped/>
  </testcase> <!-- Reg -->
  <system-out/>
  <testcase classname="pagesTestCasesYasasiiWeb.KIMS_ADTSave_TestcaseYW" name="Reg" time="0.000">
    <skipped/>
  </testcase> <!-- Reg -->
  <system-out/>
  <testcase classname="pagesTestCasesYasasiiWeb.KIMS_ADTSave_TestcaseYW" name="Reg" time="0.000">
    <skipped/>
  </testcase> <!-- Reg -->
  <system-out/>
  <testcase classname="pagesTestCasesYasasiiWeb.KIMS_ADTSave_TestcaseYW" name="Reg" time="0.000">
    <skipped/>
  </testcase> <!-- Reg -->
  <system-out/>
  <testcase classname="pagesTestCasesYasasiiWeb.KIMS_ADTSave_TestcaseYW" name="Reg" time="0.000">
    <skipped/>
  </testcase> <!-- Reg -->
  <system-out/>
  <testcase classname="pagesTestCasesYasasiiWeb.KIMS_ADTSave_TestcaseYW" name="Reg" time="0.000">
    <skipped/>
  </testcase> <!-- Reg -->
  <system-out/>
  <testcase classname="pagesTestCasesYasasiiWeb.KIMS_ADTSave_TestcaseYW" name="Reg" time="0.000">
    <skipped/>
  </testcase> <!-- Reg -->
  <system-out/>
  <testcase classname="pagesTestCasesYasasiiWeb.KIMS_ADTSave_TestcaseYW" name="Reg" time="0.000">
    <skipped/>
  </testcase> <!-- Reg -->
  <system-out/>
  <testcase classname="pagesTestCasesYasasiiWeb.KIMS_ADTSave_TestcaseYW" name="Reg" time="0.000">
    <skipped/>
  </testcase> <!-- Reg -->
  <system-out/>
  <testcase classname="pagesTestCasesYasasiiWeb.KIMS_ADTSave_TestcaseYW" name="Reg" time="0.000">
    <skipped/>
  </testcase> <!-- Reg -->
  <system-out/>
  <testcase classname="pagesTestCasesYasasiiWeb.KIMS_ADTSave_TestcaseYW" name="Reg" time="0.000">
    <skipped/>
  </testcase> <!-- Reg -->
  <system-out/>
  <testcase classname="pagesTestCasesYasasiiWeb.KIMS_ADTSave_TestcaseYW" name="Reg" time="0.000">
    <skipped/>
  </testcase> <!-- Reg -->
  <system-out/>
  <testcase classname="pagesTestCasesYasasiiWeb.KIMS_ADTSave_TestcaseYW" name="Reg" time="0.000">
    <skipped/>
  </testcase> <!-- Reg -->
  <system-out/>
  <testcase classname="pagesTestCasesYasasiiWeb.KIMS_ADTSave_TestcaseYW" name="Reg" time="0.000">
    <skipped/>
  </testcase> <!-- Reg -->
  <system-out/>
  <testcase classname="pagesTestCasesYasasiiWeb.KIMS_ADTSave_TestcaseYW" name="Reg" time="0.000">
    <skipped/>
  </testcase> <!-- Reg -->
  <system-out/>
  <testcase classname="pagesTestCasesYasasiiWeb.KIMS_ADTSave_TestcaseYW" name="Reg" time="0.000">
    <skipped/>
  </testcase> <!-- Reg -->
  <system-out/>
  <testcase classname="pagesTestCasesYasasiiWeb.KIMS_ADTSave_TestcaseYW" name="Reg" time="0.000">
    <skipped/>
  </testcase> <!-- Reg -->
  <system-out/>
  <testcase classname="pagesTestCasesYasasiiWeb.KIMS_ADTSave_TestcaseYW" name="Reg" time="0.000">
    <skipped/>
  </testcase> <!-- Reg -->
  <system-out/>
  <testcase classname="pagesTestCasesYasasiiWeb.KIMS_ADTSave_TestcaseYW" name="Reg" time="0.000">
    <skipped/>
  </testcase> <!-- Reg -->
  <system-out/>
  <testcase classname="pagesTestCasesYasasiiWeb.KIMS_ADTSave_TestcaseYW" name="Reg" time="0.000">
    <skipped/>
  </testcase> <!-- Reg -->
  <system-out/>
  <testcase classname="pagesTestCasesYasasiiWeb.KIMS_ADTSave_TestcaseYW" name="Reg" time="0.000">
    <skipped/>
  </testcase> <!-- Reg -->
  <system-out/>
  <testcase classname="pagesTestCasesYasasiiWeb.KIMS_ADTSave_TestcaseYW" name="Reg" time="0.000">
    <skipped/>
  </testcase> <!-- Reg -->
  <system-out/>
  <testcase classname="pagesTestCasesYasasiiWeb.KIMS_ADTSave_TestcaseYW" name="Reg" time="0.000">
    <skipped/>
  </testcase> <!-- Reg -->
  <system-out/>
  <testcase classname="pagesTestCasesYasasiiWeb.KIMS_ADTSave_TestcaseYW" name="Reg" time="0.000">
    <skipped/>
  </testcase> <!-- Reg -->
  <system-out/>
  <testcase classname="pagesTestCasesYasasiiWeb.KIMS_ADTSave_TestcaseYW" name="Reg" time="0.000">
    <skipped/>
  </testcase> <!-- Reg -->
  <system-out/>
  <testcase classname="pagesTestCasesYasasiiWeb.KIMS_ADTSave_TestcaseYW" name="Reg" time="0.000">
    <skipped/>
  </testcase> <!-- Reg -->
  <system-out/>
  <testcase classname="pagesTestCasesYasasiiWeb.KIMS_ADTSave_TestcaseYW" name="Reg" time="0.000">
    <skipped/>
  </testcase> <!-- Reg -->
  <system-out/>
  <testcase classname="pagesTestCasesYasasiiWeb.KIMS_ADTSave_TestcaseYW" name="Reg" time="0.000">
    <skipped/>
  </testcase> <!-- Reg -->
  <system-out/>
  <testcase classname="pagesTestCasesYasasiiWeb.KIMS_ADTSave_TestcaseYW" name="Reg" time="0.000">
    <skipped/>
  </testcase> <!-- Reg -->
  <system-out/>
  <testcase classname="pagesTestCasesYasasiiWeb.KIMS_ADTSave_TestcaseYW" name="Reg" time="0.000">
    <skipped/>
  </testcase> <!-- Reg -->
  <system-out/>
  <testcase classname="pagesTestCasesYasasiiWeb.KIMS_ADTSave_TestcaseYW" name="Reg" time="0.000">
    <skipped/>
  </testcase> <!-- Reg -->
  <system-out/>
  <testcase classname="pagesTestCasesYasasiiWeb.KIMS_ADTSave_TestcaseYW" name="Reg" time="0.000">
    <skipped/>
  </testcase> <!-- Reg -->
  <system-out/>
  <testcase classname="pagesTestCasesYasasiiWeb.KIMS_ADTSave_TestcaseYW" name="Reg" time="0.000">
    <skipped/>
  </testcase> <!-- Reg -->
  <system-out/>
  <testcase classname="pagesTestCasesYasasiiWeb.KIMS_ADTSave_TestcaseYW" name="Reg" time="0.000">
    <skipped/>
  </testcase> <!-- Reg -->
  <system-out/>
  <testcase classname="pagesTestCasesYasasiiWeb.KIMS_ADTSave_TestcaseYW" name="Reg" time="0.000">
    <skipped/>
  </testcase> <!-- Reg -->
  <system-out/>
  <testcase classname="pagesTestCasesYasasiiWeb.KIMS_ADTSave_TestcaseYW" name="Reg" time="0.000">
    <skipped/>
  </testcase> <!-- Reg -->
  <system-out/>
  <testcase classname="pagesTestCasesYasasiiWeb.KIMS_ADTSave_TestcaseYW" name="Reg" time="0.000">
    <skipped/>
  </testcase> <!-- Reg -->
  <system-out/>
  <testcase classname="pagesTestCasesYasasiiWeb.KIMS_ADTSave_TestcaseYW" name="Reg" time="0.000">
    <skipped/>
  </testcase> <!-- Reg -->
  <system-out/>
  <testcase classname="pagesTestCasesYasasiiWeb.KIMS_ADTSave_TestcaseYW" name="Reg" time="0.000">
    <skipped/>
  </testcase> <!-- Reg -->
  <system-out/>
  <testcase classname="pagesTestCasesYasasiiWeb.KIMS_ADTSave_TestcaseYW" name="Reg" time="0.000">
    <skipped/>
  </testcase> <!-- Reg -->
  <system-out/>
  <testcase classname="pagesTestCasesYasasiiWeb.KIMS_ADTSave_TestcaseYW" name="Reg" time="0.000">
    <skipped/>
  </testcase> <!-- Reg -->
  <system-out/>
  <testcase classname="pagesTestCasesYasasiiWeb.KIMS_ADTSave_TestcaseYW" name="Reg" time="0.000">
    <skipped/>
  </testcase> <!-- Reg -->
  <system-out/>
  <testcase classname="pagesTestCasesYasasiiWeb.KIMS_ADTSave_TestcaseYW" name="Reg" time="0.000">
    <skipped/>
  </testcase> <!-- Reg -->
  <system-out/>
  <testcase classname="pagesTestCasesYasasiiWeb.KIMS_ADTSave_TestcaseYW" name="Reg" time="0.000">
    <skipped/>
  </testcase> <!-- Reg -->
  <system-out/>
  <testcase classname="pagesTestCasesYasasiiWeb.KIMS_ADTSave_TestcaseYW" name="Reg" time="0.000">
    <skipped/>
  </testcase> <!-- Reg -->
  <system-out/>
  <testcase classname="pagesTestCasesYasasiiWeb.KIMS_ADTSave_TestcaseYW" name="Reg" time="0.000">
    <skipped/>
  </testcase> <!-- Reg -->
  <system-out/>
  <testcase classname="pagesTestCasesYasasiiWeb.KIMS_ADTSave_TestcaseYW" name="Reg" time="0.000">
    <skipped/>
  </testcase> <!-- Reg -->
  <system-out/>
  <testcase classname="pagesTestCasesYasasiiWeb.KIMS_ADTSave_TestcaseYW" name="Reg" time="0.000">
    <skipped/>
  </testcase> <!-- Reg -->
  <system-out/>
  <testcase classname="pagesTestCasesYasasiiWeb.KIMS_ADTSave_TestcaseYW" name="Reg" time="0.000">
    <skipped/>
  </testcase> <!-- Reg -->
  <system-out/>
  <testcase classname="pagesTestCasesYasasiiWeb.KIMS_ADTSave_TestcaseYW" name="Reg" time="0.000">
    <skipped/>
  </testcase> <!-- Reg -->
  <system-out/>
  <testcase classname="pagesTestCasesYasasiiWeb.KIMS_ADTSave_TestcaseYW" name="Reg" time="0.000">
    <skipped/>
  </testcase> <!-- Reg -->
  <system-out/>
  <testcase classname="pagesTestCasesYasasiiWeb.KIMS_ADTSave_TestcaseYW" name="Reg" time="0.000">
    <skipped/>
  </testcase> <!-- Reg -->
  <system-out/>
  <testcase classname="pagesTestCasesYasasiiWeb.KIMS_ADTSave_TestcaseYW" name="Reg" time="0.000">
    <skipped/>
  </testcase> <!-- Reg -->
  <system-out/>
  <testcase classname="pagesTestCasesYasasiiWeb.KIMS_ADTSave_TestcaseYW" name="Reg" time="0.000">
    <skipped/>
  </testcase> <!-- Reg -->
  <system-out/>
  <testcase classname="pagesTestCasesYasasiiWeb.KIMS_ADTSave_TestcaseYW" name="Reg" time="0.000">
    <skipped/>
  </testcase> <!-- Reg -->
  <system-out/>
  <testcase classname="pagesTestCasesYasasiiWeb.KIMS_ADTSave_TestcaseYW" name="Reg" time="0.000">
    <skipped/>
  </testcase> <!-- Reg -->
  <system-out/>
  <testcase classname="pagesTestCasesYasasiiWeb.KIMS_ADTSave_TestcaseYW" name="Reg" time="0.000">
    <skipped/>
  </testcase> <!-- Reg -->
  <system-out/>
  <testcase classname="pagesTestCasesYasasiiWeb.KIMS_ADTSave_TestcaseYW" name="Reg" time="0.000">
    <skipped/>
  </testcase> <!-- Reg -->
  <system-out/>
  <testcase classname="pagesTestCasesYasasiiWeb.KIMS_ADTSave_TestcaseYW" name="Reg" time="0.000">
    <skipped/>
  </testcase> <!-- Reg -->
  <system-out/>
  <testcase classname="pagesTestCasesYasasiiWeb.KIMS_ADTSave_TestcaseYW" name="Reg" time="0.000">
    <skipped/>
  </testcase> <!-- Reg -->
  <system-out/>
  <testcase classname="pagesTestCasesYasasiiWeb.KIMS_ADTSave_TestcaseYW" name="Reg" time="0.000">
    <skipped/>
  </testcase> <!-- Reg -->
  <system-out/>
  <testcase classname="pagesTestCasesYasasiiWeb.KIMS_ADTSave_TestcaseYW" name="Reg" time="0.000">
    <skipped/>
  </testcase> <!-- Reg -->
  <system-out/>
  <testcase classname="pagesTestCasesYasasiiWeb.KIMS_ADTSave_TestcaseYW" name="Reg" time="0.000">
    <skipped/>
  </testcase> <!-- Reg -->
  <system-out/>
  <testcase classname="pagesTestCasesYasasiiWeb.KIMS_ADTSave_TestcaseYW" name="Reg" time="0.000">
    <skipped/>
  </testcase> <!-- Reg -->
  <system-out/>
  <testcase classname="pagesTestCasesYasasiiWeb.KIMS_ADTSave_TestcaseYW" name="Reg" time="0.000">
    <skipped/>
  </testcase> <!-- Reg -->
  <system-out/>
  <testcase classname="pagesTestCasesYasasiiWeb.KIMS_ADTSave_TestcaseYW" name="Reg" time="0.000">
    <skipped/>
  </testcase> <!-- Reg -->
  <system-out/>
  <testcase classname="pagesTestCasesYasasiiWeb.KIMS_ADTSave_TestcaseYW" name="Reg" time="0.000">
    <skipped/>
  </testcase> <!-- Reg -->
  <system-out/>
  <testcase classname="pagesTestCasesYasasiiWeb.KIMS_ADTSave_TestcaseYW" name="Reg" time="0.000">
    <skipped/>
  </testcase> <!-- Reg -->
  <system-out/>
  <testcase classname="pagesTestCasesYasasiiWeb.KIMS_ADTSave_TestcaseYW" name="Reg" time="0.000">
    <skipped/>
  </testcase> <!-- Reg -->
  <system-out/>
  <testcase classname="pagesTestCasesYasasiiWeb.KIMS_ADTSave_TestcaseYW" name="Reg" time="0.000">
    <skipped/>
  </testcase> <!-- Reg -->
  <system-out/>
  <testcase classname="pagesTestCasesYasasiiWeb.KIMS_ADTSave_TestcaseYW" name="Reg" time="0.000">
    <skipped/>
  </testcase> <!-- Reg -->
  <system-out/>
  <testcase classname="pagesTestCasesYasasiiWeb.KIMS_ADTSave_TestcaseYW" name="Reg" time="0.000">
    <skipped/>
  </testcase> <!-- Reg -->
  <system-out/>
  <testcase classname="pagesTestCasesYasasiiWeb.KIMS_ADTSave_TestcaseYW" name="Reg" time="0.000">
    <skipped/>
  </testcase> <!-- Reg -->
  <system-out/>
  <testcase classname="pagesTestCasesYasasiiWeb.KIMS_ADTSave_TestcaseYW" name="Reg" time="0.000">
    <skipped/>
  </testcase> <!-- Reg -->
  <system-out/>
  <testcase classname="pagesTestCasesYasasiiWeb.KIMS_ADTSave_TestcaseYW" name="Reg" time="0.000">
    <skipped/>
  </testcase> <!-- Reg -->
  <system-out/>
  <testcase classname="pagesTestCasesYasasiiWeb.KIMS_ADTSave_TestcaseYW" name="Reg" time="0.000">
    <skipped/>
  </testcase> <!-- Reg -->
  <system-out/>
  <testcase classname="pagesTestCasesYasasiiWeb.KIMS_ADTSave_TestcaseYW" name="Reg" time="0.000">
    <skipped/>
  </testcase> <!-- Reg -->
  <system-out/>
  <testcase classname="pagesTestCasesYasasiiWeb.KIMS_ADTSave_TestcaseYW" name="Reg" time="0.000">
    <skipped/>
  </testcase> <!-- Reg -->
  <system-out/>
  <testcase classname="pagesTestCasesYasasiiWeb.KIMS_ADTSave_TestcaseYW" name="Reg" time="0.000">
    <skipped/>
  </testcase> <!-- Reg -->
  <system-out/>
  <testcase classname="pagesTestCasesYasasiiWeb.KIMS_ADTSave_TestcaseYW" name="Reg" time="0.000">
    <skipped/>
  </testcase> <!-- Reg -->
  <system-out/>
  <testcase classname="pagesTestCasesYasasiiWeb.KIMS_ADTSave_TestcaseYW" name="Reg" time="0.000">
    <skipped/>
  </testcase> <!-- Reg -->
  <system-out/>
  <testcase classname="pagesTestCasesYasasiiWeb.KIMS_ADTSave_TestcaseYW" name="Reg" time="0.000">
    <skipped/>
  </testcase> <!-- Reg -->
  <system-out/>
  <testcase classname="pagesTestCasesYasasiiWeb.KIMS_ADTSave_TestcaseYW" name="Reg" time="0.000">
    <skipped/>
  </testcase> <!-- Reg -->
  <system-out/>
  <testcase classname="pagesTestCasesYasasiiWeb.KIMS_ADTSave_TestcaseYW" name="Reg" time="0.000">
    <skipped/>
  </testcase> <!-- Reg -->
  <system-out/>
  <testcase classname="pagesTestCasesYasasiiWeb.KIMS_ADTSave_TestcaseYW" name="Reg" time="0.000">
    <skipped/>
  </testcase> <!-- Reg -->
  <system-out/>
  <testcase classname="pagesTestCasesYasasiiWeb.KIMS_ADTSave_TestcaseYW" name="Reg" time="0.000">
    <skipped/>
  </testcase> <!-- Reg -->
  <system-out/>
  <testcase classname="pagesTestCasesYasasiiWeb.KIMS_ADTSave_TestcaseYW" name="Reg" time="0.000">
    <skipped/>
  </testcase> <!-- Reg -->
  <system-out/>
  <testcase classname="pagesTestCasesYasasiiWeb.KIMS_ADTSave_TestcaseYW" name="Reg" time="0.000">
    <skipped/>
  </testcase> <!-- Reg -->
  <system-out/>
  <testcase classname="pagesTestCasesYasasiiWeb.KIMS_ADTSave_TestcaseYW" name="Reg" time="0.000">
    <skipped/>
  </testcase> <!-- Reg -->
  <system-out/>
  <testcase classname="pagesTestCasesYasasiiWeb.KIMS_ADTSave_TestcaseYW" name="Reg" time="0.000">
    <skipped/>
  </testcase> <!-- Reg -->
  <system-out/>
  <testcase classname="pagesTestCasesYasasiiWeb.KIMS_ADTSave_TestcaseYW" name="Reg" time="0.000">
    <skipped/>
  </testcase> <!-- Reg -->
  <system-out/>
  <testcase classname="pagesTestCasesYasasiiWeb.KIMS_ADTSave_TestcaseYW" name="Reg" time="0.000">
    <skipped/>
  </testcase> <!-- Reg -->
  <system-out/>
  <testcase classname="pagesTestCasesYasasiiWeb.KIMS_ADTSave_TestcaseYW" name="Reg" time="0.000">
    <skipped/>
  </testcase> <!-- Reg -->
  <system-out/>
  <testcase classname="pagesTestCasesYasasiiWeb.KIMS_ADTSave_TestcaseYW" name="Reg" time="0.000">
    <skipped/>
  </testcase> <!-- Reg -->
  <system-out/>
  <testcase classname="pagesTestCasesYasasiiWeb.KIMS_ADTSave_TestcaseYW" name="Reg" time="0.000">
    <skipped/>
  </testcase> <!-- Reg -->
  <system-out/>
  <testcase classname="pagesTestCasesYasasiiWeb.KIMS_ADTSave_TestcaseYW" name="Reg" time="0.000">
    <skipped/>
  </testcase> <!-- Reg -->
  <system-out/>
  <testcase classname="pagesTestCasesYasasiiWeb.KIMS_ADTSave_TestcaseYW" name="Reg" time="0.000">
    <skipped/>
  </testcase> <!-- Reg -->
  <system-out/>
  <testcase classname="pagesTestCasesYasasiiWeb.KIMS_ADTSave_TestcaseYW" name="Reg" time="0.000">
    <skipped/>
  </testcase> <!-- Reg -->
  <system-out/>
  <testcase classname="pagesTestCasesYasasiiWeb.KIMS_ADTSave_TestcaseYW" name="Reg" time="0.000">
    <skipped/>
  </testcase> <!-- Reg -->
  <system-out/>
  <testcase classname="pagesTestCasesYasasiiWeb.KIMS_ADTSave_TestcaseYW" name="Reg" time="0.000">
    <skipped/>
  </testcase> <!-- Reg -->
  <system-out/>
  <testcase classname="pagesTestCasesYasasiiWeb.KIMS_ADTSave_TestcaseYW" name="Reg" time="0.000">
    <skipped/>
  </testcase> <!-- Reg -->
  <system-out/>
  <testcase classname="pagesTestCasesYasasiiWeb.KIMS_ADTSave_TestcaseYW" name="Reg" time="0.000">
    <skipped/>
  </testcase> <!-- Reg -->
  <system-out/>
  <testcase classname="pagesTestCasesYasasiiWeb.KIMS_ADTSave_TestcaseYW" name="Reg" time="0.000">
    <skipped/>
  </testcase> <!-- Reg -->
  <system-out/>
  <testcase classname="pagesTestCasesYasasiiWeb.KIMS_ADTSave_TestcaseYW" name="Reg" time="0.000">
    <skipped/>
  </testcase> <!-- Reg -->
  <system-out/>
  <testcase classname="pagesTestCasesYasasiiWeb.KIMS_ADTSave_TestcaseYW" name="Reg" time="0.000">
    <skipped/>
  </testcase> <!-- Reg -->
  <system-out/>
  <testcase classname="pagesTestCasesYasasiiWeb.KIMS_ADTSave_TestcaseYW" name="Reg" time="0.000">
    <skipped/>
  </testcase> <!-- Reg -->
  <system-out/>
  <testcase classname="pagesTestCasesYasasiiWeb.KIMS_ADTSave_TestcaseYW" name="Reg" time="0.000">
    <skipped/>
  </testcase> <!-- Reg -->
  <system-out/>
  <testcase classname="pagesTestCasesYasasiiWeb.KIMS_ADTSave_TestcaseYW" name="Reg" time="0.000">
    <skipped/>
  </testcase> <!-- Reg -->
  <system-out/>
  <testcase classname="pagesTestCasesYasasiiWeb.KIMS_ADTSave_TestcaseYW" name="Reg" time="0.000">
    <skipped/>
  </testcase> <!-- Reg -->
  <system-out/>
  <testcase classname="pagesTestCasesYasasiiWeb.KIMS_ADTSave_TestcaseYW" name="Reg" time="0.000">
    <skipped/>
  </testcase> <!-- Reg -->
  <system-out/>
  <testcase classname="pagesTestCasesYasasiiWeb.KIMS_ADTSave_TestcaseYW" name="Reg" time="0.000">
    <skipped/>
  </testcase> <!-- Reg -->
  <system-out/>
  <testcase classname="pagesTestCasesYasasiiWeb.KIMS_ADTSave_TestcaseYW" name="Reg" time="0.000">
    <skipped/>
  </testcase> <!-- Reg -->
  <system-out/>
  <testcase classname="pagesTestCasesYasasiiWeb.KIMS_ADTSave_TestcaseYW" name="Reg" time="0.000">
    <skipped/>
  </testcase> <!-- Reg -->
  <system-out/>
  <testcase classname="pagesTestCasesYasasiiWeb.KIMS_ADTSave_TestcaseYW" name="Reg" time="0.000">
    <skipped/>
  </testcase> <!-- Reg -->
  <system-out/>
  <testcase classname="pagesTestCasesYasasiiWeb.KIMS_ADTSave_TestcaseYW" name="Reg" time="0.000">
    <skipped/>
  </testcase> <!-- Reg -->
  <system-out/>
  <testcase classname="pagesTestCasesYasasiiWeb.KIMS_ADTSave_TestcaseYW" name="Reg" time="0.000">
    <skipped/>
  </testcase> <!-- Reg -->
  <system-out/>
  <testcase classname="pagesTestCasesYasasiiWeb.KIMS_ADTSave_TestcaseYW" name="Reg" time="0.000">
    <skipped/>
  </testcase> <!-- Reg -->
  <system-out/>
  <testcase classname="pagesTestCasesYasasiiWeb.KIMS_ADTSave_TestcaseYW" name="Reg" time="0.000">
    <skipped/>
  </testcase> <!-- Reg -->
  <system-out/>
  <testcase classname="pagesTestCasesYasasiiWeb.KIMS_ADTSave_TestcaseYW" name="Reg" time="0.000">
    <skipped/>
  </testcase> <!-- Reg -->
  <system-out/>
  <testcase classname="pagesTestCasesYasasiiWeb.KIMS_ADTSave_TestcaseYW" name="Reg" time="0.000">
    <skipped/>
  </testcase> <!-- Reg -->
  <system-out/>
  <testcase classname="pagesTestCasesYasasiiWeb.KIMS_ADTSave_TestcaseYW" name="Reg" time="0.000">
    <skipped/>
  </testcase> <!-- Reg -->
  <system-out/>
  <testcase classname="pagesTestCasesYasasiiWeb.KIMS_ADTSave_TestcaseYW" name="Reg" time="0.000">
    <skipped/>
  </testcase> <!-- Reg -->
  <system-out/>
  <testcase classname="pagesTestCasesYasasiiWeb.KIMS_ADTSave_TestcaseYW" name="Reg" time="0.000">
    <skipped/>
  </testcase> <!-- Reg -->
  <system-out/>
  <testcase classname="pagesTestCasesYasasiiWeb.KIMS_ADTSave_TestcaseYW" name="Reg" time="0.000">
    <skipped/>
  </testcase> <!-- Reg -->
  <system-out/>
  <testcase classname="pagesTestCasesYasasiiWeb.KIMS_ADTSave_TestcaseYW" name="Reg" time="0.000">
    <skipped/>
  </testcase> <!-- Reg -->
  <system-out/>
  <testcase classname="pagesTestCasesYasasiiWeb.KIMS_ADTSave_TestcaseYW" name="Reg" time="0.000">
    <skipped/>
  </testcase> <!-- Reg -->
  <system-out/>
  <testcase classname="pagesTestCasesYasasiiWeb.KIMS_ADTSave_TestcaseYW" name="Reg" time="0.000">
    <skipped/>
  </testcase> <!-- Reg -->
  <system-out/>
  <testcase classname="pagesTestCasesYasasiiWeb.KIMS_ADTSave_TestcaseYW" name="Reg" time="0.000">
    <skipped/>
  </testcase> <!-- Reg -->
  <system-out/>
  <testcase classname="pagesTestCasesYasasiiWeb.KIMS_ADTSave_TestcaseYW" name="Reg" time="0.000">
    <skipped/>
  </testcase> <!-- Reg -->
  <system-out/>
  <testcase classname="pagesTestCasesYasasiiWeb.KIMS_ADTSave_TestcaseYW" name="Reg" time="0.000">
    <skipped/>
  </testcase> <!-- Reg -->
  <system-out/>
  <testcase classname="pagesTestCasesYasasiiWeb.KIMS_ADTSave_TestcaseYW" name="Reg" time="0.000">
    <skipped/>
  </testcase> <!-- Reg -->
  <system-out/>
  <testcase classname="pagesTestCasesYasasiiWeb.KIMS_ADTSave_TestcaseYW" name="Reg" time="0.000">
    <skipped/>
  </testcase> <!-- Reg -->
  <system-out/>
  <testcase classname="pagesTestCasesYasasiiWeb.KIMS_ADTSave_TestcaseYW" name="Reg" time="0.000">
    <skipped/>
  </testcase> <!-- Reg -->
  <system-out/>
  <testcase classname="pagesTestCasesYasasiiWeb.KIMS_ADTSave_TestcaseYW" name="Reg" time="0.000">
    <skipped/>
  </testcase> <!-- Reg -->
  <system-out/>
  <testcase classname="pagesTestCasesYasasiiWeb.KIMS_ADTSave_TestcaseYW" name="Reg" time="0.000">
    <skipped/>
  </testcase> <!-- Reg -->
  <system-out/>
  <testcase classname="pagesTestCasesYasasiiWeb.KIMS_ADTSave_TestcaseYW" name="Reg" time="0.000">
    <skipped/>
  </testcase> <!-- Reg -->
  <system-out/>
  <testcase classname="pagesTestCasesYasasiiWeb.KIMS_ADTSave_TestcaseYW" name="Reg" time="0.000">
    <skipped/>
  </testcase> <!-- Reg -->
  <system-out/>
  <testcase classname="pagesTestCasesYasasiiWeb.KIMS_ADTSave_TestcaseYW" name="Reg" time="0.000">
    <skipped/>
  </testcase> <!-- Reg -->
  <system-out/>
  <testcase classname="pagesTestCasesYasasiiWeb.KIMS_ADTSave_TestcaseYW" name="Reg" time="0.000">
    <skipped/>
  </testcase> <!-- Reg -->
  <system-out/>
  <testcase classname="pagesTestCasesYasasiiWeb.KIMS_ADTSave_TestcaseYW" name="Reg" time="0.000">
    <skipped/>
  </testcase> <!-- Reg -->
  <system-out/>
  <testcase classname="pagesTestCasesYasasiiWeb.KIMS_ADTSave_TestcaseYW" name="Reg" time="0.000">
    <skipped/>
  </testcase> <!-- Reg -->
  <system-out/>
  <testcase classname="pagesTestCasesYasasiiWeb.KIMS_ADTSave_TestcaseYW" name="Reg" time="0.000">
    <skipped/>
  </testcase> <!-- Reg -->
  <system-out/>
  <testcase classname="pagesTestCasesYasasiiWeb.KIMS_ADTSave_TestcaseYW" name="Reg" time="0.000">
    <skipped/>
  </testcase> <!-- Reg -->
  <system-out/>
  <testcase classname="pagesTestCasesYasasiiWeb.KIMS_ADTSave_TestcaseYW" name="Reg" time="0.000">
    <skipped/>
  </testcase> <!-- Reg -->
  <system-out/>
  <testcase classname="pagesTestCasesYasasiiWeb.KIMS_ADTSave_TestcaseYW" name="Reg" time="0.000">
    <skipped/>
  </testcase> <!-- Reg -->
  <system-out/>
  <testcase classname="pagesTestCasesYasasiiWeb.KIMS_ADTSave_TestcaseYW" name="Reg" time="0.000">
    <skipped/>
  </testcase> <!-- Reg -->
  <system-out/>
  <testcase classname="pagesTestCasesYasasiiWeb.KIMS_ADTSave_TestcaseYW" name="Reg" time="0.000">
    <skipped/>
  </testcase> <!-- Reg -->
  <system-out/>
  <testcase classname="pagesTestCasesYasasiiWeb.KIMS_ADTSave_TestcaseYW" name="Reg" time="0.000">
    <skipped/>
  </testcase> <!-- Reg -->
  <system-out/>
  <testcase classname="pagesTestCasesYasasiiWeb.KIMS_ADTSave_TestcaseYW" name="Reg" time="0.000">
    <skipped/>
  </testcase> <!-- Reg -->
  <system-out/>
  <testcase classname="pagesTestCasesYasasiiWeb.KIMS_ADTSave_TestcaseYW" name="Reg" time="0.000">
    <skipped/>
  </testcase> <!-- Reg -->
  <system-out/>
  <testcase classname="pagesTestCasesYasasiiWeb.KIMS_ADTSave_TestcaseYW" name="Reg" time="0.000">
    <skipped/>
  </testcase> <!-- Reg -->
  <system-out/>
  <testcase classname="pagesTestCasesYasasiiWeb.KIMS_ADTSave_TestcaseYW" name="Reg" time="0.000">
    <skipped/>
  </testcase> <!-- Reg -->
  <system-out/>
  <testcase classname="pagesTestCasesYasasiiWeb.KIMS_ADTSave_TestcaseYW" name="Reg" time="0.000">
    <skipped/>
  </testcase> <!-- Reg -->
  <system-out/>
  <testcase classname="pagesTestCasesYasasiiWeb.KIMS_ADTSave_TestcaseYW" name="Reg" time="0.000">
    <skipped/>
  </testcase> <!-- Reg -->
  <system-out/>
  <testcase classname="pagesTestCasesYasasiiWeb.KIMS_ADTSave_TestcaseYW" name="Reg" time="0.000">
    <skipped/>
  </testcase> <!-- Reg -->
  <system-out/>
  <testcase classname="pagesTestCasesYasasiiWeb.KIMS_ADTSave_TestcaseYW" name="Reg" time="0.000">
    <skipped/>
  </testcase> <!-- Reg -->
  <system-out/>
  <testcase classname="pagesTestCasesYasasiiWeb.KIMS_ADTSave_TestcaseYW" name="Reg" time="0.000">
    <skipped/>
  </testcase> <!-- Reg -->
  <system-out/>
  <testcase classname="pagesTestCasesYasasiiWeb.KIMS_ADTSave_TestcaseYW" name="Reg" time="0.000">
    <skipped/>
  </testcase> <!-- Reg -->
  <system-out/>
  <testcase classname="pagesTestCasesYasasiiWeb.KIMS_ADTSave_TestcaseYW" name="Reg" time="0.000">
    <skipped/>
  </testcase> <!-- Reg -->
  <system-out/>
  <testcase classname="pagesTestCasesYasasiiWeb.KIMS_ADTSave_TestcaseYW" name="Reg" time="0.000">
    <skipped/>
  </testcase> <!-- Reg -->
  <system-out/>
  <testcase classname="pagesTestCasesYasasiiWeb.KIMS_ADTSave_TestcaseYW" name="Reg" time="0.000">
    <skipped/>
  </testcase> <!-- Reg -->
  <system-out/>
  <testcase classname="pagesTestCasesYasasiiWeb.KIMS_ADTSave_TestcaseYW" name="Reg" time="0.000">
    <skipped/>
  </testcase> <!-- Reg -->
  <system-out/>
  <testcase classname="pagesTestCasesYasasiiWeb.KIMS_ADTSave_TestcaseYW" name="Reg" time="0.000">
    <skipped/>
  </testcase> <!-- Reg -->
  <system-out/>
  <testcase classname="pagesTestCasesYasasiiWeb.KIMS_ADTSave_TestcaseYW" name="Reg" time="0.000">
    <skipped/>
  </testcase> <!-- Reg -->
  <system-out/>
  <testcase classname="pagesTestCasesYasasiiWeb.KIMS_ADTSave_TestcaseYW" name="Reg" time="0.000">
    <skipped/>
  </testcase> <!-- Reg -->
  <system-out/>
  <testcase classname="pagesTestCasesYasasiiWeb.KIMS_ADTSave_TestcaseYW" name="Reg" time="0.000">
    <skipped/>
  </testcase> <!-- Reg -->
  <system-out/>
  <testcase classname="pagesTestCasesYasasiiWeb.KIMS_ADTSave_TestcaseYW" name="Reg" time="0.000">
    <skipped/>
  </testcase> <!-- Reg -->
  <system-out/>
  <testcase classname="pagesTestCasesYasasiiWeb.KIMS_ADTSave_TestcaseYW" name="Reg" time="0.000">
    <skipped/>
  </testcase> <!-- Reg -->
  <system-out/>
  <testcase classname="pagesTestCasesYasasiiWeb.KIMS_ADTSave_TestcaseYW" name="Reg" time="0.000">
    <skipped/>
  </testcase> <!-- Reg -->
  <system-out/>
  <testcase classname="pagesTestCasesYasasiiWeb.KIMS_ADTSave_TestcaseYW" name="Reg" time="0.000">
    <skipped/>
  </testcase> <!-- Reg -->
  <system-out/>
  <testcase classname="pagesTestCasesYasasiiWeb.KIMS_ADTSave_TestcaseYW" name="Reg" time="0.000">
    <skipped/>
  </testcase> <!-- Reg -->
  <system-out/>
  <testcase classname="pagesTestCasesYasasiiWeb.KIMS_ADTSave_TestcaseYW" name="Reg" time="0.000">
    <skipped/>
  </testcase> <!-- Reg -->
  <system-out/>
  <testcase classname="pagesTestCasesYasasiiWeb.KIMS_ADTSave_TestcaseYW" name="Reg" time="0.000">
    <skipped/>
  </testcase> <!-- Reg -->
  <system-out/>
  <testcase classname="pagesTestCasesYasasiiWeb.KIMS_ADTSave_TestcaseYW" name="Reg" time="0.000">
    <skipped/>
  </testcase> <!-- Reg -->
  <system-out/>
  <testcase classname="pagesTestCasesYasasiiWeb.KIMS_ADTSave_TestcaseYW" name="Reg" time="0.000">
    <skipped/>
  </testcase> <!-- Reg -->
  <system-out/>
  <testcase classname="pagesTestCasesYasasiiWeb.KIMS_ADTSave_TestcaseYW" name="Reg" time="0.000">
    <skipped/>
  </testcase> <!-- Reg -->
  <system-out/>
  <testcase classname="pagesTestCasesYasasiiWeb.KIMS_ADTSave_TestcaseYW" name="Reg" time="0.000">
    <skipped/>
  </testcase> <!-- Reg -->
  <system-out/>
  <testcase classname="pagesTestCasesYasasiiWeb.KIMS_ADTSave_TestcaseYW" name="Reg" time="0.000">
    <skipped/>
  </testcase> <!-- Reg -->
  <system-out/>
  <testcase classname="pagesTestCasesYasasiiWeb.KIMS_ADTSave_TestcaseYW" name="Reg" time="0.000">
    <skipped/>
  </testcase> <!-- Reg -->
  <system-out/>
  <testcase classname="pagesTestCasesYasasiiWeb.KIMS_ADTSave_TestcaseYW" name="Reg" time="0.000">
    <skipped/>
  </testcase> <!-- Reg -->
  <system-out/>
  <testcase classname="pagesTestCasesYasasiiWeb.KIMS_ADTSave_TestcaseYW" name="Reg" time="0.000">
    <skipped/>
  </testcase> <!-- Reg -->
  <system-out/>
  <testcase classname="pagesTestCasesYasasiiWeb.KIMS_ADTSave_TestcaseYW" name="Reg" time="0.000">
    <skipped/>
  </testcase> <!-- Reg -->
  <system-out/>
  <testcase classname="pagesTestCasesYasasiiWeb.KIMS_ADTSave_TestcaseYW" name="Reg" time="0.000">
    <skipped/>
  </testcase> <!-- Reg -->
  <system-out/>
  <testcase classname="pagesTestCasesYasasiiWeb.KIMS_ADTSave_TestcaseYW" name="Reg" time="0.000">
    <skipped/>
  </testcase> <!-- Reg -->
  <system-out/>
  <testcase classname="pagesTestCasesYasasiiWeb.KIMS_ADTSave_TestcaseYW" name="Reg" time="0.000">
    <skipped/>
  </testcase> <!-- Reg -->
  <system-out/>
  <testcase classname="pagesTestCasesYasasiiWeb.KIMS_ADTSave_TestcaseYW" name="Reg" time="0.000">
    <skipped/>
  </testcase> <!-- Reg -->
  <system-out/>
  <testcase classname="pagesTestCasesYasasiiWeb.KIMS_ADTSave_TestcaseYW" name="Reg" time="0.000">
    <skipped/>
  </testcase> <!-- Reg -->
  <system-out/>
  <testcase classname="pagesTestCasesYasasiiWeb.KIMS_ADTSave_TestcaseYW" name="Reg" time="0.000">
    <skipped/>
  </testcase> <!-- Reg -->
  <system-out/>
  <testcase classname="pagesTestCasesYasasiiWeb.KIMS_ADTSave_TestcaseYW" name="Reg" time="0.000">
    <skipped/>
  </testcase> <!-- Reg -->
  <system-out/>
  <testcase classname="pagesTestCasesYasasiiWeb.KIMS_ADTSave_TestcaseYW" name="Reg" time="0.000">
    <skipped/>
  </testcase> <!-- Reg -->
  <system-out/>
  <testcase classname="pagesTestCasesYasasiiWeb.KIMS_ADTSave_TestcaseYW" name="Reg" time="0.000">
    <skipped/>
  </testcase> <!-- Reg -->
  <system-out/>
  <testcase classname="pagesTestCasesYasasiiWeb.KIMS_ADTSave_TestcaseYW" name="Reg" time="0.000">
    <skipped/>
  </testcase> <!-- Reg -->
  <system-out/>
  <testcase classname="pagesTestCasesYasasiiWeb.KIMS_ADTSave_TestcaseYW" name="Reg" time="0.000">
    <skipped/>
  </testcase> <!-- Reg -->
  <system-out/>
  <testcase classname="pagesTestCasesYasasiiWeb.KIMS_ADTSave_TestcaseYW" name="Reg" time="0.000">
    <skipped/>
  </testcase> <!-- Reg -->
  <system-out/>
  <testcase classname="pagesTestCasesYasasiiWeb.KIMS_ADTSave_TestcaseYW" name="Reg" time="0.000">
    <skipped/>
  </testcase> <!-- Reg -->
  <system-out/>
  <testcase classname="pagesTestCasesYasasiiWeb.KIMS_ADTSave_TestcaseYW" name="Reg" time="0.000">
    <skipped/>
  </testcase> <!-- Reg -->
  <system-out/>
  <testcase classname="pagesTestCasesYasasiiWeb.KIMS_ADTSave_TestcaseYW" name="Reg" time="0.000">
    <skipped/>
  </testcase> <!-- Reg -->
  <system-out/>
  <testcase classname="pagesTestCasesYasasiiWeb.KIMS_ADTSave_TestcaseYW" name="Reg" time="0.000">
    <skipped/>
  </testcase> <!-- Reg -->
  <system-out/>
  <testcase classname="pagesTestCasesYasasiiWeb.KIMS_ADTSave_TestcaseYW" name="Reg" time="0.000">
    <skipped/>
  </testcase> <!-- Reg -->
  <system-out/>
  <testcase classname="pagesTestCasesYasasiiWeb.KIMS_ADTSave_TestcaseYW" name="Reg" time="0.000">
    <skipped/>
  </testcase> <!-- Reg -->
  <system-out/>
  <testcase classname="pagesTestCasesYasasiiWeb.KIMS_ADTSave_TestcaseYW" name="Reg" time="0.000">
    <skipped/>
  </testcase> <!-- Reg -->
  <system-out/>
  <testcase classname="pagesTestCasesYasasiiWeb.KIMS_ADTSave_TestcaseYW" name="Reg" time="0.000">
    <skipped/>
  </testcase> <!-- Reg -->
  <system-out/>
  <testcase classname="pagesTestCasesYasasiiWeb.KIMS_ADTSave_TestcaseYW" name="Reg" time="0.000">
    <skipped/>
  </testcase> <!-- Reg -->
  <system-out/>
  <testcase classname="pagesTestCasesYasasiiWeb.KIMS_ADTSave_TestcaseYW" name="Reg" time="0.000">
    <skipped/>
  </testcase> <!-- Reg -->
  <system-out/>
  <testcase classname="pagesTestCasesYasasiiWeb.KIMS_ADTSave_TestcaseYW" name="Reg" time="0.000">
    <skipped/>
  </testcase> <!-- Reg -->
  <system-out/>
  <testcase classname="pagesTestCasesYasasiiWeb.KIMS_ADTSave_TestcaseYW" name="Reg" time="0.000">
    <skipped/>
  </testcase> <!-- Reg -->
  <system-out/>
  <testcase classname="pagesTestCasesYasasiiWeb.KIMS_ADTSave_TestcaseYW" name="Reg" time="0.000">
    <skipped/>
  </testcase> <!-- Reg -->
  <system-out/>
  <testcase classname="pagesTestCasesYasasiiWeb.KIMS_ADTSave_TestcaseYW" name="Reg" time="0.000">
    <skipped/>
  </testcase> <!-- Reg -->
  <system-out/>
  <testcase classname="pagesTestCasesYasasiiWeb.KIMS_ADTSave_TestcaseYW" name="Reg" time="0.000">
    <skipped/>
  </testcase> <!-- Reg -->
  <system-out/>
  <testcase classname="pagesTestCasesYasasiiWeb.KIMS_ADTSave_TestcaseYW" name="Reg" time="0.000">
    <skipped/>
  </testcase> <!-- Reg -->
  <system-out/>
  <testcase classname="pagesTestCasesYasasiiWeb.KIMS_ADTSave_TestcaseYW" name="Reg" time="0.000">
    <skipped/>
  </testcase> <!-- Reg -->
  <system-out/>
  <testcase classname="pagesTestCasesYasasiiWeb.KIMS_ADTSave_TestcaseYW" name="Reg" time="0.000">
    <skipped/>
  </testcase> <!-- Reg -->
  <system-out/>
  <testcase classname="pagesTestCasesYasasiiWeb.KIMS_ADTSave_TestcaseYW" name="Reg" time="0.000">
    <skipped/>
  </testcase> <!-- Reg -->
  <system-out/>
  <testcase classname="pagesTestCasesYasasiiWeb.KIMS_ADTSave_TestcaseYW" name="Reg" time="0.000">
    <skipped/>
  </testcase> <!-- Reg -->
  <system-out/>
  <testcase classname="pagesTestCasesYasasiiWeb.KIMS_ADTSave_TestcaseYW" name="Reg" time="0.000">
    <skipped/>
  </testcase> <!-- Reg -->
  <system-out/>
  <testcase classname="pagesTestCasesYasasiiWeb.KIMS_ADTSave_TestcaseYW" name="Reg" time="0.000">
    <skipped/>
  </testcase> <!-- Reg -->
  <system-out/>
  <testcase classname="pagesTestCasesYasasiiWeb.KIMS_ADTSave_TestcaseYW" name="Reg" time="0.000">
    <skipped/>
  </testcase> <!-- Reg -->
  <system-out/>
  <testcase classname="pagesTestCasesYasasiiWeb.KIMS_ADTSave_TestcaseYW" name="Reg" time="0.000">
    <skipped/>
  </testcase> <!-- Reg -->
  <system-out/>
  <testcase classname="pagesTestCasesYasasiiWeb.KIMS_ADTSave_TestcaseYW" name="Reg" time="0.000">
    <skipped/>
  </testcase> <!-- Reg -->
  <system-out/>
  <testcase classname="pagesTestCasesYasasiiWeb.KIMS_ADTSave_TestcaseYW" name="Reg" time="0.000">
    <skipped/>
  </testcase> <!-- Reg -->
  <system-out/>
  <testcase classname="pagesTestCasesYasasiiWeb.KIMS_ADTSave_TestcaseYW" name="Reg" time="0.000">
    <skipped/>
  </testcase> <!-- Reg -->
  <system-out/>
  <testcase classname="pagesTestCasesYasasiiWeb.KIMS_ADTSave_TestcaseYW" name="Reg" time="0.000">
    <skipped/>
  </testcase> <!-- Reg -->
  <system-out/>
  <testcase classname="pagesTestCasesYasasiiWeb.KIMS_ADTSave_TestcaseYW" name="Reg" time="0.000">
    <skipped/>
  </testcase> <!-- Reg -->
  <system-out/>
  <testcase classname="pagesTestCasesYasasiiWeb.KIMS_ADTSave_TestcaseYW" name="Reg" time="0.000">
    <skipped/>
  </testcase> <!-- Reg -->
  <system-out/>
  <testcase classname="pagesTestCasesYasasiiWeb.KIMS_ADTSave_TestcaseYW" name="Reg" time="0.000">
    <skipped/>
  </testcase> <!-- Reg -->
  <system-out/>
  <testcase classname="pagesTestCasesYasasiiWeb.KIMS_ADTSave_TestcaseYW" name="Reg" time="0.000">
    <skipped/>
  </testcase> <!-- Reg -->
  <system-out/>
  <testcase classname="pagesTestCasesYasasiiWeb.KIMS_ADTSave_TestcaseYW" name="Reg" time="0.000">
    <skipped/>
  </testcase> <!-- Reg -->
  <system-out/>
  <testcase classname="pagesTestCasesYasasiiWeb.KIMS_ADTSave_TestcaseYW" name="Reg" time="0.000">
    <skipped/>
  </testcase> <!-- Reg -->
  <system-out/>
  <testcase classname="pagesTestCasesYasasiiWeb.KIMS_ADTSave_TestcaseYW" name="Reg" time="0.000">
    <skipped/>
  </testcase> <!-- Reg -->
  <system-out/>
  <testcase classname="pagesTestCasesYasasiiWeb.KIMS_ADTSave_TestcaseYW" name="Reg" time="0.000">
    <skipped/>
  </testcase> <!-- Reg -->
  <system-out/>
  <testcase classname="pagesTestCasesYasasiiWeb.KIMS_ADTSave_TestcaseYW" name="Reg" time="0.000">
    <skipped/>
  </testcase> <!-- Reg -->
  <system-out/>
  <testcase classname="pagesTestCasesYasasiiWeb.KIMS_ADTSave_TestcaseYW" name="Reg" time="0.000">
    <skipped/>
  </testcase> <!-- Reg -->
  <system-out/>
  <testcase classname="pagesTestCasesYasasiiWeb.KIMS_ADTSave_TestcaseYW" name="Reg" time="0.000">
    <skipped/>
  </testcase> <!-- Reg -->
  <system-out/>
  <testcase classname="pagesTestCasesYasasiiWeb.KIMS_ADTSave_TestcaseYW" name="Reg" time="0.000">
    <skipped/>
  </testcase> <!-- Reg -->
  <system-out/>
  <testcase classname="pagesTestCasesYasasiiWeb.KIMS_ADTSave_TestcaseYW" name="Reg" time="0.000">
    <skipped/>
  </testcase> <!-- Reg -->
  <system-out/>
  <testcase classname="pagesTestCasesYasasiiWeb.KIMS_ADTSave_TestcaseYW" name="Reg" time="0.000">
    <skipped/>
  </testcase> <!-- Reg -->
  <system-out/>
  <testcase classname="pagesTestCasesYasasiiWeb.KIMS_ADTSave_TestcaseYW" name="Reg" time="0.000">
    <skipped/>
  </testcase> <!-- Reg -->
  <system-out/>
  <testcase classname="pagesTestCasesYasasiiWeb.KIMS_ADTSave_TestcaseYW" name="Reg" time="0.000">
    <skipped/>
  </testcase> <!-- Reg -->
  <system-out/>
  <testcase classname="pagesTestCasesYasasiiWeb.KIMS_ADTSave_TestcaseYW" name="Reg" time="0.000">
    <skipped/>
  </testcase> <!-- Reg -->
  <system-out/>
  <testcase classname="pagesTestCasesYasasiiWeb.KIMS_ADTSave_TestcaseYW" name="Reg" time="0.000">
    <skipped/>
  </testcase> <!-- Reg -->
  <system-out/>
  <testcase classname="pagesTestCasesYasasiiWeb.KIMS_ADTSave_TestcaseYW" name="Reg" time="0.000">
    <skipped/>
  </testcase> <!-- Reg -->
  <system-out/>
  <testcase classname="pagesTestCasesYasasiiWeb.KIMS_ADTSave_TestcaseYW" name="Reg" time="0.000">
    <skipped/>
  </testcase> <!-- Reg -->
  <system-out/>
  <testcase classname="pagesTestCasesYasasiiWeb.KIMS_ADTSave_TestcaseYW" name="Reg" time="0.000">
    <skipped/>
  </testcase> <!-- Reg -->
  <system-out/>
  <testcase classname="pagesTestCasesYasasiiWeb.KIMS_ADTSave_TestcaseYW" name="Reg" time="0.000">
    <skipped/>
  </testcase> <!-- Reg -->
  <system-out/>
  <testcase classname="pagesTestCasesYasasiiWeb.KIMS_ADTSave_TestcaseYW" name="Reg" time="0.000">
    <skipped/>
  </testcase> <!-- Reg -->
  <system-out/>
  <testcase classname="pagesTestCasesYasasiiWeb.KIMS_ADTSave_TestcaseYW" name="Reg" time="0.000">
    <skipped/>
  </testcase> <!-- Reg -->
  <system-out/>
  <testcase classname="pagesTestCasesYasasiiWeb.KIMS_ADTSave_TestcaseYW" name="Reg" time="0.000">
    <skipped/>
  </testcase> <!-- Reg -->
  <system-out/>
  <testcase classname="pagesTestCasesYasasiiWeb.KIMS_ADTSave_TestcaseYW" name="Reg" time="0.000">
    <skipped/>
  </testcase> <!-- Reg -->
  <system-out/>
  <testcase classname="pagesTestCasesYasasiiWeb.KIMS_ADTSave_TestcaseYW" name="Reg" time="0.000">
    <skipped/>
  </testcase> <!-- Reg -->
  <system-out/>
  <testcase classname="pagesTestCasesYasasiiWeb.KIMS_ADTSave_TestcaseYW" name="Reg" time="0.000">
    <skipped/>
  </testcase> <!-- Reg -->
  <system-out/>
  <testcase classname="pagesTestCasesYasasiiWeb.KIMS_ADTSave_TestcaseYW" name="Reg" time="0.000">
    <skipped/>
  </testcase> <!-- Reg -->
  <system-out/>
  <testcase classname="pagesTestCasesYasasiiWeb.KIMS_ADTSave_TestcaseYW" name="Reg" time="0.000">
    <skipped/>
  </testcase> <!-- Reg -->
  <system-out/>
  <testcase classname="pagesTestCasesYasasiiWeb.KIMS_ADTSave_TestcaseYW" name="Reg" time="0.000">
    <skipped/>
  </testcase> <!-- Reg -->
  <system-out/>
  <testcase classname="pagesTestCasesYasasiiWeb.KIMS_ADTSave_TestcaseYW" name="Reg" time="0.000">
    <skipped/>
  </testcase> <!-- Reg -->
  <system-out/>
  <testcase classname="pagesTestCasesYasasiiWeb.KIMS_ADTSave_TestcaseYW" name="Reg" time="0.000">
    <skipped/>
  </testcase> <!-- Reg -->
  <system-out/>
  <testcase classname="pagesTestCasesYasasiiWeb.KIMS_ADTSave_TestcaseYW" name="Reg" time="0.000">
    <skipped/>
  </testcase> <!-- Reg -->
  <system-out/>
  <testcase classname="pagesTestCasesYasasiiWeb.KIMS_ADTSave_TestcaseYW" name="Reg" time="0.000">
    <skipped/>
  </testcase> <!-- Reg -->
  <system-out/>
  <testcase classname="pagesTestCasesYasasiiWeb.KIMS_ADTSave_TestcaseYW" name="Reg" time="0.000">
    <skipped/>
  </testcase> <!-- Reg -->
  <system-out/>
  <testcase classname="pagesTestCasesYasasiiWeb.KIMS_ADTSave_TestcaseYW" name="Reg" time="0.000">
    <skipped/>
  </testcase> <!-- Reg -->
  <system-out/>
  <testcase classname="pagesTestCasesYasasiiWeb.KIMS_ADTSave_TestcaseYW" name="Reg" time="0.000">
    <skipped/>
  </testcase> <!-- Reg -->
  <system-out/>
  <testcase classname="pagesTestCasesYasasiiWeb.KIMS_ADTSave_TestcaseYW" name="Reg" time="0.000">
    <skipped/>
  </testcase> <!-- Reg -->
  <system-out/>
  <testcase classname="pagesTestCasesYasasiiWeb.KIMS_ADTSave_TestcaseYW" name="Reg" time="0.000">
    <skipped/>
  </testcase> <!-- Reg -->
  <system-out/>
  <testcase classname="pagesTestCasesYasasiiWeb.KIMS_ADTSave_TestcaseYW" name="Reg" time="0.000">
    <skipped/>
  </testcase> <!-- Reg -->
  <system-out/>
  <testcase classname="pagesTestCasesYasasiiWeb.KIMS_ADTSave_TestcaseYW" name="Reg" time="0.000">
    <skipped/>
  </testcase> <!-- Reg -->
  <system-out/>
  <testcase classname="pagesTestCasesYasasiiWeb.KIMS_ADTSave_TestcaseYW" name="Reg" time="0.000">
    <skipped/>
  </testcase> <!-- Reg -->
  <system-out/>
  <testcase classname="pagesTestCasesYasasiiWeb.KIMS_ADTSave_TestcaseYW" name="Reg" time="0.000">
    <skipped/>
  </testcase> <!-- Reg -->
  <system-out/>
  <testcase classname="pagesTestCasesYasasiiWeb.KIMS_ADTSave_TestcaseYW" name="Reg" time="0.000">
    <skipped/>
  </testcase> <!-- Reg -->
  <system-out/>
  <testcase classname="pagesTestCasesYasasiiWeb.KIMS_ADTSave_TestcaseYW" name="Reg" time="0.000">
    <skipped/>
  </testcase> <!-- Reg -->
  <system-out/>
  <testcase classname="pagesTestCasesYasasiiWeb.KIMS_ADTSave_TestcaseYW" name="Reg" time="0.000">
    <skipped/>
  </testcase> <!-- Reg -->
  <system-out/>
  <testcase classname="pagesTestCasesYasasiiWeb.KIMS_ADTSave_TestcaseYW" name="Reg" time="0.000">
    <skipped/>
  </testcase> <!-- Reg -->
  <system-out/>
  <testcase classname="pagesTestCasesYasasiiWeb.KIMS_ADTSave_TestcaseYW" name="Reg" time="0.000">
    <skipped/>
  </testcase> <!-- Reg -->
  <system-out/>
  <testcase classname="pagesTestCasesYasasiiWeb.KIMS_ADTSave_TestcaseYW" name="Reg" time="0.000">
    <skipped/>
  </testcase> <!-- Reg -->
  <system-out/>
  <testcase classname="pagesTestCasesYasasiiWeb.KIMS_ADTSave_TestcaseYW" name="Reg" time="0.000">
    <skipped/>
  </testcase> <!-- Reg -->
  <system-out/>
  <testcase classname="pagesTestCasesYasasiiWeb.KIMS_ADTSave_TestcaseYW" name="Reg" time="0.000">
    <skipped/>
  </testcase> <!-- Reg -->
  <system-out/>
  <testcase classname="pagesTestCasesYasasiiWeb.KIMS_ADTSave_TestcaseYW" name="Reg" time="0.000">
    <skipped/>
  </testcase> <!-- Reg -->
  <system-out/>
  <testcase classname="pagesTestCasesYasasiiWeb.KIMS_ADTSave_TestcaseYW" name="Reg" time="0.000">
    <skipped/>
  </testcase> <!-- Reg -->
  <system-out/>
  <testcase classname="pagesTestCasesYasasiiWeb.KIMS_ADTSave_TestcaseYW" name="Reg" time="0.000">
    <skipped/>
  </testcase> <!-- Reg -->
  <system-out/>
  <testcase classname="pagesTestCasesYasasiiWeb.KIMS_ADTSave_TestcaseYW" name="Reg" time="0.000">
    <skipped/>
  </testcase> <!-- Reg -->
  <system-out/>
  <testcase classname="pagesTestCasesYasasiiWeb.KIMS_ADTSave_TestcaseYW" name="Reg" time="0.000">
    <skipped/>
  </testcase> <!-- Reg -->
  <system-out/>
  <testcase classname="pagesTestCasesYasasiiWeb.KIMS_ADTSave_TestcaseYW" name="Reg" time="0.000">
    <skipped/>
  </testcase> <!-- Reg -->
  <system-out/>
  <testcase classname="pagesTestCasesYasasiiWeb.KIMS_ADTSave_TestcaseYW" name="Reg" time="0.000">
    <skipped/>
  </testcase> <!-- Reg -->
  <system-out/>
  <testcase classname="pagesTestCasesYasasiiWeb.KIMS_ADTSave_TestcaseYW" name="Reg" time="0.000">
    <skipped/>
  </testcase> <!-- Reg -->
  <system-out/>
  <testcase classname="pagesTestCasesYasasiiWeb.KIMS_ADTSave_TestcaseYW" name="Reg" time="0.000">
    <skipped/>
  </testcase> <!-- Reg -->
  <system-out/>
  <testcase classname="pagesTestCasesYasasiiWeb.KIMS_ADTSave_TestcaseYW" name="Reg" time="0.000">
    <skipped/>
  </testcase> <!-- Reg -->
  <system-out/>
  <testcase classname="pagesTestCasesYasasiiWeb.KIMS_ADTSave_TestcaseYW" name="Reg" time="0.000">
    <skipped/>
  </testcase> <!-- Reg -->
  <system-out/>
  <testcase classname="pagesTestCasesYasasiiWeb.KIMS_ADTSave_TestcaseYW" name="Reg" time="0.000">
    <skipped/>
  </testcase> <!-- Reg -->
  <system-out/>
  <testcase classname="pagesTestCasesYasasiiWeb.KIMS_ADTSave_TestcaseYW" name="Reg" time="0.000">
    <skipped/>
  </testcase> <!-- Reg -->
  <system-out/>
  <testcase classname="pagesTestCasesYasasiiWeb.KIMS_ADTSave_TestcaseYW" name="Reg" time="0.000">
    <skipped/>
  </testcase> <!-- Reg -->
  <system-out/>
  <testcase classname="pagesTestCasesYasasiiWeb.KIMS_ADTSave_TestcaseYW" name="Reg" time="0.000">
    <skipped/>
  </testcase> <!-- Reg -->
  <system-out/>
  <testcase classname="pagesTestCasesYasasiiWeb.KIMS_ADTSave_TestcaseYW" name="Reg" time="0.000">
    <skipped/>
  </testcase> <!-- Reg -->
  <system-out/>
  <testcase classname="pagesTestCasesYasasiiWeb.KIMS_ADTSave_TestcaseYW" name="Reg" time="0.000">
    <skipped/>
  </testcase> <!-- Reg -->
  <system-out/>
  <testcase classname="pagesTestCasesYasasiiWeb.KIMS_ADTSave_TestcaseYW" name="Reg" time="0.000">
    <skipped/>
  </testcase> <!-- Reg -->
  <system-out/>
  <testcase classname="pagesTestCasesYasasiiWeb.KIMS_ADTSave_TestcaseYW" name="Reg" time="0.000">
    <skipped/>
  </testcase> <!-- Reg -->
  <system-out/>
  <testcase classname="pagesTestCasesYasasiiWeb.KIMS_ADTSave_TestcaseYW" name="Reg" time="0.000">
    <skipped/>
  </testcase> <!-- Reg -->
  <system-out/>
  <testcase classname="pagesTestCasesYasasiiWeb.KIMS_ADTSave_TestcaseYW" name="Reg" time="0.000">
    <skipped/>
  </testcase> <!-- Reg -->
  <system-out/>
  <testcase classname="pagesTestCasesYasasiiWeb.KIMS_ADTSave_TestcaseYW" name="Reg" time="0.000">
    <skipped/>
  </testcase> <!-- Reg -->
  <system-out/>
  <testcase classname="pagesTestCasesYasasiiWeb.KIMS_ADTSave_TestcaseYW" name="Reg" time="0.000">
    <skipped/>
  </testcase> <!-- Reg -->
  <system-out/>
  <testcase classname="pagesTestCasesYasasiiWeb.KIMS_ADTSave_TestcaseYW" name="Reg" time="0.000">
    <skipped/>
  </testcase> <!-- Reg -->
  <system-out/>
  <testcase classname="pagesTestCasesYasasiiWeb.KIMS_ADTSave_TestcaseYW" name="Reg" time="0.000">
    <skipped/>
  </testcase> <!-- Reg -->
  <system-out/>
  <testcase classname="pagesTestCasesYasasiiWeb.KIMS_ADTSave_TestcaseYW" name="Reg" time="0.000">
    <skipped/>
  </testcase> <!-- Reg -->
  <system-out/>
  <testcase classname="pagesTestCasesYasasiiWeb.KIMS_ADTSave_TestcaseYW" name="Reg" time="0.000">
    <skipped/>
  </testcase> <!-- Reg -->
  <system-out/>
  <testcase classname="pagesTestCasesYasasiiWeb.KIMS_ADTSave_TestcaseYW" name="Reg" time="0.000">
    <skipped/>
  </testcase> <!-- Reg -->
  <system-out/>
  <testcase classname="pagesTestCasesYasasiiWeb.KIMS_ADTSave_TestcaseYW" name="Reg" time="0.000">
    <skipped/>
  </testcase> <!-- Reg -->
  <system-out/>
  <testcase classname="pagesTestCasesYasasiiWeb.KIMS_ADTSave_TestcaseYW" name="Reg" time="0.000">
    <skipped/>
  </testcase> <!-- Reg -->
  <system-out/>
  <testcase classname="pagesTestCasesYasasiiWeb.KIMS_ADTSave_TestcaseYW" name="Reg" time="0.000">
    <skipped/>
  </testcase> <!-- Reg -->
  <system-out/>
  <testcase classname="pagesTestCasesYasasiiWeb.KIMS_ADTSave_TestcaseYW" name="Reg" time="0.000">
    <skipped/>
  </testcase> <!-- Reg -->
  <system-out/>
  <testcase classname="pagesTestCasesYasasiiWeb.KIMS_ADTSave_TestcaseYW" name="Reg" time="0.000">
    <skipped/>
  </testcase> <!-- Reg -->
  <system-out/>
  <testcase classname="pagesTestCasesYasasiiWeb.KIMS_ADTSave_TestcaseYW" name="Reg" time="0.000">
    <skipped/>
  </testcase> <!-- Reg -->
  <system-out/>
  <testcase classname="pagesTestCasesYasasiiWeb.KIMS_ADTSave_TestcaseYW" name="Reg" time="0.000">
    <skipped/>
  </testcase> <!-- Reg -->
  <system-out/>
  <testcase classname="pagesTestCasesYasasiiWeb.KIMS_ADTSave_TestcaseYW" name="Reg" time="0.000">
    <skipped/>
  </testcase> <!-- Reg -->
  <system-out/>
  <testcase classname="pagesTestCasesYasasiiWeb.KIMS_ADTSave_TestcaseYW" name="Reg" time="0.000">
    <skipped/>
  </testcase> <!-- Reg -->
  <system-out/>
  <testcase classname="pagesTestCasesYasasiiWeb.KIMS_ADTSave_TestcaseYW" name="Reg" time="0.000">
    <skipped/>
  </testcase> <!-- Reg -->
  <system-out/>
  <testcase classname="pagesTestCasesYasasiiWeb.KIMS_ADTSave_TestcaseYW" name="Reg" time="0.000">
    <skipped/>
  </testcase> <!-- Reg -->
  <system-out/>
  <testcase classname="pagesTestCasesYasasiiWeb.KIMS_ADTSave_TestcaseYW" name="Reg" time="0.000">
    <skipped/>
  </testcase> <!-- Reg -->
  <system-out/>
  <testcase classname="pagesTestCasesYasasiiWeb.KIMS_ADTSave_TestcaseYW" name="Reg" time="0.000">
    <skipped/>
  </testcase> <!-- Reg -->
  <system-out/>
  <testcase classname="pagesTestCasesYasasiiWeb.KIMS_ADTSave_TestcaseYW" name="Reg" time="0.000">
    <skipped/>
  </testcase> <!-- Reg -->
  <system-out/>
  <testcase classname="pagesTestCasesYasasiiWeb.KIMS_ADTSave_TestcaseYW" name="Reg" time="0.000">
    <skipped/>
  </testcase> <!-- Reg -->
  <system-out/>
  <testcase classname="pagesTestCasesYasasiiWeb.KIMS_ADTSave_TestcaseYW" name="Reg" time="0.000">
    <skipped/>
  </testcase> <!-- Reg -->
  <system-out/>
  <testcase classname="pagesTestCasesYasasiiWeb.KIMS_ADTSave_TestcaseYW" name="Reg" time="0.000">
    <skipped/>
  </testcase> <!-- Reg -->
  <system-out/>
  <testcase classname="pagesTestCasesYasasiiWeb.KIMS_ADTSave_TestcaseYW" name="Reg" time="0.000">
    <skipped/>
  </testcase> <!-- Reg -->
  <system-out/>
  <testcase classname="pagesTestCasesYasasiiWeb.KIMS_ADTSave_TestcaseYW" name="Reg" time="0.000">
    <skipped/>
  </testcase> <!-- Reg -->
  <system-out/>
  <testcase classname="pagesTestCasesYasasiiWeb.KIMS_ADTSave_TestcaseYW" name="Reg" time="0.000">
    <skipped/>
  </testcase> <!-- Reg -->
  <system-out/>
  <testcase classname="pagesTestCasesYasasiiWeb.KIMS_ADTSave_TestcaseYW" name="Reg" time="0.000">
    <skipped/>
  </testcase> <!-- Reg -->
  <system-out/>
  <testcase classname="pagesTestCasesYasasiiWeb.KIMS_ADTSave_TestcaseYW" name="Reg" time="0.000">
    <skipped/>
  </testcase> <!-- Reg -->
  <system-out/>
  <testcase classname="pagesTestCasesYasasiiWeb.KIMS_ADTSave_TestcaseYW" name="Reg" time="0.000">
    <skipped/>
  </testcase> <!-- Reg -->
  <system-out/>
  <testcase classname="pagesTestCasesYasasiiWeb.KIMS_ADTSave_TestcaseYW" name="Reg" time="0.000">
    <skipped/>
  </testcase> <!-- Reg -->
  <system-out/>
  <testcase classname="pagesTestCasesYasasiiWeb.KIMS_ADTSave_TestcaseYW" name="Reg" time="0.000">
    <skipped/>
  </testcase> <!-- Reg -->
  <system-out/>
  <testcase classname="pagesTestCasesYasasiiWeb.KIMS_ADTSave_TestcaseYW" name="Reg" time="0.000">
    <skipped/>
  </testcase> <!-- Reg -->
  <system-out/>
  <testcase classname="pagesTestCasesYasasiiWeb.KIMS_ADTSave_TestcaseYW" name="Reg" time="0.000">
    <skipped/>
  </testcase> <!-- Reg -->
  <system-out/>
  <testcase classname="pagesTestCasesYasasiiWeb.KIMS_ADTSave_TestcaseYW" name="Reg" time="0.000">
    <skipped/>
  </testcase> <!-- Reg -->
  <system-out/>
  <testcase classname="pagesTestCasesYasasiiWeb.KIMS_ADTSave_TestcaseYW" name="Reg" time="0.000">
    <skipped/>
  </testcase> <!-- Reg -->
  <system-out/>
  <testcase classname="pagesTestCasesYasasiiWeb.KIMS_ADTSave_TestcaseYW" name="Reg" time="0.000">
    <skipped/>
  </testcase> <!-- Reg -->
  <system-out/>
  <testcase classname="pagesTestCasesYasasiiWeb.KIMS_ADTSave_TestcaseYW" name="Reg" time="0.000">
    <skipped/>
  </testcase> <!-- Reg -->
  <system-out/>
  <testcase classname="pagesTestCasesYasasiiWeb.KIMS_ADTSave_TestcaseYW" name="Reg" time="0.000">
    <skipped/>
  </testcase> <!-- Reg -->
  <system-out/>
  <testcase classname="pagesTestCasesYasasiiWeb.KIMS_ADTSave_TestcaseYW" name="Reg" time="0.000">
    <skipped/>
  </testcase> <!-- Reg -->
  <system-out/>
  <testcase classname="pagesTestCasesYasasiiWeb.KIMS_ADTSave_TestcaseYW" name="Reg" time="0.000">
    <skipped/>
  </testcase> <!-- Reg -->
  <system-out/>
  <testcase classname="pagesTestCasesYasasiiWeb.KIMS_ADTSave_TestcaseYW" name="Reg" time="0.000">
    <skipped/>
  </testcase> <!-- Reg -->
  <system-out/>
  <testcase classname="pagesTestCasesYasasiiWeb.KIMS_ADTSave_TestcaseYW" name="Reg" time="0.000">
    <skipped/>
  </testcase> <!-- Reg -->
  <system-out/>
  <testcase classname="pagesTestCasesYasasiiWeb.KIMS_ADTSave_TestcaseYW" name="Reg" time="0.000">
    <skipped/>
  </testcase> <!-- Reg -->
  <system-out/>
  <testcase classname="pagesTestCasesYasasiiWeb.KIMS_ADTSave_TestcaseYW" name="Reg" time="0.000">
    <skipped/>
  </testcase> <!-- Reg -->
  <system-out/>
  <testcase classname="pagesTestCasesYasasiiWeb.KIMS_ADTSave_TestcaseYW" name="Reg" time="0.000">
    <skipped/>
  </testcase> <!-- Reg -->
  <system-out/>
  <testcase classname="pagesTestCasesYasasiiWeb.KIMS_ADTSave_TestcaseYW" name="Reg" time="0.000">
    <skipped/>
  </testcase> <!-- Reg -->
  <system-out/>
  <testcase classname="pagesTestCasesYasasiiWeb.KIMS_ADTSave_TestcaseYW" name="Reg" time="0.000">
    <skipped/>
  </testcase> <!-- Reg -->
  <system-out/>
  <testcase classname="pagesTestCasesYasasiiWeb.KIMS_ADTSave_TestcaseYW" name="Reg" time="0.000">
    <skipped/>
  </testcase> <!-- Reg -->
  <system-out/>
  <testcase classname="pagesTestCasesYasasiiWeb.KIMS_ADTSave_TestcaseYW" name="Reg" time="0.000">
    <skipped/>
  </testcase> <!-- Reg -->
  <system-out/>
  <testcase classname="pagesTestCasesYasasiiWeb.KIMS_ADTSave_TestcaseYW" name="Reg" time="0.000">
    <skipped/>
  </testcase> <!-- Reg -->
  <system-out/>
  <testcase classname="pagesTestCasesYasasiiWeb.KIMS_ADTSave_TestcaseYW" name="Reg" time="0.000">
    <skipped/>
  </testcase> <!-- Reg -->
  <system-out/>
  <testcase classname="pagesTestCasesYasasiiWeb.KIMS_ADTSave_TestcaseYW" name="Reg" time="0.000">
    <skipped/>
  </testcase> <!-- Reg -->
  <system-out/>
  <testcase classname="pagesTestCasesYasasiiWeb.KIMS_ADTSave_TestcaseYW" name="Reg" time="0.000">
    <skipped/>
  </testcase> <!-- Reg -->
  <system-out/>
  <testcase classname="pagesTestCasesYasasiiWeb.KIMS_ADTSave_TestcaseYW" name="Reg" time="0.000">
    <skipped/>
  </testcase> <!-- Reg -->
  <system-out/>
  <testcase classname="pagesTestCasesYasasiiWeb.KIMS_ADTSave_TestcaseYW" name="Reg" time="0.000">
    <skipped/>
  </testcase> <!-- Reg -->
  <system-out/>
  <testcase classname="pagesTestCasesYasasiiWeb.KIMS_ADTSave_TestcaseYW" name="Reg" time="0.000">
    <skipped/>
  </testcase> <!-- Reg -->
  <system-out/>
  <testcase classname="pagesTestCasesYasasiiWeb.KIMS_ADTSave_TestcaseYW" name="Reg" time="0.000">
    <skipped/>
  </testcase> <!-- Reg -->
  <system-out/>
  <testcase classname="pagesTestCasesYasasiiWeb.KIMS_ADTSave_TestcaseYW" name="Reg" time="0.000">
    <skipped/>
  </testcase> <!-- Reg -->
  <system-out/>
  <testcase classname="pagesTestCasesYasasiiWeb.KIMS_ADTSave_TestcaseYW" name="Reg" time="0.000">
    <skipped/>
  </testcase> <!-- Reg -->
  <system-out/>
  <testcase classname="pagesTestCasesYasasiiWeb.KIMS_ADTSave_TestcaseYW" name="Reg" time="0.000">
    <skipped/>
  </testcase> <!-- Reg -->
  <system-out/>
  <testcase classname="pagesTestCasesYasasiiWeb.KIMS_ADTSave_TestcaseYW" name="Reg" time="0.000">
    <skipped/>
  </testcase> <!-- Reg -->
  <system-out/>
  <testcase classname="pagesTestCasesYasasiiWeb.KIMS_ADTSave_TestcaseYW" name="Reg" time="0.000">
    <skipped/>
  </testcase> <!-- Reg -->
  <system-out/>
  <testcase classname="pagesTestCasesYasasiiWeb.KIMS_ADTSave_TestcaseYW" name="Reg" time="0.000">
    <skipped/>
  </testcase> <!-- Reg -->
  <system-out/>
  <testcase classname="pagesTestCasesYasasiiWeb.KIMS_ADTSave_TestcaseYW" name="Reg" time="0.000">
    <skipped/>
  </testcase> <!-- Reg -->
  <system-out/>
  <testcase classname="pagesTestCasesYasasiiWeb.KIMS_ADTSave_TestcaseYW" name="Reg" time="0.000">
    <skipped/>
  </testcase> <!-- Reg -->
  <system-out/>
  <testcase classname="pagesTestCasesYasasiiWeb.KIMS_ADTSave_TestcaseYW" name="Reg" time="0.000">
    <skipped/>
  </testcase> <!-- Reg -->
  <system-out/>
  <testcase classname="pagesTestCasesYasasiiWeb.KIMS_ADTSave_TestcaseYW" name="Reg" time="0.000">
    <skipped/>
  </testcase> <!-- Reg -->
  <system-out/>
  <testcase classname="pagesTestCasesYasasiiWeb.KIMS_ADTSave_TestcaseYW" name="Reg" time="0.000">
    <skipped/>
  </testcase> <!-- Reg -->
  <system-out/>
  <testcase classname="pagesTestCasesYasasiiWeb.KIMS_ADTSave_TestcaseYW" name="Reg" time="0.000">
    <skipped/>
  </testcase> <!-- Reg -->
  <system-out/>
  <testcase classname="pagesTestCasesYasasiiWeb.KIMS_ADTSave_TestcaseYW" name="Reg" time="0.000">
    <skipped/>
  </testcase> <!-- Reg -->
  <system-out/>
  <testcase classname="pagesTestCasesYasasiiWeb.KIMS_ADTSave_TestcaseYW" name="Reg" time="0.000">
    <skipped/>
  </testcase> <!-- Reg -->
  <system-out/>
  <testcase classname="pagesTestCasesYasasiiWeb.KIMS_ADTSave_TestcaseYW" name="Reg" time="0.000">
    <skipped/>
  </testcase> <!-- Reg -->
  <system-out/>
  <testcase classname="pagesTestCasesYasasiiWeb.KIMS_ADTSave_TestcaseYW" name="Reg" time="0.000">
    <skipped/>
  </testcase> <!-- Reg -->
  <system-out/>
  <testcase classname="pagesTestCasesYasasiiWeb.KIMS_ADTSave_TestcaseYW" name="Reg" time="0.000">
    <skipped/>
  </testcase> <!-- Reg -->
  <system-out/>
  <testcase classname="pagesTestCasesYasasiiWeb.KIMS_ADTSave_TestcaseYW" name="Reg" time="0.000">
    <skipped/>
  </testcase> <!-- Reg -->
  <system-out/>
  <testcase classname="pagesTestCasesYasasiiWeb.KIMS_ADTSave_TestcaseYW" name="Reg" time="0.000">
    <skipped/>
  </testcase> <!-- Reg -->
  <system-out/>
  <testcase classname="pagesTestCasesYasasiiWeb.KIMS_ADTSave_TestcaseYW" name="Reg" time="0.000">
    <skipped/>
  </testcase> <!-- Reg -->
  <system-out/>
  <testcase classname="pagesTestCasesYasasiiWeb.KIMS_ADTSave_TestcaseYW" name="Reg" time="0.000">
    <skipped/>
  </testcase> <!-- Reg -->
  <system-out/>
  <testcase classname="pagesTestCasesYasasiiWeb.KIMS_ADTSave_TestcaseYW" name="Reg" time="0.000">
    <skipped/>
  </testcase> <!-- Reg -->
  <system-out/>
  <testcase classname="pagesTestCasesYasasiiWeb.KIMS_ADTSave_TestcaseYW" name="Reg" time="0.000">
    <skipped/>
  </testcase> <!-- Reg -->
  <system-out/>
  <testcase classname="pagesTestCasesYasasiiWeb.KIMS_ADTSave_TestcaseYW" name="Reg" time="0.000">
    <skipped/>
  </testcase> <!-- Reg -->
  <system-out/>
  <testcase classname="pagesTestCasesYasasiiWeb.KIMS_ADTSave_TestcaseYW" name="Reg" time="0.000">
    <skipped/>
  </testcase> <!-- Reg -->
  <system-out/>
  <testcase classname="pagesTestCasesYasasiiWeb.KIMS_ADTSave_TestcaseYW" name="Reg" time="0.000">
    <skipped/>
  </testcase> <!-- Reg -->
  <system-out/>
  <testcase classname="pagesTestCasesYasasiiWeb.KIMS_ADTSave_TestcaseYW" name="Reg" time="0.000">
    <skipped/>
  </testcase> <!-- Reg -->
  <system-out/>
  <testcase classname="pagesTestCasesYasasiiWeb.KIMS_ADTSave_TestcaseYW" name="Reg" time="0.000">
    <skipped/>
  </testcase> <!-- Reg -->
  <system-out/>
  <testcase classname="pagesTestCasesYasasiiWeb.KIMS_ADTSave_TestcaseYW" name="Reg" time="0.000">
    <skipped/>
  </testcase> <!-- Reg -->
  <system-out/>
  <testcase classname="pagesTestCasesYasasiiWeb.KIMS_ADTSave_TestcaseYW" name="Reg" time="0.000">
    <skipped/>
  </testcase> <!-- Reg -->
  <system-out/>
  <testcase classname="pagesTestCasesYasasiiWeb.KIMS_ADTSave_TestcaseYW" name="Reg" time="0.000">
    <skipped/>
  </testcase> <!-- Reg -->
  <system-out/>
  <testcase classname="pagesTestCasesYasasiiWeb.KIMS_ADTSave_TestcaseYW" name="Reg" time="0.000">
    <skipped/>
  </testcase> <!-- Reg -->
  <system-out/>
  <testcase classname="pagesTestCasesYasasiiWeb.KIMS_ADTSave_TestcaseYW" name="Reg" time="0.000">
    <skipped/>
  </testcase> <!-- Reg -->
  <system-out/>
  <testcase classname="pagesTestCasesYasasiiWeb.KIMS_ADTSave_TestcaseYW" name="Reg" time="0.000">
    <skipped/>
  </testcase> <!-- Reg -->
  <system-out/>
  <testcase classname="pagesTestCasesYasasiiWeb.KIMS_ADTSave_TestcaseYW" name="Reg" time="0.000">
    <skipped/>
  </testcase> <!-- Reg -->
  <system-out/>
  <testcase classname="pagesTestCasesYasasiiWeb.KIMS_ADTSave_TestcaseYW" name="Reg" time="0.000">
    <skipped/>
  </testcase> <!-- Reg -->
  <system-out/>
  <testcase classname="pagesTestCasesYasasiiWeb.KIMS_ADTSave_TestcaseYW" name="Reg" time="0.000">
    <skipped/>
  </testcase> <!-- Reg -->
  <system-out/>
  <testcase classname="pagesTestCasesYasasiiWeb.KIMS_ADTSave_TestcaseYW" name="Reg" time="0.000">
    <skipped/>
  </testcase> <!-- Reg -->
  <system-out/>
  <testcase classname="pagesTestCasesYasasiiWeb.KIMS_ADTSave_TestcaseYW" name="Reg" time="0.000">
    <skipped/>
  </testcase> <!-- Reg -->
  <system-out/>
  <testcase classname="pagesTestCasesYasasiiWeb.KIMS_ADTSave_TestcaseYW" name="Reg" time="0.000">
    <skipped/>
  </testcase> <!-- Reg -->
  <system-out/>
  <testcase classname="pagesTestCasesYasasiiWeb.KIMS_ADTSave_TestcaseYW" name="Reg" time="0.000">
    <skipped/>
  </testcase> <!-- Reg -->
  <system-out/>
  <testcase classname="pagesTestCasesYasasiiWeb.KIMS_ADTSave_TestcaseYW" name="Reg" time="0.000">
    <skipped/>
  </testcase> <!-- Reg -->
  <system-out/>
  <testcase classname="pagesTestCasesYasasiiWeb.KIMS_ADTSave_TestcaseYW" name="Reg" time="0.000">
    <skipped/>
  </testcase> <!-- Reg -->
  <system-out/>
  <testcase classname="pagesTestCasesYasasiiWeb.KIMS_ADTSave_TestcaseYW" name="Reg" time="0.000">
    <skipped/>
  </testcase> <!-- Reg -->
  <system-out/>
  <testcase classname="pagesTestCasesYasasiiWeb.KIMS_ADTSave_TestcaseYW" name="Reg" time="0.000">
    <skipped/>
  </testcase> <!-- Reg -->
  <system-out/>
  <testcase classname="pagesTestCasesYasasiiWeb.KIMS_ADTSave_TestcaseYW" name="Reg" time="0.000">
    <skipped/>
  </testcase> <!-- Reg -->
  <system-out/>
  <testcase classname="pagesTestCasesYasasiiWeb.KIMS_ADTSave_TestcaseYW" name="Reg" time="0.000">
    <skipped/>
  </testcase> <!-- Reg -->
  <system-out/>
  <testcase classname="pagesTestCasesYasasiiWeb.KIMS_ADTSave_TestcaseYW" name="Reg" time="0.000">
    <skipped/>
  </testcase> <!-- Reg -->
  <system-out/>
  <testcase classname="pagesTestCasesYasasiiWeb.KIMS_ADTSave_TestcaseYW" name="Reg" time="0.000">
    <skipped/>
  </testcase> <!-- Reg -->
  <system-out/>
  <testcase classname="pagesTestCasesYasasiiWeb.KIMS_ADTSave_TestcaseYW" name="Reg" time="0.000">
    <skipped/>
  </testcase> <!-- Reg -->
  <system-out/>
  <testcase classname="pagesTestCasesYasasiiWeb.KIMS_ADTSave_TestcaseYW" name="Reg" time="0.000">
    <skipped/>
  </testcase> <!-- Reg -->
  <system-out/>
  <testcase classname="pagesTestCasesYasasiiWeb.KIMS_ADTSave_TestcaseYW" name="Reg" time="0.000">
    <skipped/>
  </testcase> <!-- Reg -->
  <system-out/>
  <testcase classname="pagesTestCasesYasasiiWeb.KIMS_ADTSave_TestcaseYW" name="Reg" time="0.000">
    <skipped/>
  </testcase> <!-- Reg -->
  <system-out/>
  <testcase classname="pagesTestCasesYasasiiWeb.KIMS_ADTSave_TestcaseYW" name="Reg" time="0.000">
    <skipped/>
  </testcase> <!-- Reg -->
  <system-out/>
  <testcase classname="pagesTestCasesYasasiiWeb.KIMS_ADTSave_TestcaseYW" name="Reg" time="0.000">
    <skipped/>
  </testcase> <!-- Reg -->
  <system-out/>
  <testcase classname="pagesTestCasesYasasiiWeb.KIMS_ADTSave_TestcaseYW" name="Reg" time="0.000">
    <skipped/>
  </testcase> <!-- Reg -->
  <system-out/>
  <testcase classname="pagesTestCasesYasasiiWeb.KIMS_ADTSave_TestcaseYW" name="Reg" time="0.000">
    <skipped/>
  </testcase> <!-- Reg -->
  <system-out/>
  <testcase classname="pagesTestCasesYasasiiWeb.KIMS_ADTSave_TestcaseYW" name="Reg" time="0.000">
    <skipped/>
  </testcase> <!-- Reg -->
  <system-out/>
  <testcase classname="pagesTestCasesYasasiiWeb.KIMS_ADTSave_TestcaseYW" name="teardown" time="0.116">
    <error message="disconnected: not connected to DevTools
  (failed to check if window was closed: disconnected: not connected to DevTools)
  (Session info: chrome=121.0.6167.162)
Build info: version: &#039;4.11.0&#039;, revision: &#039;040bc5406b&#039;
System info: os.name: &#039;Windows 10&#039;, os.arch: &#039;amd64&#039;, os.version: &#039;10.0&#039;, java.version: &#039;17.0.7&#039;
Driver info: org.openqa.selenium.chrome.ChromeDriver
Command: [e93107987906948350a6f42263af6222, close {}]
Capabilities {acceptInsecureCerts: false, browserName: chrome, browserVersion: 121.0.6167.162, chrome: {chromedriverVersion: 121.0.6167.85 (3f98d690ad7e..., userDataDir: C:\Users\sriram\AppData\Loc...}, fedcm:accounts: true, goog:chromeOptions: {debuggerAddress: localhost:55654}, networkConnectionEnabled: false, pageLoadStrategy: normal, platformName: windows, proxy: Proxy(), se:cdp: ws://localhost:55654/devtoo..., se:cdpVersion: 121.0.6167.162, setWindowRect: true, strictFileInteractability: false, timeouts: {implicit: 0, pageLoad: 300000, script: 30000}, unhandledPromptBehavior: dismiss and notify, webauthn:extension:credBlob: true, webauthn:extension:largeBlob: true, webauthn:extension:minPinLength: true, webauthn:extension:prf: true, webauthn:virtualAuthenticators: true}
Session ID: e93107987906948350a6f42263af6222" type="org.openqa.selenium.WebDriverException">
      <![CDATA[org.openqa.selenium.WebDriverException: disconnected: not connected to DevTools
  (failed to check if window was closed: disconnected: not connected to DevTools)
  (Session info: chrome=121.0.6167.162)
Build info: version: '4.11.0', revision: '040bc5406b'
System info: os.name: 'Windows 10', os.arch: 'amd64', os.version: '10.0', java.version: '17.0.7'
Driver info: org.openqa.selenium.chrome.ChromeDriver
Command: [e93107987906948350a6f42263af6222, close {}]
Capabilities {acceptInsecureCerts: false, browserName: chrome, browserVersion: 121.0.6167.162, chrome: {chromedriverVersion: 121.0.6167.85 (3f98d690ad7e..., userDataDir: C:\Users\sriram\AppData\Loc...}, fedcm:accounts: true, goog:chromeOptions: {debuggerAddress: localhost:55654}, networkConnectionEnabled: false, pageLoadStrategy: normal, platformName: windows, proxy: Proxy(), se:cdp: ws://localhost:55654/devtoo..., se:cdpVersion: 121.0.6167.162, setWindowRect: true, strictFileInteractability: false, timeouts: {implicit: 0, pageLoad: 300000, script: 30000}, unhandledPromptBehavior: dismiss and notify, webauthn:extension:credBlob: true, webauthn:extension:largeBlob: true, webauthn:extension:minPinLength: true, webauthn:extension:prf: true, webauthn:virtualAuthenticators: true}
Session ID: e93107987906948350a6f42263af6222
at java.base/jdk.internal.reflect.NativeConstructorAccessorImpl.newInstance0(Native Method)
at java.base/jdk.internal.reflect.NativeConstructorAccessorImpl.newInstance(NativeConstructorAccessorImpl.java:77)
at java.base/jdk.internal.reflect.DelegatingConstructorAccessorImpl.newInstance(DelegatingConstructorAccessorImpl.java:45)
at java.base/java.lang.reflect.Constructor.newInstanceWithCaller(Constructor.java:499)
at java.base/java.lang.reflect.Constructor.newInstance(Constructor.java:480)
at org.openqa.selenium.remote.codec.w3c.W3CHttpResponseCodec.createException(W3CHttpResponseCodec.java:200)
at org.openqa.selenium.remote.codec.w3c.W3CHttpResponseCodec.decode(W3CHttpResponseCodec.java:133)
at org.openqa.selenium.remote.codec.w3c.W3CHttpResponseCodec.decode(W3CHttpResponseCodec.java:52)
at org.openqa.selenium.remote.HttpCommandExecutor.execute(HttpCommandExecutor.java:191)
at org.openqa.selenium.remote.service.DriverCommandExecutor.invokeExecute(DriverCommandExecutor.java:196)
at org.openqa.selenium.remote.service.DriverCommandExecutor.execute(DriverCommandExecutor.java:171)
at org.openqa.selenium.remote.RemoteWebDriver.execute(RemoteWebDriver.java:518)
at org.openqa.selenium.remote.RemoteWebDriver.execute(RemoteWebDriver.java:591)
at org.openqa.selenium.remote.RemoteWebDriver.execute(RemoteWebDriver.java:595)
at org.openqa.selenium.remote.RemoteWebDriver.close(RemoteWebDriver.java:405)
at com.baseYasasiiWeb.TestBaseYasasiiWeb.teardown(TestBaseYasasiiWeb.java:225)
at java.base/jdk.internal.reflect.NativeMethodAccessorImpl.invoke0(Native Method)
at java.base/jdk.internal.reflect.NativeMethodAccessorImpl.invoke(NativeMethodAccessorImpl.java:77)
at java.base/jdk.internal.reflect.DelegatingMethodAccessorImpl.invoke(DelegatingMethodAccessorImpl.java:43)
at java.base/java.lang.reflect.Method.invoke(Method.java:568)
at org.testng.internal.MethodInvocationHelper.invokeMethod(MethodInvocationHelper.java:132)
at org.testng.internal.MethodInvocationHelper.invokeMethodConsideringTimeout(MethodInvocationHelper.java:61)
at org.testng.internal.ConfigInvoker.invokeConfigurationMethod(ConfigInvoker.java:366)
at org.testng.internal.ConfigInvoker.invokeConfigurations(ConfigInvoker.java:320)
at org.testng.SuiteRunner.privateRun(SuiteRunner.java:351)
at org.testng.SuiteRunner.run(SuiteRunner.java:286)
at org.testng.SuiteRunnerWorker.runSuite(SuiteRunnerWorker.java:53)
at org.testng.SuiteRunnerWorker.run(SuiteRunnerWorker.java:96)
at org.testng.TestNG.runSuitesSequentially(TestNG.java:1218)
at org.testng.TestNG.runSuitesLocally(TestNG.java:1140)
at org.testng.TestNG.runSuites(TestNG.java:1069)
at org.testng.TestNG.run(TestNG.java:1037)
at org.testng.remote.AbstractRemoteTestNG.run(AbstractRemoteTestNG.java:115)
at org.testng.remote.RemoteTestNG.initAndRun(RemoteTestNG.java:251)
at org.testng.remote.RemoteTestNG.main(RemoteTestNG.java:77)
]]>
    </error>
  </testcase> <!-- teardown -->
  <system-out/>
  <testcase classname="pagesTestCasesYasasiiWeb.KIMS_ADTSave_TestcaseYW" name="Reg" time="0.000">
    <skipped/>
  </testcase> <!-- Reg -->
  <system-out/>
  <testcase classname="pagesTestCasesYasasiiWeb.KIMS_ADTSave_TestcaseYW" name="Reg" time="0.000">
    <skipped/>
  </testcase> <!-- Reg -->
  <system-out/>
  <testcase classname="pagesTestCasesYasasiiWeb.KIMS_ADTSave_TestcaseYW" name="Reg" time="0.000">
    <skipped/>
  </testcase> <!-- Reg -->
  <system-out/>
  <testcase classname="pagesTestCasesYasasiiWeb.KIMS_ADTSave_TestcaseYW" name="Reg" time="0.000">
    <skipped/>
  </testcase> <!-- Reg -->
  <system-out/>
  <testcase classname="pagesTestCasesYasasiiWeb.KIMS_ADTSave_TestcaseYW" name="Reg" time="0.000">
    <skipped/>
  </testcase> <!-- Reg -->
  <system-out/>
  <testcase classname="pagesTestCasesYasasiiWeb.KIMS_ADTSave_TestcaseYW" name="Reg" time="0.000">
    <skipped/>
  </testcase> <!-- Reg -->
  <system-out/>
  <testcase classname="pagesTestCasesYasasiiWeb.KIMS_ADTSave_TestcaseYW" name="Reg" time="0.000">
    <skipped/>
  </testcase> <!-- Reg -->
  <system-out/>
  <testcase classname="pagesTestCasesYasasiiWeb.KIMS_ADTSave_TestcaseYW" name="Reg" time="0.000">
    <skipped/>
  </testcase> <!-- Reg -->
  <system-out/>
  <testcase classname="pagesTestCasesYasasiiWeb.KIMS_ADTSave_TestcaseYW" name="Reg" time="0.000">
    <skipped/>
  </testcase> <!-- Reg -->
  <system-out/>
  <testcase classname="pagesTestCasesYasasiiWeb.KIMS_ADTSave_TestcaseYW" name="Reg" time="0.000">
    <skipped/>
  </testcase> <!-- Reg -->
  <system-out/>
  <testcase classname="pagesTestCasesYasasiiWeb.KIMS_ADTSave_TestcaseYW" name="Reg" time="0.000">
    <skipped/>
  </testcase> <!-- Reg -->
  <system-out/>
  <testcase classname="pagesTestCasesYasasiiWeb.KIMS_ADTSave_TestcaseYW" name="Reg" time="0.000">
    <skipped/>
  </testcase> <!-- Reg -->
  <system-out/>
  <testcase classname="pagesTestCasesYasasiiWeb.KIMS_ADTSave_TestcaseYW" name="Reg" time="0.000">
    <skipped/>
  </testcase> <!-- Reg -->
  <system-out/>
  <testcase classname="pagesTestCasesYasasiiWeb.KIMS_ADTSave_TestcaseYW" name="Reg" time="0.000">
    <skipped/>
  </testcase> <!-- Reg -->
  <system-out/>
  <testcase classname="pagesTestCasesYasasiiWeb.KIMS_ADTSave_TestcaseYW" name="Reg" time="0.000">
    <skipped/>
  </testcase> <!-- Reg -->
  <system-out/>
  <testcase classname="pagesTestCasesYasasiiWeb.KIMS_ADTSave_TestcaseYW" name="Reg" time="0.000">
    <skipped/>
  </testcase> <!-- Reg -->
  <system-out/>
  <testcase classname="pagesTestCasesYasasiiWeb.KIMS_ADTSave_TestcaseYW" name="Reg" time="0.000">
    <skipped/>
  </testcase> <!-- Reg -->
  <system-out/>
  <testcase classname="pagesTestCasesYasasiiWeb.KIMS_ADTSave_TestcaseYW" name="Reg" time="0.000">
    <skipped/>
  </testcase> <!-- Reg -->
  <system-out/>
  <testcase classname="pagesTestCasesYasasiiWeb.KIMS_ADTSave_TestcaseYW" name="Reg" time="0.000">
    <skipped/>
  </testcase> <!-- Reg -->
  <system-out/>
  <testcase classname="pagesTestCasesYasasiiWeb.KIMS_ADTSave_TestcaseYW" name="Reg" time="0.000">
    <skipped/>
  </testcase> <!-- Reg -->
  <system-out/>
  <testcase classname="pagesTestCasesYasasiiWeb.KIMS_ADTSave_TestcaseYW" name="Reg" time="0.000">
    <skipped/>
  </testcase> <!-- Reg -->
  <system-out/>
  <testcase classname="pagesTestCasesYasasiiWeb.KIMS_ADTSave_TestcaseYW" name="Reg" time="0.000">
    <skipped/>
  </testcase> <!-- Reg -->
  <system-out/>
  <testcase classname="pagesTestCasesYasasiiWeb.KIMS_ADTSave_TestcaseYW" name="Reg" time="0.000">
    <skipped/>
  </testcase> <!-- Reg -->
  <system-out/>
  <testcase classname="pagesTestCasesYasasiiWeb.KIMS_ADTSave_TestcaseYW" name="Reg" time="0.000">
    <skipped/>
  </testcase> <!-- Reg -->
  <system-out/>
  <testcase classname="pagesTestCasesYasasiiWeb.KIMS_ADTSave_TestcaseYW" name="Reg" time="0.000">
    <skipped/>
  </testcase> <!-- Reg -->
  <system-out/>
  <testcase classname="pagesTestCasesYasasiiWeb.KIMS_ADTSave_TestcaseYW" name="Reg" time="0.000">
    <skipped/>
  </testcase> <!-- Reg -->
  <system-out/>
  <testcase classname="pagesTestCasesYasasiiWeb.KIMS_ADTSave_TestcaseYW" name="Reg" time="0.000">
    <skipped/>
  </testcase> <!-- Reg -->
  <system-out/>
  <testcase classname="pagesTestCasesYasasiiWeb.KIMS_ADTSave_TestcaseYW" name="Reg" time="0.000">
    <skipped/>
  </testcase> <!-- Reg -->
  <system-out/>
  <testcase classname="pagesTestCasesYasasiiWeb.KIMS_ADTSave_TestcaseYW" name="Reg" time="0.000">
    <skipped/>
  </testcase> <!-- Reg -->
  <system-out/>
  <testcase classname="pagesTestCasesYasasiiWeb.KIMS_ADTSave_TestcaseYW" name="Reg" time="0.000">
    <skipped/>
  </testcase> <!-- Reg -->
  <system-out/>
  <testcase classname="pagesTestCasesYasasiiWeb.KIMS_ADTSave_TestcaseYW" name="Reg" time="0.000">
    <skipped/>
  </testcase> <!-- Reg -->
  <system-out/>
  <testcase classname="pagesTestCasesYasasiiWeb.KIMS_ADTSave_TestcaseYW" name="Reg" time="0.000">
    <skipped/>
  </testcase> <!-- Reg -->
  <system-out/>
  <testcase classname="pagesTestCasesYasasiiWeb.KIMS_ADTSave_TestcaseYW" name="Reg" time="0.000">
    <skipped/>
  </testcase> <!-- Reg -->
  <system-out/>
  <testcase classname="pagesTestCasesYasasiiWeb.KIMS_ADTSave_TestcaseYW" name="Reg" time="0.000">
    <skipped/>
  </testcase> <!-- Reg -->
  <system-out/>
  <testcase classname="pagesTestCasesYasasiiWeb.KIMS_ADTSave_TestcaseYW" name="Reg" time="0.000">
    <skipped/>
  </testcase> <!-- Reg -->
  <system-out/>
  <testcase classname="pagesTestCasesYasasiiWeb.KIMS_ADTSave_TestcaseYW" name="Reg" time="0.000">
    <skipped/>
  </testcase> <!-- Reg -->
  <system-out/>
  <testcase classname="pagesTestCasesYasasiiWeb.KIMS_ADTSave_TestcaseYW" name="Reg" time="0.000">
    <skipped/>
  </testcase> <!-- Reg -->
  <system-out/>
  <testcase classname="pagesTestCasesYasasiiWeb.KIMS_ADTSave_TestcaseYW" name="Reg" time="0.000">
    <skipped/>
  </testcase> <!-- Reg -->
  <system-out/>
  <testcase classname="pagesTestCasesYasasiiWeb.KIMS_ADTSave_TestcaseYW" name="Reg" time="0.000">
    <skipped/>
  </testcase> <!-- Reg -->
  <system-out/>
  <testcase classname="pagesTestCasesYasasiiWeb.KIMS_ADTSave_TestcaseYW" name="Reg" time="0.000">
    <skipped/>
  </testcase> <!-- Reg -->
  <system-out/>
  <testcase classname="pagesTestCasesYasasiiWeb.KIMS_ADTSave_TestcaseYW" name="Reg" time="0.001">
    <skipped/>
  </testcase> <!-- Reg -->
  <system-out/>
  <testcase classname="pagesTestCasesYasasiiWeb.KIMS_ADTSave_TestcaseYW" name="Reg" time="0.000">
    <skipped/>
  </testcase> <!-- Reg -->
  <system-out/>
  <testcase classname="pagesTestCasesYasasiiWeb.KIMS_ADTSave_TestcaseYW" name="Reg" time="0.000">
    <skipped/>
  </testcase> <!-- Reg -->
  <system-out/>
  <testcase classname="pagesTestCasesYasasiiWeb.KIMS_ADTSave_TestcaseYW" name="Reg" time="0.000">
    <skipped/>
  </testcase> <!-- Reg -->
  <system-out/>
  <testcase classname="pagesTestCasesYasasiiWeb.KIMS_ADTSave_TestcaseYW" name="Reg" time="0.000">
    <skipped/>
  </testcase> <!-- Reg -->
  <system-out/>
  <testcase classname="pagesTestCasesYasasiiWeb.KIMS_ADTSave_TestcaseYW" name="Reg" time="0.000">
    <skipped/>
  </testcase> <!-- Reg -->
  <system-out/>
  <testcase classname="pagesTestCasesYasasiiWeb.KIMS_ADTSave_TestcaseYW" name="Reg" time="0.000">
    <skipped/>
  </testcase> <!-- Reg -->
  <system-out/>
  <testcase classname="pagesTestCasesYasasiiWeb.KIMS_ADTSave_TestcaseYW" name="Reg" time="0.000">
    <skipped/>
  </testcase> <!-- Reg -->
  <system-out/>
  <testcase classname="pagesTestCasesYasasiiWeb.KIMS_ADTSave_TestcaseYW" name="Reg" time="0.000">
    <skipped/>
  </testcase> <!-- Reg -->
  <system-out/>
  <testcase classname="pagesTestCasesYasasiiWeb.KIMS_ADTSave_TestcaseYW" name="Reg" time="0.000">
    <skipped/>
  </testcase> <!-- Reg -->
  <system-out/>
  <testcase classname="pagesTestCasesYasasiiWeb.KIMS_ADTSave_TestcaseYW" name="Reg" time="0.000">
    <skipped/>
  </testcase> <!-- Reg -->
  <system-out/>
  <testcase classname="pagesTestCasesYasasiiWeb.KIMS_ADTSave_TestcaseYW" name="Reg" time="0.000">
    <skipped/>
  </testcase> <!-- Reg -->
  <system-out/>
  <testcase classname="pagesTestCasesYasasiiWeb.KIMS_ADTSave_TestcaseYW" name="Reg" time="0.000">
    <skipped/>
  </testcase> <!-- Reg -->
  <system-out/>
  <testcase classname="pagesTestCasesYasasiiWeb.KIMS_ADTSave_TestcaseYW" name="Reg" time="0.000">
    <skipped/>
  </testcase> <!-- Reg -->
  <system-out/>
  <testcase classname="pagesTestCasesYasasiiWeb.KIMS_ADTSave_TestcaseYW" name="Reg" time="0.000">
    <skipped/>
  </testcase> <!-- Reg -->
  <system-out/>
  <testcase classname="pagesTestCasesYasasiiWeb.KIMS_ADTSave_TestcaseYW" name="Reg" time="0.001">
    <skipped/>
  </testcase> <!-- Reg -->
  <system-out/>
  <testcase classname="pagesTestCasesYasasiiWeb.KIMS_ADTSave_TestcaseYW" name="Reg" time="0.000">
    <skipped/>
  </testcase> <!-- Reg -->
  <system-out/>
  <testcase classname="pagesTestCasesYasasiiWeb.KIMS_ADTSave_TestcaseYW" name="Reg" time="0.000">
    <skipped/>
  </testcase> <!-- Reg -->
  <system-out/>
  <testcase classname="pagesTestCasesYasasiiWeb.KIMS_ADTSave_TestcaseYW" name="Reg" time="0.000">
    <skipped/>
  </testcase> <!-- Reg -->
  <system-out/>
  <testcase classname="pagesTestCasesYasasiiWeb.KIMS_ADTSave_TestcaseYW" name="Reg" time="0.000">
    <skipped/>
  </testcase> <!-- Reg -->
  <system-out/>
  <testcase classname="pagesTestCasesYasasiiWeb.KIMS_ADTSave_TestcaseYW" name="Reg" time="0.000">
    <skipped/>
  </testcase> <!-- Reg -->
  <system-out/>
  <testcase classname="pagesTestCasesYasasiiWeb.KIMS_ADTSave_TestcaseYW" name="Reg" time="0.000">
    <skipped/>
  </testcase> <!-- Reg -->
  <system-out/>
  <testcase classname="pagesTestCasesYasasiiWeb.KIMS_ADTSave_TestcaseYW" name="Reg" time="0.000">
    <skipped/>
  </testcase> <!-- Reg -->
  <system-out/>
  <testcase classname="pagesTestCasesYasasiiWeb.KIMS_ADTSave_TestcaseYW" name="Reg" time="0.000">
    <skipped/>
  </testcase> <!-- Reg -->
  <system-out/>
  <testcase classname="pagesTestCasesYasasiiWeb.KIMS_ADTSave_TestcaseYW" name="Reg" time="0.000">
    <skipped/>
  </testcase> <!-- Reg -->
  <system-out/>
  <testcase classname="pagesTestCasesYasasiiWeb.KIMS_ADTSave_TestcaseYW" name="Reg" time="0.000">
    <skipped/>
  </testcase> <!-- Reg -->
  <system-out/>
  <testcase classname="pagesTestCasesYasasiiWeb.KIMS_ADTSave_TestcaseYW" name="Reg" time="0.000">
    <skipped/>
  </testcase> <!-- Reg -->
  <system-out/>
  <testcase classname="pagesTestCasesYasasiiWeb.KIMS_ADTSave_TestcaseYW" name="Reg" time="0.000">
    <skipped/>
  </testcase> <!-- Reg -->
  <system-out/>
  <testcase classname="pagesTestCasesYasasiiWeb.KIMS_ADTSave_TestcaseYW" name="Reg" time="0.000">
    <skipped/>
  </testcase> <!-- Reg -->
  <system-out/>
  <testcase classname="pagesTestCasesYasasiiWeb.KIMS_ADTSave_TestcaseYW" name="Reg" time="0.000">
    <skipped/>
  </testcase> <!-- Reg -->
  <system-out/>
  <testcase classname="pagesTestCasesYasasiiWeb.KIMS_ADTSave_TestcaseYW" name="Reg" time="0.000">
    <skipped/>
  </testcase> <!-- Reg -->
  <system-out/>
  <testcase classname="pagesTestCasesYasasiiWeb.KIMS_ADTSave_TestcaseYW" name="Reg" time="0.000">
    <skipped/>
  </testcase> <!-- Reg -->
  <system-out/>
  <testcase classname="pagesTestCasesYasasiiWeb.KIMS_ADTSave_TestcaseYW" name="Reg" time="0.000">
    <skipped/>
  </testcase> <!-- Reg -->
  <system-out/>
  <testcase classname="pagesTestCasesYasasiiWeb.KIMS_ADTSave_TestcaseYW" name="Reg" time="0.000">
    <skipped/>
  </testcase> <!-- Reg -->
  <system-out/>
  <testcase classname="pagesTestCasesYasasiiWeb.KIMS_ADTSave_TestcaseYW" name="Reg" time="0.000">
    <skipped/>
  </testcase> <!-- Reg -->
  <system-out/>
  <testcase classname="pagesTestCasesYasasiiWeb.KIMS_ADTSave_TestcaseYW" name="Reg" time="0.000">
    <skipped/>
  </testcase> <!-- Reg -->
  <system-out/>
  <testcase classname="pagesTestCasesYasasiiWeb.KIMS_ADTSave_TestcaseYW" name="Reg" time="0.000">
    <skipped/>
  </testcase> <!-- Reg -->
  <system-out/>
  <testcase classname="pagesTestCasesYasasiiWeb.KIMS_ADTSave_TestcaseYW" name="Reg" time="0.000">
    <skipped/>
  </testcase> <!-- Reg -->
  <system-out/>
  <testcase classname="pagesTestCasesYasasiiWeb.KIMS_ADTSave_TestcaseYW" name="Reg" time="0.000">
    <skipped/>
  </testcase> <!-- Reg -->
  <system-out/>
  <testcase classname="pagesTestCasesYasasiiWeb.KIMS_ADTSave_TestcaseYW" name="Reg" time="0.000">
    <skipped/>
  </testcase> <!-- Reg -->
  <system-out/>
  <testcase classname="pagesTestCasesYasasiiWeb.KIMS_ADTSave_TestcaseYW" name="Reg" time="0.000">
    <skipped/>
  </testcase> <!-- Reg -->
  <system-out/>
  <testcase classname="pagesTestCasesYasasiiWeb.KIMS_ADTSave_TestcaseYW" name="Reg" time="0.000">
    <skipped/>
  </testcase> <!-- Reg -->
  <system-out/>
  <testcase classname="pagesTestCasesYasasiiWeb.KIMS_ADTSave_TestcaseYW" name="Reg" time="0.000">
    <skipped/>
  </testcase> <!-- Reg -->
  <system-out/>
  <testcase classname="pagesTestCasesYasasiiWeb.KIMS_ADTSave_TestcaseYW" name="Reg" time="0.000">
    <skipped/>
  </testcase> <!-- Reg -->
  <system-out/>
  <testcase classname="pagesTestCasesYasasiiWeb.KIMS_ADTSave_TestcaseYW" name="Reg" time="0.000">
    <skipped/>
  </testcase> <!-- Reg -->
  <system-out/>
  <testcase classname="pagesTestCasesYasasiiWeb.KIMS_ADTSave_TestcaseYW" name="Reg" time="0.000">
    <skipped/>
  </testcase> <!-- Reg -->
  <system-out/>
  <testcase classname="pagesTestCasesYasasiiWeb.KIMS_ADTSave_TestcaseYW" name="Reg" time="0.000">
    <skipped/>
  </testcase> <!-- Reg -->
  <system-out/>
  <testcase classname="pagesTestCasesYasasiiWeb.KIMS_ADTSave_TestcaseYW" name="Reg" time="0.000">
    <skipped/>
  </testcase> <!-- Reg -->
  <system-out/>
  <testcase classname="pagesTestCasesYasasiiWeb.KIMS_ADTSave_TestcaseYW" name="Reg" time="0.000">
    <skipped/>
  </testcase> <!-- Reg -->
  <system-out/>
  <testcase classname="pagesTestCasesYasasiiWeb.KIMS_ADTSave_TestcaseYW" name="Reg" time="0.000">
    <skipped/>
  </testcase> <!-- Reg -->
  <system-out/>
  <testcase classname="pagesTestCasesYasasiiWeb.KIMS_ADTSave_TestcaseYW" name="Reg" time="0.000">
    <skipped/>
  </testcase> <!-- Reg -->
  <system-out/>
  <testcase classname="pagesTestCasesYasasiiWeb.KIMS_ADTSave_TestcaseYW" name="Reg" time="0.000">
    <skipped/>
  </testcase> <!-- Reg -->
  <system-out/>
  <testcase classname="pagesTestCasesYasasiiWeb.KIMS_ADTSave_TestcaseYW" name="Reg" time="0.000">
    <skipped/>
  </testcase> <!-- Reg -->
  <system-out/>
  <testcase classname="pagesTestCasesYasasiiWeb.KIMS_ADTSave_TestcaseYW" name="Reg" time="0.000">
    <skipped/>
  </testcase> <!-- Reg -->
  <system-out/>
  <testcase classname="pagesTestCasesYasasiiWeb.KIMS_ADTSave_TestcaseYW" name="Reg" time="0.000">
    <skipped/>
  </testcase> <!-- Reg -->
  <system-out/>
  <testcase classname="pagesTestCasesYasasiiWeb.KIMS_ADTSave_TestcaseYW" name="Reg" time="0.000">
    <skipped/>
  </testcase> <!-- Reg -->
  <system-out/>
  <testcase classname="pagesTestCasesYasasiiWeb.KIMS_ADTSave_TestcaseYW" name="Reg" time="0.000">
    <skipped/>
  </testcase> <!-- Reg -->
  <system-out/>
  <testcase classname="pagesTestCasesYasasiiWeb.KIMS_ADTSave_TestcaseYW" name="Reg" time="0.000">
    <skipped/>
  </testcase> <!-- Reg -->
  <system-out/>
  <testcase classname="pagesTestCasesYasasiiWeb.KIMS_ADTSave_TestcaseYW" name="Reg" time="0.000">
    <skipped/>
  </testcase> <!-- Reg -->
  <system-out/>
  <testcase classname="pagesTestCasesYasasiiWeb.KIMS_ADTSave_TestcaseYW" name="Reg" time="0.000">
    <skipped/>
  </testcase> <!-- Reg -->
  <system-out/>
  <testcase classname="pagesTestCasesYasasiiWeb.KIMS_ADTSave_TestcaseYW" name="Reg" time="0.000">
    <skipped/>
  </testcase> <!-- Reg -->
  <system-out/>
  <testcase classname="pagesTestCasesYasasiiWeb.KIMS_ADTSave_TestcaseYW" name="Reg" time="0.000">
    <skipped/>
  </testcase> <!-- Reg -->
  <system-out/>
  <testcase classname="pagesTestCasesYasasiiWeb.KIMS_ADTSave_TestcaseYW" name="Reg" time="0.000">
    <skipped/>
  </testcase> <!-- Reg -->
  <system-out/>
  <testcase classname="pagesTestCasesYasasiiWeb.KIMS_ADTSave_TestcaseYW" name="Reg" time="0.000">
    <skipped/>
  </testcase> <!-- Reg -->
  <system-out/>
  <testcase classname="pagesTestCasesYasasiiWeb.KIMS_ADTSave_TestcaseYW" name="Reg" time="0.000">
    <skipped/>
  </testcase> <!-- Reg -->
  <system-out/>
  <testcase classname="pagesTestCasesYasasiiWeb.KIMS_ADTSave_TestcaseYW" name="Reg" time="0.000">
    <skipped/>
  </testcase> <!-- Reg -->
  <system-out/>
  <testcase classname="pagesTestCasesYasasiiWeb.KIMS_ADTSave_TestcaseYW" name="Reg" time="0.000">
    <skipped/>
  </testcase> <!-- Reg -->
  <system-out/>
  <testcase classname="pagesTestCasesYasasiiWeb.KIMS_ADTSave_TestcaseYW" name="Reg" time="0.000">
    <skipped/>
  </testcase> <!-- Reg -->
  <system-out/>
  <testcase classname="pagesTestCasesYasasiiWeb.KIMS_ADTSave_TestcaseYW" name="Reg" time="0.000">
    <skipped/>
  </testcase> <!-- Reg -->
  <system-out/>
  <testcase classname="pagesTestCasesYasasiiWeb.KIMS_ADTSave_TestcaseYW" name="Reg" time="0.000">
    <skipped/>
  </testcase> <!-- Reg -->
  <system-out/>
  <testcase classname="pagesTestCasesYasasiiWeb.KIMS_ADTSave_TestcaseYW" name="Reg" time="0.000">
    <skipped/>
  </testcase> <!-- Reg -->
  <system-out/>
  <testcase classname="pagesTestCasesYasasiiWeb.KIMS_ADTSave_TestcaseYW" name="Reg" time="0.000">
    <skipped/>
  </testcase> <!-- Reg -->
  <system-out/>
  <testcase classname="pagesTestCasesYasasiiWeb.KIMS_ADTSave_TestcaseYW" name="Reg" time="0.000">
    <skipped/>
  </testcase> <!-- Reg -->
  <system-out/>
  <testcase classname="pagesTestCasesYasasiiWeb.KIMS_ADTSave_TestcaseYW" name="Reg" time="0.001">
    <skipped/>
  </testcase> <!-- Reg -->
  <system-out/>
  <testcase classname="pagesTestCasesYasasiiWeb.KIMS_ADTSave_TestcaseYW" name="Reg" time="0.000">
    <skipped/>
  </testcase> <!-- Reg -->
  <system-out/>
  <testcase classname="pagesTestCasesYasasiiWeb.KIMS_ADTSave_TestcaseYW" name="Reg" time="0.000">
    <skipped/>
  </testcase> <!-- Reg -->
  <system-out/>
  <testcase classname="pagesTestCasesYasasiiWeb.KIMS_ADTSave_TestcaseYW" name="Reg" time="0.000">
    <skipped/>
  </testcase> <!-- Reg -->
  <system-out/>
  <testcase classname="pagesTestCasesYasasiiWeb.KIMS_ADTSave_TestcaseYW" name="Reg" time="0.000">
    <skipped/>
  </testcase> <!-- Reg -->
  <system-out/>
  <testcase classname="pagesTestCasesYasasiiWeb.KIMS_ADTSave_TestcaseYW" name="Reg" time="0.000">
    <skipped/>
  </testcase> <!-- Reg -->
  <system-out/>
  <testcase classname="pagesTestCasesYasasiiWeb.KIMS_ADTSave_TestcaseYW" name="Reg" time="0.000">
    <skipped/>
  </testcase> <!-- Reg -->
  <system-out/>
  <testcase classname="pagesTestCasesYasasiiWeb.KIMS_ADTSave_TestcaseYW" name="Reg" time="0.000">
    <skipped/>
  </testcase> <!-- Reg -->
  <system-out/>
  <testcase classname="pagesTestCasesYasasiiWeb.KIMS_ADTSave_TestcaseYW" name="Reg" time="0.000">
    <skipped/>
  </testcase> <!-- Reg -->
  <system-out/>
  <testcase classname="pagesTestCasesYasasiiWeb.KIMS_ADTSave_TestcaseYW" name="Reg" time="0.000">
    <skipped/>
  </testcase> <!-- Reg -->
  <system-out/>
  <testcase classname="pagesTestCasesYasasiiWeb.KIMS_ADTSave_TestcaseYW" name="Reg" time="0.000">
    <skipped/>
  </testcase> <!-- Reg -->
  <system-out/>
  <testcase classname="pagesTestCasesYasasiiWeb.KIMS_ADTSave_TestcaseYW" name="Reg" time="0.000">
    <skipped/>
  </testcase> <!-- Reg -->
  <system-out/>
  <testcase classname="pagesTestCasesYasasiiWeb.KIMS_ADTSave_TestcaseYW" name="Reg" time="0.000">
    <skipped/>
  </testcase> <!-- Reg -->
  <system-out/>
  <testcase classname="pagesTestCasesYasasiiWeb.KIMS_ADTSave_TestcaseYW" name="Reg" time="0.000">
    <skipped/>
  </testcase> <!-- Reg -->
  <system-out/>
  <testcase classname="pagesTestCasesYasasiiWeb.KIMS_ADTSave_TestcaseYW" name="Reg" time="0.000">
    <skipped/>
  </testcase> <!-- Reg -->
  <system-out/>
  <testcase classname="pagesTestCasesYasasiiWeb.KIMS_ADTSave_TestcaseYW" name="Reg" time="0.000">
    <skipped/>
  </testcase> <!-- Reg -->
  <system-out/>
  <testcase classname="pagesTestCasesYasasiiWeb.KIMS_ADTSave_TestcaseYW" name="Reg" time="0.000">
    <skipped/>
  </testcase> <!-- Reg -->
  <system-out/>
  <testcase classname="pagesTestCasesYasasiiWeb.KIMS_ADTSave_TestcaseYW" name="Reg" time="0.000">
    <skipped/>
  </testcase> <!-- Reg -->
  <system-out/>
  <testcase classname="pagesTestCasesYasasiiWeb.KIMS_ADTSave_TestcaseYW" name="Reg" time="0.000">
    <skipped/>
  </testcase> <!-- Reg -->
  <system-out/>
  <testcase classname="pagesTestCasesYasasiiWeb.KIMS_ADTSave_TestcaseYW" name="Reg" time="0.000">
    <skipped/>
  </testcase> <!-- Reg -->
  <system-out/>
  <testcase classname="pagesTestCasesYasasiiWeb.KIMS_ADTSave_TestcaseYW" name="Reg" time="0.000">
    <skipped/>
  </testcase> <!-- Reg -->
  <system-out/>
  <testcase classname="pagesTestCasesYasasiiWeb.KIMS_ADTSave_TestcaseYW" name="Reg" time="0.000">
    <skipped/>
  </testcase> <!-- Reg -->
  <system-out/>
  <testcase classname="pagesTestCasesYasasiiWeb.KIMS_ADTSave_TestcaseYW" name="Reg" time="0.000">
    <skipped/>
  </testcase> <!-- Reg -->
  <system-out/>
  <testcase classname="pagesTestCasesYasasiiWeb.KIMS_ADTSave_TestcaseYW" name="Reg" time="0.000">
    <skipped/>
  </testcase> <!-- Reg -->
  <system-out/>
  <testcase classname="pagesTestCasesYasasiiWeb.KIMS_ADTSave_TestcaseYW" name="Reg" time="0.000">
    <skipped/>
  </testcase> <!-- Reg -->
  <system-out/>
  <testcase classname="pagesTestCasesYasasiiWeb.KIMS_ADTSave_TestcaseYW" name="Reg" time="0.000">
    <skipped/>
  </testcase> <!-- Reg -->
  <system-out/>
  <testcase classname="pagesTestCasesYasasiiWeb.KIMS_ADTSave_TestcaseYW" name="Reg" time="0.000">
    <skipped/>
  </testcase> <!-- Reg -->
  <system-out/>
  <testcase classname="pagesTestCasesYasasiiWeb.KIMS_ADTSave_TestcaseYW" name="Reg" time="0.000">
    <skipped/>
  </testcase> <!-- Reg -->
  <system-out/>
  <testcase classname="pagesTestCasesYasasiiWeb.KIMS_ADTSave_TestcaseYW" name="Reg" time="0.000">
    <skipped/>
  </testcase> <!-- Reg -->
  <system-out/>
  <testcase classname="pagesTestCasesYasasiiWeb.KIMS_ADTSave_TestcaseYW" name="Reg" time="0.000">
    <skipped/>
  </testcase> <!-- Reg -->
  <system-out/>
  <testcase classname="pagesTestCasesYasasiiWeb.KIMS_ADTSave_TestcaseYW" name="Reg" time="0.000">
    <skipped/>
  </testcase> <!-- Reg -->
  <system-out/>
  <testcase classname="pagesTestCasesYasasiiWeb.KIMS_ADTSave_TestcaseYW" name="Reg" time="0.000">
    <skipped/>
  </testcase> <!-- Reg -->
  <system-out/>
  <testcase classname="pagesTestCasesYasasiiWeb.KIMS_ADTSave_TestcaseYW" name="Reg" time="0.000">
    <skipped/>
  </testcase> <!-- Reg -->
  <system-out/>
  <testcase classname="pagesTestCasesYasasiiWeb.KIMS_ADTSave_TestcaseYW" name="Reg" time="0.000">
    <skipped/>
  </testcase> <!-- Reg -->
  <system-out/>
  <testcase classname="pagesTestCasesYasasiiWeb.KIMS_ADTSave_TestcaseYW" name="Reg" time="0.000">
    <skipped/>
  </testcase> <!-- Reg -->
  <system-out/>
  <testcase classname="pagesTestCasesYasasiiWeb.KIMS_ADTSave_TestcaseYW" name="Reg" time="0.000">
    <skipped/>
  </testcase> <!-- Reg -->
  <system-out/>
  <testcase classname="pagesTestCasesYasasiiWeb.KIMS_ADTSave_TestcaseYW" name="Reg" time="0.000">
    <skipped/>
  </testcase> <!-- Reg -->
  <system-out/>
  <testcase classname="pagesTestCasesYasasiiWeb.KIMS_ADTSave_TestcaseYW" name="Reg" time="0.000">
    <skipped/>
  </testcase> <!-- Reg -->
  <system-out/>
  <testcase classname="pagesTestCasesYasasiiWeb.KIMS_ADTSave_TestcaseYW" name="Reg" time="0.000">
    <skipped/>
  </testcase> <!-- Reg -->
  <system-out/>
  <testcase classname="pagesTestCasesYasasiiWeb.KIMS_ADTSave_TestcaseYW" name="Reg" time="0.000">
    <skipped/>
  </testcase> <!-- Reg -->
  <system-out/>
  <testcase classname="pagesTestCasesYasasiiWeb.KIMS_ADTSave_TestcaseYW" name="Reg" time="0.000">
    <skipped/>
  </testcase> <!-- Reg -->
  <system-out/>
  <testcase classname="pagesTestCasesYasasiiWeb.KIMS_ADTSave_TestcaseYW" name="Reg" time="0.000">
    <skipped/>
  </testcase> <!-- Reg -->
  <system-out/>
  <testcase classname="pagesTestCasesYasasiiWeb.KIMS_ADTSave_TestcaseYW" name="Reg" time="0.000">
    <skipped/>
  </testcase> <!-- Reg -->
  <system-out/>
  <testcase classname="pagesTestCasesYasasiiWeb.KIMS_ADTSave_TestcaseYW" name="Reg" time="0.000">
    <skipped/>
  </testcase> <!-- Reg -->
  <system-out/>
  <testcase classname="pagesTestCasesYasasiiWeb.KIMS_ADTSave_TestcaseYW" name="Reg" time="0.000">
    <skipped/>
  </testcase> <!-- Reg -->
  <system-out/>
  <testcase classname="pagesTestCasesYasasiiWeb.KIMS_ADTSave_TestcaseYW" name="Reg" time="0.001">
    <skipped/>
  </testcase> <!-- Reg -->
  <system-out/>
  <testcase classname="pagesTestCasesYasasiiWeb.KIMS_ADTSave_TestcaseYW" name="Reg" time="0.000">
    <skipped/>
  </testcase> <!-- Reg -->
  <system-out/>
  <testcase classname="pagesTestCasesYasasiiWeb.KIMS_ADTSave_TestcaseYW" name="Reg" time="0.000">
    <skipped/>
  </testcase> <!-- Reg -->
  <system-out/>
  <testcase classname="pagesTestCasesYasasiiWeb.KIMS_ADTSave_TestcaseYW" name="Reg" time="0.000">
    <skipped/>
  </testcase> <!-- Reg -->
  <system-out/>
  <testcase classname="pagesTestCasesYasasiiWeb.KIMS_ADTSave_TestcaseYW" name="Reg" time="0.000">
    <skipped/>
  </testcase> <!-- Reg -->
  <system-out/>
  <testcase classname="pagesTestCasesYasasiiWeb.KIMS_ADTSave_TestcaseYW" name="Reg" time="0.000">
    <skipped/>
  </testcase> <!-- Reg -->
  <system-out/>
  <testcase classname="pagesTestCasesYasasiiWeb.KIMS_ADTSave_TestcaseYW" name="Reg" time="0.000">
    <skipped/>
  </testcase> <!-- Reg -->
  <system-out/>
  <testcase classname="pagesTestCasesYasasiiWeb.KIMS_ADTSave_TestcaseYW" name="Reg" time="0.000">
    <skipped/>
  </testcase> <!-- Reg -->
  <system-out/>
  <testcase classname="pagesTestCasesYasasiiWeb.KIMS_ADTSave_TestcaseYW" name="Reg" time="0.000">
    <skipped/>
  </testcase> <!-- Reg -->
  <system-out/>
  <testcase classname="pagesTestCasesYasasiiWeb.KIMS_ADTSave_TestcaseYW" name="Reg" time="0.000">
    <skipped/>
  </testcase> <!-- Reg -->
  <system-out/>
  <testcase classname="pagesTestCasesYasasiiWeb.KIMS_ADTSave_TestcaseYW" name="Reg" time="0.000">
    <skipped/>
  </testcase> <!-- Reg -->
  <system-out/>
  <testcase classname="pagesTestCasesYasasiiWeb.KIMS_ADTSave_TestcaseYW" name="Reg" time="0.000">
    <skipped/>
  </testcase> <!-- Reg -->
  <system-out/>
  <testcase classname="pagesTestCasesYasasiiWeb.KIMS_ADTSave_TestcaseYW" name="Reg" time="0.000">
    <skipped/>
  </testcase> <!-- Reg -->
  <system-out/>
  <testcase classname="pagesTestCasesYasasiiWeb.KIMS_ADTSave_TestcaseYW" name="Reg" time="0.000">
    <skipped/>
  </testcase> <!-- Reg -->
  <system-out/>
  <testcase classname="pagesTestCasesYasasiiWeb.KIMS_ADTSave_TestcaseYW" name="Reg" time="0.000">
    <skipped/>
  </testcase> <!-- Reg -->
  <system-out/>
  <testcase classname="pagesTestCasesYasasiiWeb.KIMS_ADTSave_TestcaseYW" name="Reg" time="0.000">
    <skipped/>
  </testcase> <!-- Reg -->
  <system-out/>
  <testcase classname="pagesTestCasesYasasiiWeb.KIMS_ADTSave_TestcaseYW" name="Reg" time="0.000">
    <skipped/>
  </testcase> <!-- Reg -->
  <system-out/>
  <testcase classname="pagesTestCasesYasasiiWeb.KIMS_ADTSave_TestcaseYW" name="Reg" time="0.000">
    <skipped/>
  </testcase> <!-- Reg -->
  <system-out/>
  <testcase classname="pagesTestCasesYasasiiWeb.KIMS_ADTSave_TestcaseYW" name="Reg" time="0.000">
    <skipped/>
  </testcase> <!-- Reg -->
  <system-out/>
  <testcase classname="pagesTestCasesYasasiiWeb.KIMS_ADTSave_TestcaseYW" name="Reg" time="0.000">
    <skipped/>
  </testcase> <!-- Reg -->
  <system-out/>
  <testcase classname="pagesTestCasesYasasiiWeb.KIMS_ADTSave_TestcaseYW" name="Reg" time="0.000">
    <skipped/>
  </testcase> <!-- Reg -->
  <system-out/>
  <testcase classname="pagesTestCasesYasasiiWeb.KIMS_ADTSave_TestcaseYW" name="Reg" time="0.000">
    <skipped/>
  </testcase> <!-- Reg -->
  <system-out/>
  <testcase classname="pagesTestCasesYasasiiWeb.KIMS_ADTSave_TestcaseYW" name="Reg" time="0.000">
    <skipped/>
  </testcase> <!-- Reg -->
  <system-out/>
  <testcase classname="pagesTestCasesYasasiiWeb.KIMS_ADTSave_TestcaseYW" name="Reg" time="0.000">
    <skipped/>
  </testcase> <!-- Reg -->
  <system-out/>
  <testcase classname="pagesTestCasesYasasiiWeb.KIMS_ADTSave_TestcaseYW" name="Reg" time="0.000">
    <skipped/>
  </testcase> <!-- Reg -->
  <system-out/>
  <testcase classname="pagesTestCasesYasasiiWeb.KIMS_ADTSave_TestcaseYW" name="Reg" time="0.000">
    <skipped/>
  </testcase> <!-- Reg -->
  <system-out/>
  <testcase classname="pagesTestCasesYasasiiWeb.KIMS_ADTSave_TestcaseYW" name="Reg" time="0.000">
    <skipped/>
  </testcase> <!-- Reg -->
  <system-out/>
  <testcase classname="pagesTestCasesYasasiiWeb.KIMS_ADTSave_TestcaseYW" name="Reg" time="0.000">
    <skipped/>
  </testcase> <!-- Reg -->
  <system-out/>
  <testcase classname="pagesTestCasesYasasiiWeb.KIMS_ADTSave_TestcaseYW" name="Reg" time="0.000">
    <skipped/>
  </testcase> <!-- Reg -->
  <system-out/>
  <testcase classname="pagesTestCasesYasasiiWeb.KIMS_ADTSave_TestcaseYW" name="Reg" time="0.000">
    <skipped/>
  </testcase> <!-- Reg -->
  <system-out/>
  <testcase classname="pagesTestCasesYasasiiWeb.KIMS_ADTSave_TestcaseYW" name="Reg" time="0.000">
    <skipped/>
  </testcase> <!-- Reg -->
  <system-out/>
  <testcase classname="pagesTestCasesYasasiiWeb.KIMS_ADTSave_TestcaseYW" name="Reg" time="0.000">
    <skipped/>
  </testcase> <!-- Reg -->
  <system-out/>
  <testcase classname="pagesTestCasesYasasiiWeb.KIMS_ADTSave_TestcaseYW" name="Reg" time="0.000">
    <skipped/>
  </testcase> <!-- Reg -->
  <system-out/>
  <testcase classname="pagesTestCasesYasasiiWeb.KIMS_ADTSave_TestcaseYW" name="Reg" time="0.000">
    <skipped/>
  </testcase> <!-- Reg -->
  <system-out/>
  <testcase classname="pagesTestCasesYasasiiWeb.KIMS_ADTSave_TestcaseYW" name="Reg" time="0.000">
    <skipped/>
  </testcase> <!-- Reg -->
  <system-out/>
  <testcase classname="pagesTestCasesYasasiiWeb.KIMS_ADTSave_TestcaseYW" name="Reg" time="0.000">
    <skipped/>
  </testcase> <!-- Reg -->
  <system-out/>
  <testcase classname="pagesTestCasesYasasiiWeb.KIMS_ADTSave_TestcaseYW" name="Reg" time="0.000">
    <skipped/>
  </testcase> <!-- Reg -->
  <system-out/>
  <testcase classname="pagesTestCasesYasasiiWeb.KIMS_ADTSave_TestcaseYW" name="Reg" time="0.000">
    <skipped/>
  </testcase> <!-- Reg -->
  <system-out/>
  <testcase classname="pagesTestCasesYasasiiWeb.KIMS_ADTSave_TestcaseYW" name="Reg" time="0.000">
    <skipped/>
  </testcase> <!-- Reg -->
  <system-out/>
  <testcase classname="pagesTestCasesYasasiiWeb.KIMS_ADTSave_TestcaseYW" name="Reg" time="0.000">
    <skipped/>
  </testcase> <!-- Reg -->
  <system-out/>
  <testcase classname="pagesTestCasesYasasiiWeb.KIMS_ADTSave_TestcaseYW" name="Reg" time="0.000">
    <skipped/>
  </testcase> <!-- Reg -->
  <system-out/>
  <testcase classname="pagesTestCasesYasasiiWeb.KIMS_ADTSave_TestcaseYW" name="Reg" time="0.000">
    <skipped/>
  </testcase> <!-- Reg -->
  <system-out/>
  <testcase classname="pagesTestCasesYasasiiWeb.KIMS_ADTSave_TestcaseYW" name="Reg" time="0.000">
    <skipped/>
  </testcase> <!-- Reg -->
  <system-out/>
  <testcase classname="pagesTestCasesYasasiiWeb.KIMS_ADTSave_TestcaseYW" name="Reg" time="0.000">
    <skipped/>
  </testcase> <!-- Reg -->
  <system-out/>
  <testcase classname="pagesTestCasesYasasiiWeb.KIMS_ADTSave_TestcaseYW" name="Reg" time="0.000">
    <skipped/>
  </testcase> <!-- Reg -->
  <system-out/>
  <testcase classname="pagesTestCasesYasasiiWeb.KIMS_ADTSave_TestcaseYW" name="Reg" time="0.000">
    <skipped/>
  </testcase> <!-- Reg -->
  <system-out/>
  <testcase classname="pagesTestCasesYasasiiWeb.KIMS_ADTSave_TestcaseYW" name="Reg" time="0.000">
    <skipped/>
  </testcase> <!-- Reg -->
  <system-out/>
  <testcase classname="pagesTestCasesYasasiiWeb.KIMS_ADTSave_TestcaseYW" name="Reg" time="0.000">
    <skipped/>
  </testcase> <!-- Reg -->
  <system-out/>
  <testcase classname="pagesTestCasesYasasiiWeb.KIMS_ADTSave_TestcaseYW" name="Reg" time="0.000">
    <skipped/>
  </testcase> <!-- Reg -->
  <system-out/>
  <testcase classname="pagesTestCasesYasasiiWeb.KIMS_ADTSave_TestcaseYW" name="Reg" time="0.000">
    <skipped/>
  </testcase> <!-- Reg -->
  <system-out/>
  <testcase classname="pagesTestCasesYasasiiWeb.KIMS_ADTSave_TestcaseYW" name="Reg" time="0.000">
    <skipped/>
  </testcase> <!-- Reg -->
  <system-out/>
  <testcase classname="pagesTestCasesYasasiiWeb.KIMS_ADTSave_TestcaseYW" name="Reg" time="0.000">
    <skipped/>
  </testcase> <!-- Reg -->
  <system-out/>
  <testcase classname="pagesTestCasesYasasiiWeb.KIMS_ADTSave_TestcaseYW" name="Reg" time="0.000">
    <skipped/>
  </testcase> <!-- Reg -->
  <system-out/>
  <testcase classname="pagesTestCasesYasasiiWeb.KIMS_ADTSave_TestcaseYW" name="Reg" time="0.000">
    <skipped/>
  </testcase> <!-- Reg -->
  <system-out/>
  <testcase classname="pagesTestCasesYasasiiWeb.KIMS_ADTSave_TestcaseYW" name="Reg" time="0.000">
    <skipped/>
  </testcase> <!-- Reg -->
  <system-out/>
  <testcase classname="pagesTestCasesYasasiiWeb.KIMS_ADTSave_TestcaseYW" name="Reg" time="0.000">
    <skipped/>
  </testcase> <!-- Reg -->
  <system-out/>
  <testcase classname="pagesTestCasesYasasiiWeb.KIMS_ADTSave_TestcaseYW" name="Reg" time="0.000">
    <skipped/>
  </testcase> <!-- Reg -->
  <system-out/>
  <testcase classname="pagesTestCasesYasasiiWeb.KIMS_ADTSave_TestcaseYW" name="Reg" time="0.000">
    <skipped/>
  </testcase> <!-- Reg -->
  <system-out/>
  <testcase classname="pagesTestCasesYasasiiWeb.KIMS_ADTSave_TestcaseYW" name="Reg" time="0.000">
    <skipped/>
  </testcase> <!-- Reg -->
  <system-out/>
  <testcase classname="pagesTestCasesYasasiiWeb.KIMS_ADTSave_TestcaseYW" name="Reg" time="0.000">
    <skipped/>
  </testcase> <!-- Reg -->
  <system-out/>
  <testcase classname="pagesTestCasesYasasiiWeb.KIMS_ADTSave_TestcaseYW" name="Reg" time="0.000">
    <skipped/>
  </testcase> <!-- Reg -->
  <system-out/>
  <testcase classname="pagesTestCasesYasasiiWeb.KIMS_ADTSave_TestcaseYW" name="Reg" time="0.000">
    <skipped/>
  </testcase> <!-- Reg -->
  <system-out/>
  <testcase classname="pagesTestCasesYasasiiWeb.KIMS_ADTSave_TestcaseYW" name="Reg" time="0.000">
    <skipped/>
  </testcase> <!-- Reg -->
  <system-out/>
  <testcase classname="pagesTestCasesYasasiiWeb.KIMS_ADTSave_TestcaseYW" name="Reg" time="0.000">
    <skipped/>
  </testcase> <!-- Reg -->
  <system-out/>
  <testcase classname="pagesTestCasesYasasiiWeb.KIMS_ADTSave_TestcaseYW" name="Reg" time="0.000">
    <skipped/>
  </testcase> <!-- Reg -->
  <system-out/>
  <testcase classname="pagesTestCasesYasasiiWeb.KIMS_ADTSave_TestcaseYW" name="Reg" time="0.000">
    <skipped/>
  </testcase> <!-- Reg -->
  <system-out/>
  <testcase classname="pagesTestCasesYasasiiWeb.KIMS_ADTSave_TestcaseYW" name="Reg" time="0.000">
    <skipped/>
  </testcase> <!-- Reg -->
  <system-out/>
  <testcase classname="pagesTestCasesYasasiiWeb.KIMS_ADTSave_TestcaseYW" name="Reg" time="0.000">
    <skipped/>
  </testcase> <!-- Reg -->
  <system-out/>
  <testcase classname="pagesTestCasesYasasiiWeb.KIMS_ADTSave_TestcaseYW" name="Reg" time="0.000">
    <skipped/>
  </testcase> <!-- Reg -->
  <system-out/>
  <testcase classname="pagesTestCasesYasasiiWeb.KIMS_ADTSave_TestcaseYW" name="Reg" time="0.000">
    <skipped/>
  </testcase> <!-- Reg -->
  <system-out/>
  <testcase classname="pagesTestCasesYasasiiWeb.KIMS_ADTSave_TestcaseYW" name="Reg" time="0.000">
    <skipped/>
  </testcase> <!-- Reg -->
  <system-out/>
  <testcase classname="pagesTestCasesYasasiiWeb.KIMS_ADTSave_TestcaseYW" name="Reg" time="0.000">
    <skipped/>
  </testcase> <!-- Reg -->
  <system-out/>
  <testcase classname="pagesTestCasesYasasiiWeb.KIMS_ADTSave_TestcaseYW" name="Reg" time="0.000">
    <skipped/>
  </testcase> <!-- Reg -->
  <system-out/>
  <testcase classname="pagesTestCasesYasasiiWeb.KIMS_ADTSave_TestcaseYW" name="Reg" time="0.000">
    <skipped/>
  </testcase> <!-- Reg -->
  <system-out/>
  <testcase classname="pagesTestCasesYasasiiWeb.KIMS_ADTSave_TestcaseYW" name="Reg" time="0.000">
    <skipped/>
  </testcase> <!-- Reg -->
  <system-out/>
  <testcase classname="pagesTestCasesYasasiiWeb.KIMS_ADTSave_TestcaseYW" name="Reg" time="0.000">
    <skipped/>
  </testcase> <!-- Reg -->
  <system-out/>
  <testcase classname="pagesTestCasesYasasiiWeb.KIMS_ADTSave_TestcaseYW" name="Reg" time="0.000">
    <skipped/>
  </testcase> <!-- Reg -->
  <system-out/>
  <testcase classname="pagesTestCasesYasasiiWeb.KIMS_ADTSave_TestcaseYW" name="Reg" time="0.000">
    <skipped/>
  </testcase> <!-- Reg -->
  <system-out/>
  <testcase classname="pagesTestCasesYasasiiWeb.KIMS_ADTSave_TestcaseYW" name="Reg" time="0.000">
    <skipped/>
  </testcase> <!-- Reg -->
  <system-out/>
  <testcase classname="pagesTestCasesYasasiiWeb.KIMS_ADTSave_TestcaseYW" name="Reg" time="0.000">
    <skipped/>
  </testcase> <!-- Reg -->
  <system-out/>
  <testcase classname="pagesTestCasesYasasiiWeb.KIMS_ADTSave_TestcaseYW" name="Reg" time="0.000">
    <skipped/>
  </testcase> <!-- Reg -->
  <system-out/>
  <testcase classname="pagesTestCasesYasasiiWeb.KIMS_ADTSave_TestcaseYW" name="Reg" time="0.000">
    <skipped/>
  </testcase> <!-- Reg -->
  <system-out/>
  <testcase classname="pagesTestCasesYasasiiWeb.KIMS_ADTSave_TestcaseYW" name="Reg" time="0.000">
    <skipped/>
  </testcase> <!-- Reg -->
  <system-out/>
  <testcase classname="pagesTestCasesYasasiiWeb.KIMS_ADTSave_TestcaseYW" name="Reg" time="0.000">
    <skipped/>
  </testcase> <!-- Reg -->
  <system-out/>
  <testcase classname="pagesTestCasesYasasiiWeb.KIMS_ADTSave_TestcaseYW" name="Reg" time="0.000">
    <skipped/>
  </testcase> <!-- Reg -->
  <system-out/>
  <testcase classname="pagesTestCasesYasasiiWeb.KIMS_ADTSave_TestcaseYW" name="Reg" time="0.000">
    <skipped/>
  </testcase> <!-- Reg -->
  <system-out/>
  <testcase classname="pagesTestCasesYasasiiWeb.KIMS_ADTSave_TestcaseYW" name="Reg" time="0.000">
    <skipped/>
  </testcase> <!-- Reg -->
  <system-out/>
  <testcase classname="pagesTestCasesYasasiiWeb.KIMS_ADTSave_TestcaseYW" name="Reg" time="0.000">
    <skipped/>
  </testcase> <!-- Reg -->
  <system-out/>
  <testcase classname="pagesTestCasesYasasiiWeb.KIMS_ADTSave_TestcaseYW" name="Reg" time="0.000">
    <skipped/>
  </testcase> <!-- Reg -->
  <system-out/>
  <testcase classname="pagesTestCasesYasasiiWeb.KIMS_ADTSave_TestcaseYW" name="Reg" time="0.000">
    <skipped/>
  </testcase> <!-- Reg -->
  <system-out/>
  <testcase classname="pagesTestCasesYasasiiWeb.KIMS_ADTSave_TestcaseYW" name="Reg" time="0.000">
    <skipped/>
  </testcase> <!-- Reg -->
  <system-out/>
  <testcase classname="pagesTestCasesYasasiiWeb.KIMS_ADTSave_TestcaseYW" name="Reg" time="0.000">
    <skipped/>
  </testcase> <!-- Reg -->
  <system-out/>
  <testcase classname="pagesTestCasesYasasiiWeb.KIMS_ADTSave_TestcaseYW" name="Reg" time="0.000">
    <skipped/>
  </testcase> <!-- Reg -->
  <system-out/>
  <testcase classname="pagesTestCasesYasasiiWeb.KIMS_ADTSave_TestcaseYW" name="Reg" time="0.000">
    <skipped/>
  </testcase> <!-- Reg -->
  <system-out/>
  <testcase classname="pagesTestCasesYasasiiWeb.KIMS_ADTSave_TestcaseYW" name="Reg" time="0.000">
    <skipped/>
  </testcase> <!-- Reg -->
  <system-out/>
  <testcase classname="pagesTestCasesYasasiiWeb.KIMS_ADTSave_TestcaseYW" name="Reg" time="0.000">
    <skipped/>
  </testcase> <!-- Reg -->
  <system-out/>
  <testcase classname="pagesTestCasesYasasiiWeb.KIMS_ADTSave_TestcaseYW" name="Reg" time="0.000">
    <skipped/>
  </testcase> <!-- Reg -->
  <system-out/>
  <testcase classname="pagesTestCasesYasasiiWeb.KIMS_ADTSave_TestcaseYW" name="Reg" time="0.000">
    <skipped/>
  </testcase> <!-- Reg -->
  <system-out/>
  <testcase classname="pagesTestCasesYasasiiWeb.KIMS_ADTSave_TestcaseYW" name="Reg" time="0.000">
    <skipped/>
  </testcase> <!-- Reg -->
  <system-out/>
  <testcase classname="pagesTestCasesYasasiiWeb.KIMS_ADTSave_TestcaseYW" name="Reg" time="0.000">
    <skipped/>
  </testcase> <!-- Reg -->
  <system-out/>
  <testcase classname="pagesTestCasesYasasiiWeb.KIMS_ADTSave_TestcaseYW" name="Reg" time="0.000">
    <skipped/>
  </testcase> <!-- Reg -->
  <system-out/>
  <testcase classname="pagesTestCasesYasasiiWeb.KIMS_ADTSave_TestcaseYW" name="setup" time="6.081">
    <error message="no such window: target window already closed
from unknown error: web view not found
  (Session info: chrome=121.0.6167.162)
Build info: version: &#039;4.11.0&#039;, revision: &#039;040bc5406b&#039;
System info: os.name: &#039;Windows 10&#039;, os.arch: &#039;amd64&#039;, os.version: &#039;10.0&#039;, java.version: &#039;17.0.7&#039;
Driver info: org.openqa.selenium.chrome.ChromeDriver
Command: [e93107987906948350a6f42263af6222, maximizeCurrentWindow {}]
Capabilities {acceptInsecureCerts: false, browserName: chrome, browserVersion: 121.0.6167.162, chrome: {chromedriverVersion: 121.0.6167.85 (3f98d690ad7e..., userDataDir: C:\Users\sriram\AppData\Loc...}, fedcm:accounts: true, goog:chromeOptions: {debuggerAddress: localhost:55654}, networkConnectionEnabled: false, pageLoadStrategy: normal, platformName: windows, proxy: Proxy(), se:cdp: ws://localhost:55654/devtoo..., se:cdpVersion: 121.0.6167.162, setWindowRect: true, strictFileInteractability: false, timeouts: {implicit: 0, pageLoad: 300000, script: 30000}, unhandledPromptBehavior: dismiss and notify, webauthn:extension:credBlob: true, webauthn:extension:largeBlob: true, webauthn:extension:minPinLength: true, webauthn:extension:prf: true, webauthn:virtualAuthenticators: true}
Session ID: e93107987906948350a6f42263af6222" type="org.openqa.selenium.NoSuchWindowException">
      <![CDATA[org.openqa.selenium.NoSuchWindowException: no such window: target window already closed
from unknown error: web view not found
  (Session info: chrome=121.0.6167.162)
Build info: version: '4.11.0', revision: '040bc5406b'
System info: os.name: 'Windows 10', os.arch: 'amd64', os.version: '10.0', java.version: '17.0.7'
Driver info: org.openqa.selenium.chrome.ChromeDriver
Command: [e93107987906948350a6f42263af6222, maximizeCurrentWindow {}]
Capabilities {acceptInsecureCerts: false, browserName: chrome, browserVersion: 121.0.6167.162, chrome: {chromedriverVersion: 121.0.6167.85 (3f98d690ad7e..., userDataDir: C:\Users\sriram\AppData\Loc...}, fedcm:accounts: true, goog:chromeOptions: {debuggerAddress: localhost:55654}, networkConnectionEnabled: false, pageLoadStrategy: normal, platformName: windows, proxy: Proxy(), se:cdp: ws://localhost:55654/devtoo..., se:cdpVersion: 121.0.6167.162, setWindowRect: true, strictFileInteractability: false, timeouts: {implicit: 0, pageLoad: 300000, script: 30000}, unhandledPromptBehavior: dismiss and notify, webauthn:extension:credBlob: true, webauthn:extension:largeBlob: true, webauthn:extension:minPinLength: true, webauthn:extension:prf: true, webauthn:virtualAuthenticators: true}
Session ID: e93107987906948350a6f42263af6222
at java.base/jdk.internal.reflect.NativeConstructorAccessorImpl.newInstance0(Native Method)
at java.base/jdk.internal.reflect.NativeConstructorAccessorImpl.newInstance(NativeConstructorAccessorImpl.java:77)
at java.base/jdk.internal.reflect.DelegatingConstructorAccessorImpl.newInstance(DelegatingConstructorAccessorImpl.java:45)
at java.base/java.lang.reflect.Constructor.newInstanceWithCaller(Constructor.java:499)
at java.base/java.lang.reflect.Constructor.newInstance(Constructor.java:480)
at org.openqa.selenium.remote.codec.w3c.W3CHttpResponseCodec.createException(W3CHttpResponseCodec.java:200)
at org.openqa.selenium.remote.codec.w3c.W3CHttpResponseCodec.decode(W3CHttpResponseCodec.java:133)
at org.openqa.selenium.remote.codec.w3c.W3CHttpResponseCodec.decode(W3CHttpResponseCodec.java:52)
at org.openqa.selenium.remote.HttpCommandExecutor.execute(HttpCommandExecutor.java:191)
at org.openqa.selenium.remote.service.DriverCommandExecutor.invokeExecute(DriverCommandExecutor.java:196)
at org.openqa.selenium.remote.service.DriverCommandExecutor.execute(DriverCommandExecutor.java:171)
at org.openqa.selenium.remote.RemoteWebDriver.execute(RemoteWebDriver.java:518)
at org.openqa.selenium.remote.RemoteWebDriver.execute(RemoteWebDriver.java:591)
at org.openqa.selenium.remote.RemoteWebDriver.execute(RemoteWebDriver.java:595)
at org.openqa.selenium.remote.RemoteWebDriver$RemoteWebDriverOptions$RemoteWindow.maximize(RemoteWebDriver.java:978)
at com.baseYasasiiWeb.TestBaseYasasiiWeb.setup(TestBaseYasasiiWeb.java:135)
at java.base/jdk.internal.reflect.NativeMethodAccessorImpl.invoke0(Native Method)
at java.base/jdk.internal.reflect.NativeMethodAccessorImpl.invoke(NativeMethodAccessorImpl.java:77)
at java.base/jdk.internal.reflect.DelegatingMethodAccessorImpl.invoke(DelegatingMethodAccessorImpl.java:43)
at java.base/java.lang.reflect.Method.invoke(Method.java:568)
at org.testng.internal.MethodInvocationHelper.invokeMethod(MethodInvocationHelper.java:132)
at org.testng.internal.MethodInvocationHelper.invokeMethodConsideringTimeout(MethodInvocationHelper.java:61)
at org.testng.internal.ConfigInvoker.invokeConfigurationMethod(ConfigInvoker.java:366)
at org.testng.internal.ConfigInvoker.invokeConfigurations(ConfigInvoker.java:320)
at org.testng.SuiteRunner.privateRun(SuiteRunner.java:327)
at org.testng.SuiteRunner.run(SuiteRunner.java:286)
at org.testng.SuiteRunnerWorker.runSuite(SuiteRunnerWorker.java:53)
at org.testng.SuiteRunnerWorker.run(SuiteRunnerWorker.java:96)
at org.testng.TestNG.runSuitesSequentially(TestNG.java:1218)
at org.testng.TestNG.runSuitesLocally(TestNG.java:1140)
at org.testng.TestNG.runSuites(TestNG.java:1069)
at org.testng.TestNG.run(TestNG.java:1037)
at org.testng.remote.AbstractRemoteTestNG.run(AbstractRemoteTestNG.java:115)
at org.testng.remote.RemoteTestNG.initAndRun(RemoteTestNG.java:251)
at org.testng.remote.RemoteTestNG.main(RemoteTestNG.java:77)
]]>
    </error>
  </testcase> <!-- setup -->
  <system-out/>
  <testcase classname="pagesTestCasesYasasiiWeb.KIMS_ADTSave_TestcaseYW" name="Reg" time="0.000">
    <skipped/>
  </testcase> <!-- Reg -->
  <system-out/>
  <testcase classname="pagesTestCasesYasasiiWeb.KIMS_ADTSave_TestcaseYW" name="Reg" time="0.000">
    <skipped/>
  </testcase> <!-- Reg -->
  <system-out/>
  <testcase classname="pagesTestCasesYasasiiWeb.KIMS_ADTSave_TestcaseYW" name="Reg" time="0.000">
    <skipped/>
  </testcase> <!-- Reg -->
  <system-out/>
  <testcase classname="pagesTestCasesYasasiiWeb.KIMS_ADTSave_TestcaseYW" name="Reg" time="0.000">
    <skipped/>
  </testcase> <!-- Reg -->
  <system-out/>
  <testcase classname="pagesTestCasesYasasiiWeb.KIMS_ADTSave_TestcaseYW" name="Reg" time="0.000">
    <skipped/>
  </testcase> <!-- Reg -->
  <system-out/>
  <testcase classname="pagesTestCasesYasasiiWeb.KIMS_ADTSave_TestcaseYW" name="Reg" time="0.000">
    <skipped/>
  </testcase> <!-- Reg -->
  <system-out/>
  <testcase classname="pagesTestCasesYasasiiWeb.KIMS_ADTSave_TestcaseYW" name="Reg" time="0.000">
    <skipped/>
  </testcase> <!-- Reg -->
  <system-out/>
  <testcase classname="pagesTestCasesYasasiiWeb.KIMS_ADTSave_TestcaseYW" name="Reg" time="0.000">
    <skipped/>
  </testcase> <!-- Reg -->
  <system-out/>
  <testcase classname="pagesTestCasesYasasiiWeb.KIMS_ADTSave_TestcaseYW" name="Reg" time="0.000">
    <skipped/>
  </testcase> <!-- Reg -->
  <system-out/>
  <testcase classname="pagesTestCasesYasasiiWeb.KIMS_ADTSave_TestcaseYW" name="Reg" time="0.000">
    <skipped/>
  </testcase> <!-- Reg -->
  <system-out/>
  <testcase classname="pagesTestCasesYasasiiWeb.KIMS_ADTSave_TestcaseYW" name="Reg" time="0.000">
    <skipped/>
  </testcase> <!-- Reg -->
  <system-out/>
  <testcase classname="pagesTestCasesYasasiiWeb.KIMS_ADTSave_TestcaseYW" name="Reg" time="0.000">
    <skipped/>
  </testcase> <!-- Reg -->
  <system-out/>
  <testcase classname="pagesTestCasesYasasiiWeb.KIMS_ADTSave_TestcaseYW" name="Reg" time="0.000">
    <skipped/>
  </testcase> <!-- Reg -->
  <system-out/>
  <testcase classname="pagesTestCasesYasasiiWeb.KIMS_ADTSave_TestcaseYW" name="Reg" time="0.000">
    <skipped/>
  </testcase> <!-- Reg -->
  <system-out/>
  <testcase classname="pagesTestCasesYasasiiWeb.KIMS_ADTSave_TestcaseYW" name="Reg" time="0.000">
    <skipped/>
  </testcase> <!-- Reg -->
  <system-out/>
  <testcase classname="pagesTestCasesYasasiiWeb.KIMS_ADTSave_TestcaseYW" name="Reg" time="0.000">
    <skipped/>
  </testcase> <!-- Reg -->
  <system-out/>
  <testcase classname="pagesTestCasesYasasiiWeb.KIMS_ADTSave_TestcaseYW" name="Reg" time="0.000">
    <skipped/>
  </testcase> <!-- Reg -->
  <system-out/>
  <testcase classname="pagesTestCasesYasasiiWeb.KIMS_ADTSave_TestcaseYW" name="Reg" time="0.000">
    <skipped/>
  </testcase> <!-- Reg -->
  <system-out/>
  <testcase classname="pagesTestCasesYasasiiWeb.KIMS_ADTSave_TestcaseYW" name="Reg" time="0.000">
    <skipped/>
  </testcase> <!-- Reg -->
  <system-out/>
  <testcase classname="pagesTestCasesYasasiiWeb.KIMS_ADTSave_TestcaseYW" name="Reg" time="0.000">
    <skipped/>
  </testcase> <!-- Reg -->
  <system-out/>
  <testcase classname="pagesTestCasesYasasiiWeb.KIMS_ADTSave_TestcaseYW" name="Reg" time="0.000">
    <skipped/>
  </testcase> <!-- Reg -->
  <system-out/>
  <testcase classname="pagesTestCasesYasasiiWeb.KIMS_ADTSave_TestcaseYW" name="Reg" time="0.000">
    <skipped/>
  </testcase> <!-- Reg -->
  <system-out/>
  <testcase classname="pagesTestCasesYasasiiWeb.KIMS_ADTSave_TestcaseYW" name="Reg" time="0.000">
    <skipped/>
  </testcase> <!-- Reg -->
  <system-out/>
  <testcase classname="pagesTestCasesYasasiiWeb.KIMS_ADTSave_TestcaseYW" name="Reg" time="0.000">
    <skipped/>
  </testcase> <!-- Reg -->
  <system-out/>
  <testcase classname="pagesTestCasesYasasiiWeb.KIMS_ADTSave_TestcaseYW" name="Reg" time="0.000">
    <skipped/>
  </testcase> <!-- Reg -->
  <system-out/>
  <testcase classname="pagesTestCasesYasasiiWeb.KIMS_ADTSave_TestcaseYW" name="Reg" time="0.000">
    <skipped/>
  </testcase> <!-- Reg -->
  <system-out/>
  <testcase classname="pagesTestCasesYasasiiWeb.KIMS_ADTSave_TestcaseYW" name="Reg" time="0.000">
    <skipped/>
  </testcase> <!-- Reg -->
  <system-out/>
  <testcase classname="pagesTestCasesYasasiiWeb.KIMS_ADTSave_TestcaseYW" name="Reg" time="0.000">
    <skipped/>
  </testcase> <!-- Reg -->
  <system-out/>
  <testcase classname="pagesTestCasesYasasiiWeb.KIMS_ADTSave_TestcaseYW" name="Reg" time="0.000">
    <skipped/>
  </testcase> <!-- Reg -->
  <system-out/>
  <testcase classname="pagesTestCasesYasasiiWeb.KIMS_ADTSave_TestcaseYW" name="Reg" time="0.000">
    <skipped/>
  </testcase> <!-- Reg -->
  <system-out/>
  <testcase classname="pagesTestCasesYasasiiWeb.KIMS_ADTSave_TestcaseYW" name="Reg" time="0.000">
    <skipped/>
  </testcase> <!-- Reg -->
  <system-out/>
  <testcase classname="pagesTestCasesYasasiiWeb.KIMS_ADTSave_TestcaseYW" name="Reg" time="0.000">
    <skipped/>
  </testcase> <!-- Reg -->
  <system-out/>
  <testcase classname="pagesTestCasesYasasiiWeb.KIMS_ADTSave_TestcaseYW" name="Reg" time="0.000">
    <skipped/>
  </testcase> <!-- Reg -->
  <system-out/>
  <testcase classname="pagesTestCasesYasasiiWeb.KIMS_ADTSave_TestcaseYW" name="Reg" time="0.000">
    <skipped/>
  </testcase> <!-- Reg -->
  <system-out/>
  <testcase classname="pagesTestCasesYasasiiWeb.KIMS_ADTSave_TestcaseYW" name="Reg" time="0.000">
    <skipped/>
  </testcase> <!-- Reg -->
  <system-out/>
  <testcase classname="pagesTestCasesYasasiiWeb.KIMS_ADTSave_TestcaseYW" name="Reg" time="0.000">
    <skipped/>
  </testcase> <!-- Reg -->
  <system-out/>
  <testcase classname="pagesTestCasesYasasiiWeb.KIMS_ADTSave_TestcaseYW" name="Reg" time="0.000">
    <skipped/>
  </testcase> <!-- Reg -->
  <system-out/>
  <testcase classname="pagesTestCasesYasasiiWeb.KIMS_ADTSave_TestcaseYW" name="Reg" time="0.000">
    <skipped/>
  </testcase> <!-- Reg -->
  <system-out/>
  <testcase classname="pagesTestCasesYasasiiWeb.KIMS_ADTSave_TestcaseYW" name="Reg" time="0.000">
    <skipped/>
  </testcase> <!-- Reg -->
  <system-out/>
  <testcase classname="pagesTestCasesYasasiiWeb.KIMS_ADTSave_TestcaseYW" name="Reg" time="0.000">
    <skipped/>
  </testcase> <!-- Reg -->
  <system-out/>
  <testcase classname="pagesTestCasesYasasiiWeb.KIMS_ADTSave_TestcaseYW" name="Reg" time="0.000">
    <skipped/>
  </testcase> <!-- Reg -->
  <system-out/>
  <testcase classname="pagesTestCasesYasasiiWeb.KIMS_ADTSave_TestcaseYW" name="Reg" time="0.000">
    <skipped/>
  </testcase> <!-- Reg -->
  <system-out/>
  <testcase classname="pagesTestCasesYasasiiWeb.KIMS_ADTSave_TestcaseYW" name="Reg" time="0.000">
    <skipped/>
  </testcase> <!-- Reg -->
  <system-out/>
  <testcase classname="pagesTestCasesYasasiiWeb.KIMS_ADTSave_TestcaseYW" name="Reg" time="0.000">
    <skipped/>
  </testcase> <!-- Reg -->
  <system-out/>
  <testcase classname="pagesTestCasesYasasiiWeb.KIMS_ADTSave_TestcaseYW" name="Reg" time="0.000">
    <skipped/>
  </testcase> <!-- Reg -->
  <system-out/>
  <testcase classname="pagesTestCasesYasasiiWeb.KIMS_ADTSave_TestcaseYW" name="Reg" time="0.000">
    <skipped/>
  </testcase> <!-- Reg -->
  <system-out/>
  <testcase classname="pagesTestCasesYasasiiWeb.KIMS_ADTSave_TestcaseYW" name="Reg" time="0.000">
    <skipped/>
  </testcase> <!-- Reg -->
  <system-out/>
  <testcase classname="pagesTestCasesYasasiiWeb.KIMS_ADTSave_TestcaseYW" name="Reg" time="0.000">
    <skipped/>
  </testcase> <!-- Reg -->
  <system-out/>
  <testcase classname="pagesTestCasesYasasiiWeb.KIMS_ADTSave_TestcaseYW" name="Reg" time="0.000">
    <skipped/>
  </testcase> <!-- Reg -->
  <system-out/>
  <testcase classname="pagesTestCasesYasasiiWeb.KIMS_ADTSave_TestcaseYW" name="Reg" time="0.000">
    <skipped/>
  </testcase> <!-- Reg -->
  <system-out/>
  <testcase classname="pagesTestCasesYasasiiWeb.KIMS_ADTSave_TestcaseYW" name="Reg" time="0.000">
    <skipped/>
  </testcase> <!-- Reg -->
  <system-out/>
  <testcase classname="pagesTestCasesYasasiiWeb.KIMS_ADTSave_TestcaseYW" name="Reg" time="0.000">
    <skipped/>
  </testcase> <!-- Reg -->
  <system-out/>
  <testcase classname="pagesTestCasesYasasiiWeb.KIMS_ADTSave_TestcaseYW" name="Reg" time="0.000">
    <skipped/>
  </testcase> <!-- Reg -->
  <system-out/>
  <testcase classname="pagesTestCasesYasasiiWeb.KIMS_ADTSave_TestcaseYW" name="Reg" time="0.000">
    <skipped/>
  </testcase> <!-- Reg -->
  <system-out/>
  <testcase classname="pagesTestCasesYasasiiWeb.KIMS_ADTSave_TestcaseYW" name="Reg" time="0.000">
    <skipped/>
  </testcase> <!-- Reg -->
  <system-out/>
  <testcase classname="pagesTestCasesYasasiiWeb.KIMS_ADTSave_TestcaseYW" name="Reg" time="0.000">
    <skipped/>
  </testcase> <!-- Reg -->
  <system-out/>
  <testcase classname="pagesTestCasesYasasiiWeb.KIMS_ADTSave_TestcaseYW" name="Reg" time="0.000">
    <skipped/>
  </testcase> <!-- Reg -->
  <system-out/>
  <testcase classname="pagesTestCasesYasasiiWeb.KIMS_ADTSave_TestcaseYW" name="Reg" time="0.000">
    <skipped/>
  </testcase> <!-- Reg -->
  <system-out/>
  <testcase classname="pagesTestCasesYasasiiWeb.KIMS_ADTSave_TestcaseYW" name="Reg" time="0.000">
    <skipped/>
  </testcase> <!-- Reg -->
  <system-out/>
  <testcase classname="pagesTestCasesYasasiiWeb.KIMS_ADTSave_TestcaseYW" name="Reg" time="0.000">
    <skipped/>
  </testcase> <!-- Reg -->
  <system-out/>
  <testcase classname="pagesTestCasesYasasiiWeb.KIMS_ADTSave_TestcaseYW" name="Reg" time="0.000">
    <skipped/>
  </testcase> <!-- Reg -->
  <system-out/>
  <testcase classname="pagesTestCasesYasasiiWeb.KIMS_ADTSave_TestcaseYW" name="Reg" time="0.000">
    <skipped/>
  </testcase> <!-- Reg -->
  <system-out/>
  <testcase classname="pagesTestCasesYasasiiWeb.KIMS_ADTSave_TestcaseYW" name="Reg" time="0.000">
    <skipped/>
  </testcase> <!-- Reg -->
  <system-out/>
  <testcase classname="pagesTestCasesYasasiiWeb.KIMS_ADTSave_TestcaseYW" name="Reg" time="0.000">
    <skipped/>
  </testcase> <!-- Reg -->
  <system-out/>
  <testcase classname="pagesTestCasesYasasiiWeb.KIMS_ADTSave_TestcaseYW" name="Reg" time="0.000">
    <skipped/>
  </testcase> <!-- Reg -->
  <system-out/>
  <testcase classname="pagesTestCasesYasasiiWeb.KIMS_ADTSave_TestcaseYW" name="Reg" time="0.000">
    <skipped/>
  </testcase> <!-- Reg -->
  <system-out/>
  <testcase classname="pagesTestCasesYasasiiWeb.KIMS_ADTSave_TestcaseYW" name="Reg" time="0.000">
    <skipped/>
  </testcase> <!-- Reg -->
  <system-out/>
  <testcase classname="pagesTestCasesYasasiiWeb.KIMS_ADTSave_TestcaseYW" name="Reg" time="0.000">
    <skipped/>
  </testcase> <!-- Reg -->
  <system-out/>
  <testcase classname="pagesTestCasesYasasiiWeb.KIMS_ADTSave_TestcaseYW" name="Reg" time="0.000">
    <skipped/>
  </testcase> <!-- Reg -->
  <system-out/>
  <testcase classname="pagesTestCasesYasasiiWeb.KIMS_ADTSave_TestcaseYW" name="Reg" time="0.000">
    <skipped/>
  </testcase> <!-- Reg -->
  <system-out/>
  <testcase classname="pagesTestCasesYasasiiWeb.KIMS_ADTSave_TestcaseYW" name="Reg" time="0.000">
    <skipped/>
  </testcase> <!-- Reg -->
  <system-out/>
  <testcase classname="pagesTestCasesYasasiiWeb.KIMS_ADTSave_TestcaseYW" name="Reg" time="0.000">
    <skipped/>
  </testcase> <!-- Reg -->
  <system-out/>
  <testcase classname="pagesTestCasesYasasiiWeb.KIMS_ADTSave_TestcaseYW" name="Reg" time="0.000">
    <skipped/>
  </testcase> <!-- Reg -->
  <system-out/>
  <testcase classname="pagesTestCasesYasasiiWeb.KIMS_ADTSave_TestcaseYW" name="Reg" time="0.000">
    <skipped/>
  </testcase> <!-- Reg -->
  <system-out/>
  <testcase classname="pagesTestCasesYasasiiWeb.KIMS_ADTSave_TestcaseYW" name="Reg" time="0.000">
    <skipped/>
  </testcase> <!-- Reg -->
  <system-out/>
  <testcase classname="pagesTestCasesYasasiiWeb.KIMS_ADTSave_TestcaseYW" name="Reg" time="0.000">
    <skipped/>
  </testcase> <!-- Reg -->
  <system-out/>
  <testcase classname="pagesTestCasesYasasiiWeb.KIMS_ADTSave_TestcaseYW" name="Reg" time="0.000">
    <skipped/>
  </testcase> <!-- Reg -->
  <system-out/>
  <testcase classname="pagesTestCasesYasasiiWeb.KIMS_ADTSave_TestcaseYW" name="Reg" time="0.000">
    <skipped/>
  </testcase> <!-- Reg -->
  <system-out/>
  <testcase classname="pagesTestCasesYasasiiWeb.KIMS_ADTSave_TestcaseYW" name="Reg" time="0.000">
    <skipped/>
  </testcase> <!-- Reg -->
  <system-out/>
  <testcase classname="pagesTestCasesYasasiiWeb.KIMS_ADTSave_TestcaseYW" name="Reg" time="0.000">
    <skipped/>
  </testcase> <!-- Reg -->
  <system-out/>
  <testcase classname="pagesTestCasesYasasiiWeb.KIMS_ADTSave_TestcaseYW" name="Reg" time="0.000">
    <skipped/>
  </testcase> <!-- Reg -->
  <system-out/>
  <testcase classname="pagesTestCasesYasasiiWeb.KIMS_ADTSave_TestcaseYW" name="Reg" time="0.000">
    <skipped/>
  </testcase> <!-- Reg -->
  <system-out/>
  <testcase classname="pagesTestCasesYasasiiWeb.KIMS_ADTSave_TestcaseYW" name="Reg" time="0.000">
    <skipped/>
  </testcase> <!-- Reg -->
  <system-out/>
  <testcase classname="pagesTestCasesYasasiiWeb.KIMS_ADTSave_TestcaseYW" name="Reg" time="0.000">
    <skipped/>
  </testcase> <!-- Reg -->
  <system-out/>
  <testcase classname="pagesTestCasesYasasiiWeb.KIMS_ADTSave_TestcaseYW" name="Reg" time="0.000">
    <skipped/>
  </testcase> <!-- Reg -->
  <system-out/>
  <testcase classname="pagesTestCasesYasasiiWeb.KIMS_ADTSave_TestcaseYW" name="Reg" time="0.000">
    <skipped/>
  </testcase> <!-- Reg -->
  <system-out/>
  <testcase classname="pagesTestCasesYasasiiWeb.KIMS_ADTSave_TestcaseYW" name="Reg" time="0.000">
    <skipped/>
  </testcase> <!-- Reg -->
  <system-out/>
  <testcase classname="pagesTestCasesYasasiiWeb.KIMS_ADTSave_TestcaseYW" name="Reg" time="0.000">
    <skipped/>
  </testcase> <!-- Reg -->
  <system-out/>
  <testcase classname="pagesTestCasesYasasiiWeb.KIMS_ADTSave_TestcaseYW" name="Reg" time="0.000">
    <skipped/>
  </testcase> <!-- Reg -->
  <system-out/>
  <testcase classname="pagesTestCasesYasasiiWeb.KIMS_ADTSave_TestcaseYW" name="Reg" time="0.000">
    <skipped/>
  </testcase> <!-- Reg -->
  <system-out/>
  <testcase classname="pagesTestCasesYasasiiWeb.KIMS_ADTSave_TestcaseYW" name="Reg" time="0.000">
    <skipped/>
  </testcase> <!-- Reg -->
  <system-out/>
  <testcase classname="pagesTestCasesYasasiiWeb.KIMS_ADTSave_TestcaseYW" name="Reg" time="0.000">
    <skipped/>
  </testcase> <!-- Reg -->
  <system-out/>
  <testcase classname="pagesTestCasesYasasiiWeb.KIMS_ADTSave_TestcaseYW" name="Reg" time="0.000">
    <skipped/>
  </testcase> <!-- Reg -->
  <system-out/>
  <testcase classname="pagesTestCasesYasasiiWeb.KIMS_ADTSave_TestcaseYW" name="Reg" time="0.000">
    <skipped/>
  </testcase> <!-- Reg -->
  <system-out/>
  <testcase classname="pagesTestCasesYasasiiWeb.KIMS_ADTSave_TestcaseYW" name="Reg" time="0.000">
    <skipped/>
  </testcase> <!-- Reg -->
  <system-out/>
  <testcase classname="pagesTestCasesYasasiiWeb.KIMS_ADTSave_TestcaseYW" name="Reg" time="0.000">
    <skipped/>
  </testcase> <!-- Reg -->
  <system-out/>
  <testcase classname="pagesTestCasesYasasiiWeb.KIMS_ADTSave_TestcaseYW" name="Reg" time="0.000">
    <skipped/>
  </testcase> <!-- Reg -->
  <system-out/>
  <testcase classname="pagesTestCasesYasasiiWeb.KIMS_ADTSave_TestcaseYW" name="Reg" time="0.000">
    <skipped/>
  </testcase> <!-- Reg -->
  <system-out/>
  <testcase classname="pagesTestCasesYasasiiWeb.KIMS_ADTSave_TestcaseYW" name="Reg" time="0.000">
    <skipped/>
  </testcase> <!-- Reg -->
  <system-out/>
  <testcase classname="pagesTestCasesYasasiiWeb.KIMS_ADTSave_TestcaseYW" name="Reg" time="0.000">
    <skipped/>
  </testcase> <!-- Reg -->
  <system-out/>
  <testcase classname="pagesTestCasesYasasiiWeb.KIMS_ADTSave_TestcaseYW" name="Reg" time="0.000">
    <skipped/>
  </testcase> <!-- Reg -->
  <system-out/>
  <testcase classname="pagesTestCasesYasasiiWeb.KIMS_ADTSave_TestcaseYW" name="Reg" time="0.000">
    <skipped/>
  </testcase> <!-- Reg -->
  <system-out/>
  <testcase classname="pagesTestCasesYasasiiWeb.KIMS_ADTSave_TestcaseYW" name="Reg" time="0.000">
    <skipped/>
  </testcase> <!-- Reg -->
  <system-out/>
  <testcase classname="pagesTestCasesYasasiiWeb.KIMS_ADTSave_TestcaseYW" name="Reg" time="0.000">
    <skipped/>
  </testcase> <!-- Reg -->
  <system-out/>
  <testcase classname="pagesTestCasesYasasiiWeb.KIMS_ADTSave_TestcaseYW" name="Reg" time="0.000">
    <skipped/>
  </testcase> <!-- Reg -->
  <system-out/>
  <testcase classname="pagesTestCasesYasasiiWeb.KIMS_ADTSave_TestcaseYW" name="Reg" time="0.000">
    <skipped/>
  </testcase> <!-- Reg -->
  <system-out/>
  <testcase classname="pagesTestCasesYasasiiWeb.KIMS_ADTSave_TestcaseYW" name="Reg" time="0.000">
    <skipped/>
  </testcase> <!-- Reg -->
  <system-out/>
  <testcase classname="pagesTestCasesYasasiiWeb.KIMS_ADTSave_TestcaseYW" name="Reg" time="0.000">
    <skipped/>
  </testcase> <!-- Reg -->
  <system-out/>
  <testcase classname="pagesTestCasesYasasiiWeb.KIMS_ADTSave_TestcaseYW" name="Reg" time="0.000">
    <skipped/>
  </testcase> <!-- Reg -->
  <system-out/>
  <testcase classname="pagesTestCasesYasasiiWeb.KIMS_ADTSave_TestcaseYW" name="Reg" time="0.000">
    <skipped/>
  </testcase> <!-- Reg -->
  <system-out/>
  <testcase classname="pagesTestCasesYasasiiWeb.KIMS_ADTSave_TestcaseYW" name="Reg" time="0.000">
    <skipped/>
  </testcase> <!-- Reg -->
  <system-out/>
  <testcase classname="pagesTestCasesYasasiiWeb.KIMS_ADTSave_TestcaseYW" name="Reg" time="0.000">
    <skipped/>
  </testcase> <!-- Reg -->
  <system-out/>
  <testcase classname="pagesTestCasesYasasiiWeb.KIMS_ADTSave_TestcaseYW" name="Reg" time="0.000">
    <skipped/>
  </testcase> <!-- Reg -->
  <system-out/>
  <testcase classname="pagesTestCasesYasasiiWeb.KIMS_ADTSave_TestcaseYW" name="Reg" time="0.000">
    <skipped/>
  </testcase> <!-- Reg -->
  <system-out/>
  <testcase classname="pagesTestCasesYasasiiWeb.KIMS_ADTSave_TestcaseYW" name="Reg" time="0.000">
    <skipped/>
  </testcase> <!-- Reg -->
  <system-out/>
  <testcase classname="pagesTestCasesYasasiiWeb.KIMS_ADTSave_TestcaseYW" name="Reg" time="0.000">
    <skipped/>
  </testcase> <!-- Reg -->
  <system-out/>
  <testcase classname="pagesTestCasesYasasiiWeb.KIMS_ADTSave_TestcaseYW" name="Reg" time="0.000">
    <skipped/>
  </testcase> <!-- Reg -->
  <system-out/>
  <testcase classname="pagesTestCasesYasasiiWeb.KIMS_ADTSave_TestcaseYW" name="Reg" time="0.000">
    <skipped/>
  </testcase> <!-- Reg -->
  <system-out/>
  <testcase classname="pagesTestCasesYasasiiWeb.KIMS_ADTSave_TestcaseYW" name="Reg" time="0.000">
    <skipped/>
  </testcase> <!-- Reg -->
  <system-out/>
  <testcase classname="pagesTestCasesYasasiiWeb.KIMS_ADTSave_TestcaseYW" name="Reg" time="0.000">
    <skipped/>
  </testcase> <!-- Reg -->
  <system-out/>
  <testcase classname="pagesTestCasesYasasiiWeb.KIMS_ADTSave_TestcaseYW" name="Reg" time="0.000">
    <skipped/>
  </testcase> <!-- Reg -->
  <system-out/>
  <testcase classname="pagesTestCasesYasasiiWeb.KIMS_ADTSave_TestcaseYW" name="Reg" time="0.000">
    <skipped/>
  </testcase> <!-- Reg -->
  <system-out/>
  <testcase classname="pagesTestCasesYasasiiWeb.KIMS_ADTSave_TestcaseYW" name="Reg" time="0.000">
    <skipped/>
  </testcase> <!-- Reg -->
  <system-out/>
  <testcase classname="pagesTestCasesYasasiiWeb.KIMS_ADTSave_TestcaseYW" name="Reg" time="0.000">
    <skipped/>
  </testcase> <!-- Reg -->
  <system-out/>
  <testcase classname="pagesTestCasesYasasiiWeb.KIMS_ADTSave_TestcaseYW" name="Reg" time="0.000">
    <skipped/>
  </testcase> <!-- Reg -->
  <system-out/>
  <testcase classname="pagesTestCasesYasasiiWeb.KIMS_ADTSave_TestcaseYW" name="Reg" time="0.000">
    <skipped/>
  </testcase> <!-- Reg -->
  <system-out/>
  <testcase classname="pagesTestCasesYasasiiWeb.KIMS_ADTSave_TestcaseYW" name="Reg" time="0.000">
    <skipped/>
  </testcase> <!-- Reg -->
  <system-out/>
  <testcase classname="pagesTestCasesYasasiiWeb.KIMS_ADTSave_TestcaseYW" name="Reg" time="0.000">
    <skipped/>
  </testcase> <!-- Reg -->
  <system-out/>
  <testcase classname="pagesTestCasesYasasiiWeb.KIMS_ADTSave_TestcaseYW" name="Reg" time="0.000">
    <skipped/>
  </testcase> <!-- Reg -->
  <system-out/>
  <testcase classname="pagesTestCasesYasasiiWeb.KIMS_ADTSave_TestcaseYW" name="Reg" time="0.000">
    <skipped/>
  </testcase> <!-- Reg -->
  <system-out/>
  <testcase classname="pagesTestCasesYasasiiWeb.KIMS_ADTSave_TestcaseYW" name="Reg" time="0.000">
    <skipped/>
  </testcase> <!-- Reg -->
  <system-out/>
  <testcase classname="pagesTestCasesYasasiiWeb.KIMS_ADTSave_TestcaseYW" name="Reg" time="0.000">
    <skipped/>
  </testcase> <!-- Reg -->
  <system-out/>
</testsuite> <!-- pagesTestCasesYasasiiWeb.KIMS_ADTSave_TestcaseYW -->
