<?xml version="1.0" encoding="UTF-8"?>
<!-- Generated by org.testng.reporters.JUnitReportReporter -->
<testsuite hostname="KI-54" failures="0" tests="1" name="pagesTestCasesYasasiiWeb.Naufar_EMRBlockandFreeze_TestcasesYW" time="164.502" errors="0" timestamp="2023-11-15T11:19:37 IST" skipped="0">
  <testcase classname="pagesTestCasesYasasiiWeb.Naufar_EMRBlockandFreeze_TestcasesYW" name="EMRBlock" time="164.502"/>
  <system-out/>
</testsuite> <!-- pagesTestCasesYasasiiWeb.Naufar_EMRBlockandFreeze_TestcasesYW -->
