<?xml version="1.0" encoding="UTF-8"?>
<!-- Generated by org.testng.reporters.JUnitReportReporter -->
<testsuite hostname="KI-54" failures="0" tests="2" name="pagesTestCasesYasasiiWeb.KIMS_AdjustmentRefund_TestcaseYW" time="366.900" errors="0" timestamp="2024-02-26T15:47:26 IST" skipped="0">
  <testcase classname="pagesTestCasesYasasiiWeb.KIMS_AdjustmentRefund_TestcaseYW" name="Reg" time="44.204"/>
  <system-out/>
  <testcase classname="pagesTestCasesYasasiiWeb.KIMS_AdjustmentRefund_TestcaseYW" name="AdjustRefund" time="322.696"/>
  <system-out/>
</testsuite> <!-- pagesTestCasesYasasiiWeb.KIMS_AdjustmentRefund_TestcaseYW -->
