<?xml version="1.0" encoding="UTF-8"?>
<!-- Generated by org.testng.reporters.JUnitReportReporter -->
<testsuite hostname="KI54" failures="0" tests="176" name="pagesTestCasesYasasiiWeb.sitecreationAmeswak_Testcase" time="140.511" errors="3" timestamp="2022-11-30T14:49:49 IST" skipped="170">
  <testcase classname="pagesTestCasesYasasiiWeb.sitecreationAmeswak_Testcase" name="aptreg" time="0.003">
    <skipped/>
  </testcase> <!-- aptreg -->
  <system-out/>
  <testcase classname="pagesTestCasesYasasiiWeb.sitecreationAmeswak_Testcase" name="aptreg" time="0.009">
    <skipped/>
  </testcase> <!-- aptreg -->
  <system-out/>
  <testcase classname="pagesTestCasesYasasiiWeb.sitecreationAmeswak_Testcase" name="aptreg" time="0.002">
    <skipped/>
  </testcase> <!-- aptreg -->
  <system-out/>
  <testcase classname="pagesTestCasesYasasiiWeb.sitecreationAmeswak_Testcase" name="teardown" time="32.490">
    <error message="disconnected: unable to connect to renderer
  (failed to check if window was closed: disconnected: unable to connect to renderer)
  (Session info: chrome=108.0.5359.72)
Build info: version: &#039;4.0.0-alpha-3&#039;, revision: &#039;8c567de6dc&#039;
System info: host: &#039;KI54&#039;, ip: &#039;192.168.0.54&#039;, os.name: &#039;Windows 10&#039;, os.arch: &#039;amd64&#039;, os.version: &#039;10.0&#039;, java.version: &#039;18.0.1&#039;
Driver info: org.openqa.selenium.chrome.ChromeDriver
Capabilities {acceptInsecureCerts: false, browserName: chrome, browserVersion: 108.0.5359.72, chrome: {chromedriverVersion: 108.0.5359.71 (1e0e3868ee06..., userDataDir: C:\Users\sriram\AppData\Loc...}, goog:chromeOptions: {debuggerAddress: localhost:51213}, javascriptEnabled: true, networkConnectionEnabled: false, pageLoadStrategy: normal, platform: WINDOWS, platformName: WINDOWS, proxy: Proxy(), setWindowRect: true, strictFileInteractability: false, timeouts: {implicit: 0, pageLoad: 300000, script: 30000}, unhandledPromptBehavior: dismiss and notify, webauthn:extension:credBlob: true, webauthn:extension:largeBlob: true, webauthn:virtualAuthenticators: true}
Session ID: ee0ab3e12a5eab24950dc029584eade4" type="org.openqa.selenium.WebDriverException">
      <![CDATA[org.openqa.selenium.WebDriverException: disconnected: unable to connect to renderer
  (failed to check if window was closed: disconnected: unable to connect to renderer)
  (Session info: chrome=108.0.5359.72)
Build info: version: '4.0.0-alpha-3', revision: '8c567de6dc'
System info: host: 'KI54', ip: '192.168.0.54', os.name: 'Windows 10', os.arch: 'amd64', os.version: '10.0', java.version: '18.0.1'
Driver info: org.openqa.selenium.chrome.ChromeDriver
Capabilities {acceptInsecureCerts: false, browserName: chrome, browserVersion: 108.0.5359.72, chrome: {chromedriverVersion: 108.0.5359.71 (1e0e3868ee06..., userDataDir: C:\Users\sriram\AppData\Loc...}, goog:chromeOptions: {debuggerAddress: localhost:51213}, javascriptEnabled: true, networkConnectionEnabled: false, pageLoadStrategy: normal, platform: WINDOWS, platformName: WINDOWS, proxy: Proxy(), setWindowRect: true, strictFileInteractability: false, timeouts: {implicit: 0, pageLoad: 300000, script: 30000}, unhandledPromptBehavior: dismiss and notify, webauthn:extension:credBlob: true, webauthn:extension:largeBlob: true, webauthn:virtualAuthenticators: true}
Session ID: ee0ab3e12a5eab24950dc029584eade4
at java.base/jdk.internal.reflect.DirectConstructorHandleAccessor.newInstance(DirectConstructorHandleAccessor.java:67)
at java.base/java.lang.reflect.Constructor.newInstanceWithCaller(Constructor.java:499)
at java.base/java.lang.reflect.Constructor.newInstance(Constructor.java:483)
at org.openqa.selenium.remote.codec.w3c.W3CHttpResponseCodec.createException(W3CHttpResponseCodec.java:191)
at org.openqa.selenium.remote.codec.w3c.W3CHttpResponseCodec.decode(W3CHttpResponseCodec.java:125)
at org.openqa.selenium.remote.codec.w3c.W3CHttpResponseCodec.decode(W3CHttpResponseCodec.java:52)
at org.openqa.selenium.remote.HttpCommandExecutor.execute(HttpCommandExecutor.java:161)
at org.openqa.selenium.remote.service.DriverCommandExecutor.execute(DriverCommandExecutor.java:83)
at org.openqa.selenium.remote.RemoteWebDriver.execute(RemoteWebDriver.java:576)
at org.openqa.selenium.remote.RemoteWebDriver.execute(RemoteWebDriver.java:633)
at org.openqa.selenium.remote.RemoteWebDriver.execute(RemoteWebDriver.java:637)
at org.openqa.selenium.remote.RemoteWebDriver.close(RemoteWebDriver.java:462)
at com.baseYasasiiWeb.TestBaseYasasiiWeb.teardown(TestBaseYasasiiWeb.java:223)
at java.base/jdk.internal.reflect.DirectMethodHandleAccessor.invoke(DirectMethodHandleAccessor.java:104)
at java.base/java.lang.reflect.Method.invoke(Method.java:577)
at org.testng.internal.MethodInvocationHelper.invokeMethod(MethodInvocationHelper.java:132)
at org.testng.internal.MethodInvocationHelper.invokeMethodConsideringTimeout(MethodInvocationHelper.java:61)
at org.testng.internal.ConfigInvoker.invokeConfigurationMethod(ConfigInvoker.java:366)
at org.testng.internal.ConfigInvoker.invokeConfigurations(ConfigInvoker.java:320)
at org.testng.SuiteRunner.privateRun(SuiteRunner.java:351)
at org.testng.SuiteRunner.run(SuiteRunner.java:286)
at org.testng.SuiteRunnerWorker.runSuite(SuiteRunnerWorker.java:53)
at org.testng.SuiteRunnerWorker.run(SuiteRunnerWorker.java:96)
at org.testng.TestNG.runSuitesSequentially(TestNG.java:1218)
at org.testng.TestNG.runSuitesLocally(TestNG.java:1140)
at org.testng.TestNG.runSuites(TestNG.java:1069)
at org.testng.TestNG.run(TestNG.java:1037)
at org.testng.remote.AbstractRemoteTestNG.run(AbstractRemoteTestNG.java:115)
at org.testng.remote.RemoteTestNG.initAndRun(RemoteTestNG.java:251)
at org.testng.remote.RemoteTestNG.main(RemoteTestNG.java:77)
]]>
    </error>
  </testcase> <!-- teardown -->
  <system-out/>
  <testcase classname="pagesTestCasesYasasiiWeb.sitecreationAmeswak_Testcase" name="aptreg" time="0.000">
    <skipped/>
  </testcase> <!-- aptreg -->
  <system-out/>
  <testcase classname="pagesTestCasesYasasiiWeb.sitecreationAmeswak_Testcase" name="aptreg" time="0.000">
    <skipped/>
  </testcase> <!-- aptreg -->
  <system-out/>
  <testcase classname="pagesTestCasesYasasiiWeb.sitecreationAmeswak_Testcase" name="aptreg" time="0.000">
    <skipped/>
  </testcase> <!-- aptreg -->
  <system-out/>
  <testcase classname="pagesTestCasesYasasiiWeb.sitecreationAmeswak_Testcase" name="aptreg" time="0.000">
    <skipped/>
  </testcase> <!-- aptreg -->
  <system-out/>
  <testcase classname="pagesTestCasesYasasiiWeb.sitecreationAmeswak_Testcase" name="aptreg" time="0.000">
    <skipped/>
  </testcase> <!-- aptreg -->
  <system-out/>
  <testcase classname="pagesTestCasesYasasiiWeb.sitecreationAmeswak_Testcase" name="aptreg" time="0.000">
    <skipped/>
  </testcase> <!-- aptreg -->
  <system-out/>
  <testcase classname="pagesTestCasesYasasiiWeb.sitecreationAmeswak_Testcase" name="aptreg" time="0.000">
    <skipped/>
  </testcase> <!-- aptreg -->
  <system-out/>
  <testcase classname="pagesTestCasesYasasiiWeb.sitecreationAmeswak_Testcase" name="aptreg" time="0.000">
    <skipped/>
  </testcase> <!-- aptreg -->
  <system-out/>
  <testcase classname="pagesTestCasesYasasiiWeb.sitecreationAmeswak_Testcase" name="aptreg" time="0.000">
    <skipped/>
  </testcase> <!-- aptreg -->
  <system-out/>
  <testcase classname="pagesTestCasesYasasiiWeb.sitecreationAmeswak_Testcase" name="aptreg" time="0.000">
    <skipped/>
  </testcase> <!-- aptreg -->
  <system-out/>
  <testcase classname="pagesTestCasesYasasiiWeb.sitecreationAmeswak_Testcase" name="aptreg" time="0.000">
    <skipped/>
  </testcase> <!-- aptreg -->
  <system-out/>
  <testcase classname="pagesTestCasesYasasiiWeb.sitecreationAmeswak_Testcase" name="aptreg" time="0.000">
    <skipped/>
  </testcase> <!-- aptreg -->
  <system-out/>
  <testcase classname="pagesTestCasesYasasiiWeb.sitecreationAmeswak_Testcase" name="aptreg" time="0.000">
    <skipped/>
  </testcase> <!-- aptreg -->
  <system-out/>
  <testcase classname="pagesTestCasesYasasiiWeb.sitecreationAmeswak_Testcase" name="aptreg" time="0.000">
    <skipped/>
  </testcase> <!-- aptreg -->
  <system-out/>
  <testcase classname="pagesTestCasesYasasiiWeb.sitecreationAmeswak_Testcase" name="aptreg" time="0.000">
    <skipped/>
  </testcase> <!-- aptreg -->
  <system-out/>
  <testcase classname="pagesTestCasesYasasiiWeb.sitecreationAmeswak_Testcase" name="aptreg" time="0.000">
    <skipped/>
  </testcase> <!-- aptreg -->
  <system-out/>
  <testcase classname="pagesTestCasesYasasiiWeb.sitecreationAmeswak_Testcase" name="aptreg" time="0.000">
    <skipped/>
  </testcase> <!-- aptreg -->
  <system-out/>
  <testcase classname="pagesTestCasesYasasiiWeb.sitecreationAmeswak_Testcase" name="aptreg" time="0.000">
    <skipped/>
  </testcase> <!-- aptreg -->
  <system-out/>
  <testcase classname="pagesTestCasesYasasiiWeb.sitecreationAmeswak_Testcase" name="aptreg" time="0.001">
    <skipped/>
  </testcase> <!-- aptreg -->
  <system-out/>
  <testcase classname="pagesTestCasesYasasiiWeb.sitecreationAmeswak_Testcase" name="aptreg" time="0.000">
    <skipped/>
  </testcase> <!-- aptreg -->
  <system-out/>
  <testcase classname="pagesTestCasesYasasiiWeb.sitecreationAmeswak_Testcase" name="aptreg" time="4.037">
    <error message="no such window: target window already closed
from unknown error: web view not found
  (Session info: chrome=108.0.5359.72)
Build info: version: &#039;4.0.0-alpha-3&#039;, revision: &#039;8c567de6dc&#039;
System info: host: &#039;KI54&#039;, ip: &#039;192.168.0.54&#039;, os.name: &#039;Windows 10&#039;, os.arch: &#039;amd64&#039;, os.version: &#039;10.0&#039;, java.version: &#039;18.0.1&#039;
Driver info: org.openqa.selenium.chrome.ChromeDriver
Capabilities {acceptInsecureCerts: false, browserName: chrome, browserVersion: 108.0.5359.72, chrome: {chromedriverVersion: 108.0.5359.71 (1e0e3868ee06..., userDataDir: C:\Users\sriram\AppData\Loc...}, goog:chromeOptions: {debuggerAddress: localhost:51213}, javascriptEnabled: true, networkConnectionEnabled: false, pageLoadStrategy: normal, platform: WINDOWS, platformName: WINDOWS, proxy: Proxy(), setWindowRect: true, strictFileInteractability: false, timeouts: {implicit: 0, pageLoad: 300000, script: 30000}, unhandledPromptBehavior: dismiss and notify, webauthn:extension:credBlob: true, webauthn:extension:largeBlob: true, webauthn:virtualAuthenticators: true}
Session ID: ee0ab3e12a5eab24950dc029584eade4
*** Element info: {Using=xpath, value=//a[@class=&#039;nav-link navbar-brand menu&#039;]//div[@class=&#039;bar2&#039;]}" type="org.openqa.selenium.NoSuchWindowException">
      <![CDATA[org.openqa.selenium.NoSuchWindowException: no such window: target window already closed
from unknown error: web view not found
  (Session info: chrome=108.0.5359.72)
Build info: version: '4.0.0-alpha-3', revision: '8c567de6dc'
System info: host: 'KI54', ip: '192.168.0.54', os.name: 'Windows 10', os.arch: 'amd64', os.version: '10.0', java.version: '18.0.1'
Driver info: org.openqa.selenium.chrome.ChromeDriver
Capabilities {acceptInsecureCerts: false, browserName: chrome, browserVersion: 108.0.5359.72, chrome: {chromedriverVersion: 108.0.5359.71 (1e0e3868ee06..., userDataDir: C:\Users\sriram\AppData\Loc...}, goog:chromeOptions: {debuggerAddress: localhost:51213}, javascriptEnabled: true, networkConnectionEnabled: false, pageLoadStrategy: normal, platform: WINDOWS, platformName: WINDOWS, proxy: Proxy(), setWindowRect: true, strictFileInteractability: false, timeouts: {implicit: 0, pageLoad: 300000, script: 30000}, unhandledPromptBehavior: dismiss and notify, webauthn:extension:credBlob: true, webauthn:extension:largeBlob: true, webauthn:virtualAuthenticators: true}
Session ID: ee0ab3e12a5eab24950dc029584eade4
*** Element info: {Using=xpath, value=//a[@class='nav-link navbar-brand menu']//div[@class='bar2']}
at java.base/jdk.internal.reflect.DirectConstructorHandleAccessor.newInstance(DirectConstructorHandleAccessor.java:67)
at java.base/java.lang.reflect.Constructor.newInstanceWithCaller(Constructor.java:499)
at java.base/java.lang.reflect.Constructor.newInstance(Constructor.java:483)
at org.openqa.selenium.remote.codec.w3c.W3CHttpResponseCodec.createException(W3CHttpResponseCodec.java:191)
at org.openqa.selenium.remote.codec.w3c.W3CHttpResponseCodec.decode(W3CHttpResponseCodec.java:125)
at org.openqa.selenium.remote.codec.w3c.W3CHttpResponseCodec.decode(W3CHttpResponseCodec.java:52)
at org.openqa.selenium.remote.HttpCommandExecutor.execute(HttpCommandExecutor.java:161)
at org.openqa.selenium.remote.service.DriverCommandExecutor.execute(DriverCommandExecutor.java:83)
at org.openqa.selenium.remote.RemoteWebDriver.execute(RemoteWebDriver.java:576)
at org.openqa.selenium.remote.RemoteWebDriver.findElement(RemoteWebDriver.java:327)
at org.openqa.selenium.remote.RemoteWebDriver.findElementByXPath(RemoteWebDriver.java:445)
at org.openqa.selenium.By$ByXPath.findElement(By.java:396)
at org.openqa.selenium.remote.RemoteWebDriver.findElement(RemoteWebDriver.java:319)
at org.openqa.selenium.support.pagefactory.DefaultElementLocator.findElement(DefaultElementLocator.java:70)
at org.openqa.selenium.support.pagefactory.internal.LocatingElementHandler.invoke(LocatingElementHandler.java:39)
at jdk.proxy2/jdk.proxy2.$Proxy35.click(Unknown Source)
at pagesOfYasasiiWeb.sitecreationAmeswak_pages.sitecreation(sitecreationAmeswak_pages.java:92)
at pagesTestCasesYasasiiWeb.sitecreationAmeswak_Testcase.aptreg(sitecreationAmeswak_Testcase.java:45)
at java.base/jdk.internal.reflect.DirectMethodHandleAccessor.invoke(DirectMethodHandleAccessor.java:104)
at java.base/java.lang.reflect.Method.invoke(Method.java:577)
at org.testng.internal.MethodInvocationHelper.invokeMethod(MethodInvocationHelper.java:132)
at org.testng.internal.TestInvoker.invokeMethod(TestInvoker.java:599)
at org.testng.internal.TestInvoker.invokeTestMethod(TestInvoker.java:174)
at org.testng.internal.MethodRunner.runInSequence(MethodRunner.java:46)
at org.testng.internal.TestInvoker$MethodInvocationAgent.invoke(TestInvoker.java:822)
at org.testng.internal.TestInvoker.invokeTestMethods(TestInvoker.java:147)
at org.testng.internal.TestMethodWorker.invokeTestMethods(TestMethodWorker.java:146)
at org.testng.internal.TestMethodWorker.run(TestMethodWorker.java:128)
at java.base/java.util.ArrayList.forEach(ArrayList.java:1511)
at org.testng.TestRunner.privateRun(TestRunner.java:764)
at org.testng.TestRunner.run(TestRunner.java:585)
at org.testng.SuiteRunner.runTest(SuiteRunner.java:384)
at org.testng.SuiteRunner.runSequentially(SuiteRunner.java:378)
at org.testng.SuiteRunner.privateRun(SuiteRunner.java:337)
at org.testng.SuiteRunner.run(SuiteRunner.java:286)
at org.testng.SuiteRunnerWorker.runSuite(SuiteRunnerWorker.java:53)
at org.testng.SuiteRunnerWorker.run(SuiteRunnerWorker.java:96)
at org.testng.TestNG.runSuitesSequentially(TestNG.java:1218)
at org.testng.TestNG.runSuitesLocally(TestNG.java:1140)
at org.testng.TestNG.runSuites(TestNG.java:1069)
at org.testng.TestNG.run(TestNG.java:1037)
at org.testng.remote.AbstractRemoteTestNG.run(AbstractRemoteTestNG.java:115)
at org.testng.remote.RemoteTestNG.initAndRun(RemoteTestNG.java:251)
at org.testng.remote.RemoteTestNG.main(RemoteTestNG.java:77)
]]>
    </error>
  </testcase> <!-- aptreg -->
  <system-out/>
  <testcase classname="pagesTestCasesYasasiiWeb.sitecreationAmeswak_Testcase" name="aptreg" time="0.000">
    <skipped/>
  </testcase> <!-- aptreg -->
  <system-out/>
  <testcase classname="pagesTestCasesYasasiiWeb.sitecreationAmeswak_Testcase" name="aptreg" time="0.000">
    <skipped/>
  </testcase> <!-- aptreg -->
  <system-out/>
  <testcase classname="pagesTestCasesYasasiiWeb.sitecreationAmeswak_Testcase" name="aptreg" time="0.000">
    <skipped/>
  </testcase> <!-- aptreg -->
  <system-out/>
  <testcase classname="pagesTestCasesYasasiiWeb.sitecreationAmeswak_Testcase" name="aptreg" time="0.000">
    <skipped/>
  </testcase> <!-- aptreg -->
  <system-out/>
  <testcase classname="pagesTestCasesYasasiiWeb.sitecreationAmeswak_Testcase" name="aptreg" time="0.000">
    <skipped/>
  </testcase> <!-- aptreg -->
  <system-out/>
  <testcase classname="pagesTestCasesYasasiiWeb.sitecreationAmeswak_Testcase" name="aptreg" time="0.000">
    <skipped/>
  </testcase> <!-- aptreg -->
  <system-out/>
  <testcase classname="pagesTestCasesYasasiiWeb.sitecreationAmeswak_Testcase" name="aptreg" time="0.000">
    <skipped/>
  </testcase> <!-- aptreg -->
  <system-out/>
  <testcase classname="pagesTestCasesYasasiiWeb.sitecreationAmeswak_Testcase" name="aptreg" time="0.000">
    <skipped/>
  </testcase> <!-- aptreg -->
  <system-out/>
  <testcase classname="pagesTestCasesYasasiiWeb.sitecreationAmeswak_Testcase" name="aptreg" time="0.000">
    <skipped/>
  </testcase> <!-- aptreg -->
  <system-out/>
  <testcase classname="pagesTestCasesYasasiiWeb.sitecreationAmeswak_Testcase" name="aptreg" time="0.000">
    <skipped/>
  </testcase> <!-- aptreg -->
  <system-out/>
  <testcase classname="pagesTestCasesYasasiiWeb.sitecreationAmeswak_Testcase" name="aptreg" time="0.000">
    <skipped/>
  </testcase> <!-- aptreg -->
  <system-out/>
  <testcase classname="pagesTestCasesYasasiiWeb.sitecreationAmeswak_Testcase" name="aptreg" time="0.000">
    <skipped/>
  </testcase> <!-- aptreg -->
  <system-out/>
  <testcase classname="pagesTestCasesYasasiiWeb.sitecreationAmeswak_Testcase" name="aptreg" time="0.000">
    <skipped/>
  </testcase> <!-- aptreg -->
  <system-out/>
  <testcase classname="pagesTestCasesYasasiiWeb.sitecreationAmeswak_Testcase" name="aptreg" time="0.000">
    <skipped/>
  </testcase> <!-- aptreg -->
  <system-out/>
  <testcase classname="pagesTestCasesYasasiiWeb.sitecreationAmeswak_Testcase" name="aptreg" time="0.000">
    <skipped/>
  </testcase> <!-- aptreg -->
  <system-out/>
  <testcase classname="pagesTestCasesYasasiiWeb.sitecreationAmeswak_Testcase" name="aptreg" time="0.001">
    <skipped/>
  </testcase> <!-- aptreg -->
  <system-out/>
  <testcase classname="pagesTestCasesYasasiiWeb.sitecreationAmeswak_Testcase" name="aptreg" time="0.000">
    <skipped/>
  </testcase> <!-- aptreg -->
  <system-out/>
  <testcase classname="pagesTestCasesYasasiiWeb.sitecreationAmeswak_Testcase" name="aptreg" time="0.000">
    <skipped/>
  </testcase> <!-- aptreg -->
  <system-out/>
  <testcase classname="pagesTestCasesYasasiiWeb.sitecreationAmeswak_Testcase" name="aptreg" time="33.551"/>
  <system-out/>
  <testcase classname="pagesTestCasesYasasiiWeb.sitecreationAmeswak_Testcase" name="aptreg" time="0.000">
    <skipped/>
  </testcase> <!-- aptreg -->
  <system-out/>
  <testcase classname="pagesTestCasesYasasiiWeb.sitecreationAmeswak_Testcase" name="aptreg" time="0.000">
    <skipped/>
  </testcase> <!-- aptreg -->
  <system-out/>
  <testcase classname="pagesTestCasesYasasiiWeb.sitecreationAmeswak_Testcase" name="aptreg" time="0.000">
    <skipped/>
  </testcase> <!-- aptreg -->
  <system-out/>
  <testcase classname="pagesTestCasesYasasiiWeb.sitecreationAmeswak_Testcase" name="aptreg" time="0.000">
    <skipped/>
  </testcase> <!-- aptreg -->
  <system-out/>
  <testcase classname="pagesTestCasesYasasiiWeb.sitecreationAmeswak_Testcase" name="aptreg" time="0.000">
    <skipped/>
  </testcase> <!-- aptreg -->
  <system-out/>
  <testcase classname="pagesTestCasesYasasiiWeb.sitecreationAmeswak_Testcase" name="aptreg" time="0.000">
    <skipped/>
  </testcase> <!-- aptreg -->
  <system-out/>
  <testcase classname="pagesTestCasesYasasiiWeb.sitecreationAmeswak_Testcase" name="aptreg" time="0.000">
    <skipped/>
  </testcase> <!-- aptreg -->
  <system-out/>
  <testcase classname="pagesTestCasesYasasiiWeb.sitecreationAmeswak_Testcase" name="aptreg" time="0.000">
    <skipped/>
  </testcase> <!-- aptreg -->
  <system-out/>
  <testcase classname="pagesTestCasesYasasiiWeb.sitecreationAmeswak_Testcase" name="aptreg" time="0.000">
    <skipped/>
  </testcase> <!-- aptreg -->
  <system-out/>
  <testcase classname="pagesTestCasesYasasiiWeb.sitecreationAmeswak_Testcase" name="aptreg" time="0.000">
    <skipped/>
  </testcase> <!-- aptreg -->
  <system-out/>
  <testcase classname="pagesTestCasesYasasiiWeb.sitecreationAmeswak_Testcase" name="aptreg" time="0.000">
    <skipped/>
  </testcase> <!-- aptreg -->
  <system-out/>
  <testcase classname="pagesTestCasesYasasiiWeb.sitecreationAmeswak_Testcase" name="aptreg" time="0.000">
    <skipped/>
  </testcase> <!-- aptreg -->
  <system-out/>
  <testcase classname="pagesTestCasesYasasiiWeb.sitecreationAmeswak_Testcase" name="aptreg" time="0.000">
    <skipped/>
  </testcase> <!-- aptreg -->
  <system-out/>
  <testcase classname="pagesTestCasesYasasiiWeb.sitecreationAmeswak_Testcase" name="aptreg" time="0.000">
    <skipped/>
  </testcase> <!-- aptreg -->
  <system-out/>
  <testcase classname="pagesTestCasesYasasiiWeb.sitecreationAmeswak_Testcase" name="aptreg" time="0.000">
    <skipped/>
  </testcase> <!-- aptreg -->
  <system-out/>
  <testcase classname="pagesTestCasesYasasiiWeb.sitecreationAmeswak_Testcase" name="getResult" time="0.005">
    <error message="Cannot invoke &quot;String.indexOf(String)&quot; because &quot;path&quot; is null" type="java.lang.NullPointerException">
      <![CDATA[java.lang.NullPointerException: Cannot invoke "String.indexOf(String)" because "path" is null
at com.relevantcodes.extentreports.ExtentTest.isPathRelative(ExtentTest.java:502)
at com.relevantcodes.extentreports.ExtentTest.addScreenCapture(ExtentTest.java:287)
at com.baseYasasiiWeb.TestBaseYasasiiWeb.getResult(TestBaseYasasiiWeb.java:200)
at java.base/jdk.internal.reflect.DirectMethodHandleAccessor.invoke(DirectMethodHandleAccessor.java:104)
at java.base/java.lang.reflect.Method.invoke(Method.java:577)
at org.testng.internal.MethodInvocationHelper.invokeMethod(MethodInvocationHelper.java:132)
at org.testng.internal.MethodInvocationHelper.invokeMethodConsideringTimeout(MethodInvocationHelper.java:61)
at org.testng.internal.ConfigInvoker.invokeConfigurationMethod(ConfigInvoker.java:366)
at org.testng.internal.ConfigInvoker.invokeConfigurations(ConfigInvoker.java:320)
at org.testng.internal.TestInvoker.runConfigMethods(TestInvoker.java:701)
at org.testng.internal.TestInvoker.runAfterGroupsConfigurations(TestInvoker.java:677)
at org.testng.internal.TestInvoker.invokeMethod(TestInvoker.java:661)
at org.testng.internal.TestInvoker.invokeTestMethod(TestInvoker.java:174)
at org.testng.internal.MethodRunner.runInSequence(MethodRunner.java:46)
at org.testng.internal.TestInvoker$MethodInvocationAgent.invoke(TestInvoker.java:822)
at org.testng.internal.TestInvoker.invokeTestMethods(TestInvoker.java:147)
at org.testng.internal.TestMethodWorker.invokeTestMethods(TestMethodWorker.java:146)
at org.testng.internal.TestMethodWorker.run(TestMethodWorker.java:128)
at java.base/java.util.ArrayList.forEach(ArrayList.java:1511)
at org.testng.TestRunner.privateRun(TestRunner.java:764)
at org.testng.TestRunner.run(TestRunner.java:585)
at org.testng.SuiteRunner.runTest(SuiteRunner.java:384)
at org.testng.SuiteRunner.runSequentially(SuiteRunner.java:378)
at org.testng.SuiteRunner.privateRun(SuiteRunner.java:337)
at org.testng.SuiteRunner.run(SuiteRunner.java:286)
at org.testng.SuiteRunnerWorker.runSuite(SuiteRunnerWorker.java:53)
at org.testng.SuiteRunnerWorker.run(SuiteRunnerWorker.java:96)
at org.testng.TestNG.runSuitesSequentially(TestNG.java:1218)
at org.testng.TestNG.runSuitesLocally(TestNG.java:1140)
at org.testng.TestNG.runSuites(TestNG.java:1069)
at org.testng.TestNG.run(TestNG.java:1037)
at org.testng.remote.AbstractRemoteTestNG.run(AbstractRemoteTestNG.java:115)
at org.testng.remote.RemoteTestNG.initAndRun(RemoteTestNG.java:251)
at org.testng.remote.RemoteTestNG.main(RemoteTestNG.java:77)
]]>
    </error>
  </testcase> <!-- getResult -->
  <system-out/>
  <testcase classname="pagesTestCasesYasasiiWeb.sitecreationAmeswak_Testcase" name="aptreg" time="0.000">
    <skipped/>
  </testcase> <!-- aptreg -->
  <system-out/>
  <testcase classname="pagesTestCasesYasasiiWeb.sitecreationAmeswak_Testcase" name="aptreg" time="0.000">
    <skipped/>
  </testcase> <!-- aptreg -->
  <system-out/>
  <testcase classname="pagesTestCasesYasasiiWeb.sitecreationAmeswak_Testcase" name="aptreg" time="0.000">
    <skipped/>
  </testcase> <!-- aptreg -->
  <system-out/>
  <testcase classname="pagesTestCasesYasasiiWeb.sitecreationAmeswak_Testcase" name="aptreg" time="0.000">
    <skipped/>
  </testcase> <!-- aptreg -->
  <system-out/>
  <testcase classname="pagesTestCasesYasasiiWeb.sitecreationAmeswak_Testcase" name="aptreg" time="0.000">
    <skipped/>
  </testcase> <!-- aptreg -->
  <system-out/>
  <testcase classname="pagesTestCasesYasasiiWeb.sitecreationAmeswak_Testcase" name="aptreg" time="0.000">
    <skipped/>
  </testcase> <!-- aptreg -->
  <system-out/>
  <testcase classname="pagesTestCasesYasasiiWeb.sitecreationAmeswak_Testcase" name="aptreg" time="0.000">
    <skipped/>
  </testcase> <!-- aptreg -->
  <system-out/>
  <testcase classname="pagesTestCasesYasasiiWeb.sitecreationAmeswak_Testcase" name="aptreg" time="0.000">
    <skipped/>
  </testcase> <!-- aptreg -->
  <system-out/>
  <testcase classname="pagesTestCasesYasasiiWeb.sitecreationAmeswak_Testcase" name="aptreg" time="34.081"/>
  <system-out/>
  <testcase classname="pagesTestCasesYasasiiWeb.sitecreationAmeswak_Testcase" name="aptreg" time="0.000">
    <skipped/>
  </testcase> <!-- aptreg -->
  <system-out/>
  <testcase classname="pagesTestCasesYasasiiWeb.sitecreationAmeswak_Testcase" name="aptreg" time="0.000">
    <skipped/>
  </testcase> <!-- aptreg -->
  <system-out/>
  <testcase classname="pagesTestCasesYasasiiWeb.sitecreationAmeswak_Testcase" name="aptreg" time="0.000">
    <skipped/>
  </testcase> <!-- aptreg -->
  <system-out/>
  <testcase classname="pagesTestCasesYasasiiWeb.sitecreationAmeswak_Testcase" name="aptreg" time="0.000">
    <skipped/>
  </testcase> <!-- aptreg -->
  <system-out/>
  <testcase classname="pagesTestCasesYasasiiWeb.sitecreationAmeswak_Testcase" name="aptreg" time="0.000">
    <skipped/>
  </testcase> <!-- aptreg -->
  <system-out/>
  <testcase classname="pagesTestCasesYasasiiWeb.sitecreationAmeswak_Testcase" name="aptreg" time="0.000">
    <skipped/>
  </testcase> <!-- aptreg -->
  <system-out/>
  <testcase classname="pagesTestCasesYasasiiWeb.sitecreationAmeswak_Testcase" name="aptreg" time="0.000">
    <skipped/>
  </testcase> <!-- aptreg -->
  <system-out/>
  <testcase classname="pagesTestCasesYasasiiWeb.sitecreationAmeswak_Testcase" name="aptreg" time="0.000">
    <skipped/>
  </testcase> <!-- aptreg -->
  <system-out/>
  <testcase classname="pagesTestCasesYasasiiWeb.sitecreationAmeswak_Testcase" name="aptreg" time="0.000">
    <skipped/>
  </testcase> <!-- aptreg -->
  <system-out/>
  <testcase classname="pagesTestCasesYasasiiWeb.sitecreationAmeswak_Testcase" name="aptreg" time="0.000">
    <skipped/>
  </testcase> <!-- aptreg -->
  <system-out/>
  <testcase classname="pagesTestCasesYasasiiWeb.sitecreationAmeswak_Testcase" name="aptreg" time="0.000">
    <skipped/>
  </testcase> <!-- aptreg -->
  <system-out/>
  <testcase classname="pagesTestCasesYasasiiWeb.sitecreationAmeswak_Testcase" name="aptreg" time="0.000">
    <skipped/>
  </testcase> <!-- aptreg -->
  <system-out/>
  <testcase classname="pagesTestCasesYasasiiWeb.sitecreationAmeswak_Testcase" name="aptreg" time="0.000">
    <skipped/>
  </testcase> <!-- aptreg -->
  <system-out/>
  <testcase classname="pagesTestCasesYasasiiWeb.sitecreationAmeswak_Testcase" name="aptreg" time="0.000">
    <skipped/>
  </testcase> <!-- aptreg -->
  <system-out/>
  <testcase classname="pagesTestCasesYasasiiWeb.sitecreationAmeswak_Testcase" name="aptreg" time="0.000">
    <skipped/>
  </testcase> <!-- aptreg -->
  <system-out/>
  <testcase classname="pagesTestCasesYasasiiWeb.sitecreationAmeswak_Testcase" name="aptreg" time="0.000">
    <skipped/>
  </testcase> <!-- aptreg -->
  <system-out/>
  <testcase classname="pagesTestCasesYasasiiWeb.sitecreationAmeswak_Testcase" name="aptreg" time="0.000">
    <skipped/>
  </testcase> <!-- aptreg -->
  <system-out/>
  <testcase classname="pagesTestCasesYasasiiWeb.sitecreationAmeswak_Testcase" name="aptreg" time="0.000">
    <skipped/>
  </testcase> <!-- aptreg -->
  <system-out/>
  <testcase classname="pagesTestCasesYasasiiWeb.sitecreationAmeswak_Testcase" name="aptreg" time="36.331"/>
  <system-out/>
  <testcase classname="pagesTestCasesYasasiiWeb.sitecreationAmeswak_Testcase" name="aptreg" time="0.000">
    <skipped/>
  </testcase> <!-- aptreg -->
  <system-out/>
  <testcase classname="pagesTestCasesYasasiiWeb.sitecreationAmeswak_Testcase" name="restore" time="0.000">
    <skipped/>
  </testcase> <!-- restore -->
  <system-out/>
  <testcase classname="pagesTestCasesYasasiiWeb.sitecreationAmeswak_Testcase" name="restore" time="0.000">
    <skipped/>
  </testcase> <!-- restore -->
  <system-out/>
  <testcase classname="pagesTestCasesYasasiiWeb.sitecreationAmeswak_Testcase" name="restore" time="0.000">
    <skipped/>
  </testcase> <!-- restore -->
  <system-out/>
  <testcase classname="pagesTestCasesYasasiiWeb.sitecreationAmeswak_Testcase" name="restore" time="0.000">
    <skipped/>
  </testcase> <!-- restore -->
  <system-out/>
  <testcase classname="pagesTestCasesYasasiiWeb.sitecreationAmeswak_Testcase" name="restore" time="0.000">
    <skipped/>
  </testcase> <!-- restore -->
  <system-out/>
  <testcase classname="pagesTestCasesYasasiiWeb.sitecreationAmeswak_Testcase" name="restore" time="0.000">
    <skipped/>
  </testcase> <!-- restore -->
  <system-out/>
  <testcase classname="pagesTestCasesYasasiiWeb.sitecreationAmeswak_Testcase" name="restore" time="0.000">
    <skipped/>
  </testcase> <!-- restore -->
  <system-out/>
  <testcase classname="pagesTestCasesYasasiiWeb.sitecreationAmeswak_Testcase" name="restore" time="0.000">
    <skipped/>
  </testcase> <!-- restore -->
  <system-out/>
  <testcase classname="pagesTestCasesYasasiiWeb.sitecreationAmeswak_Testcase" name="restore" time="0.000">
    <skipped/>
  </testcase> <!-- restore -->
  <system-out/>
  <testcase classname="pagesTestCasesYasasiiWeb.sitecreationAmeswak_Testcase" name="restore" time="0.000">
    <skipped/>
  </testcase> <!-- restore -->
  <system-out/>
  <testcase classname="pagesTestCasesYasasiiWeb.sitecreationAmeswak_Testcase" name="restore" time="0.000">
    <skipped/>
  </testcase> <!-- restore -->
  <system-out/>
  <testcase classname="pagesTestCasesYasasiiWeb.sitecreationAmeswak_Testcase" name="restore" time="0.000">
    <skipped/>
  </testcase> <!-- restore -->
  <system-out/>
  <testcase classname="pagesTestCasesYasasiiWeb.sitecreationAmeswak_Testcase" name="restore" time="0.000">
    <skipped/>
  </testcase> <!-- restore -->
  <system-out/>
  <testcase classname="pagesTestCasesYasasiiWeb.sitecreationAmeswak_Testcase" name="restore" time="0.000">
    <skipped/>
  </testcase> <!-- restore -->
  <system-out/>
  <testcase classname="pagesTestCasesYasasiiWeb.sitecreationAmeswak_Testcase" name="restore" time="0.000">
    <skipped/>
  </testcase> <!-- restore -->
  <system-out/>
  <testcase classname="pagesTestCasesYasasiiWeb.sitecreationAmeswak_Testcase" name="restore" time="0.000">
    <skipped/>
  </testcase> <!-- restore -->
  <system-out/>
  <testcase classname="pagesTestCasesYasasiiWeb.sitecreationAmeswak_Testcase" name="restore" time="0.000">
    <skipped/>
  </testcase> <!-- restore -->
  <system-out/>
  <testcase classname="pagesTestCasesYasasiiWeb.sitecreationAmeswak_Testcase" name="restore" time="0.000">
    <skipped/>
  </testcase> <!-- restore -->
  <system-out/>
  <testcase classname="pagesTestCasesYasasiiWeb.sitecreationAmeswak_Testcase" name="restore" time="0.000">
    <skipped/>
  </testcase> <!-- restore -->
  <system-out/>
  <testcase classname="pagesTestCasesYasasiiWeb.sitecreationAmeswak_Testcase" name="restore" time="0.000">
    <skipped/>
  </testcase> <!-- restore -->
  <system-out/>
  <testcase classname="pagesTestCasesYasasiiWeb.sitecreationAmeswak_Testcase" name="restore" time="0.000">
    <skipped/>
  </testcase> <!-- restore -->
  <system-out/>
  <testcase classname="pagesTestCasesYasasiiWeb.sitecreationAmeswak_Testcase" name="restore" time="0.000">
    <skipped/>
  </testcase> <!-- restore -->
  <system-out/>
  <testcase classname="pagesTestCasesYasasiiWeb.sitecreationAmeswak_Testcase" name="restore" time="0.000">
    <skipped/>
  </testcase> <!-- restore -->
  <system-out/>
  <testcase classname="pagesTestCasesYasasiiWeb.sitecreationAmeswak_Testcase" name="restore" time="0.000">
    <skipped/>
  </testcase> <!-- restore -->
  <system-out/>
  <testcase classname="pagesTestCasesYasasiiWeb.sitecreationAmeswak_Testcase" name="restore" time="0.000">
    <skipped/>
  </testcase> <!-- restore -->
  <system-out/>
  <testcase classname="pagesTestCasesYasasiiWeb.sitecreationAmeswak_Testcase" name="restore" time="0.000">
    <skipped/>
  </testcase> <!-- restore -->
  <system-out/>
  <testcase classname="pagesTestCasesYasasiiWeb.sitecreationAmeswak_Testcase" name="restore" time="0.000">
    <skipped/>
  </testcase> <!-- restore -->
  <system-out/>
  <testcase classname="pagesTestCasesYasasiiWeb.sitecreationAmeswak_Testcase" name="restore" time="0.000">
    <skipped/>
  </testcase> <!-- restore -->
  <system-out/>
  <testcase classname="pagesTestCasesYasasiiWeb.sitecreationAmeswak_Testcase" name="restore" time="0.000">
    <skipped/>
  </testcase> <!-- restore -->
  <system-out/>
  <testcase classname="pagesTestCasesYasasiiWeb.sitecreationAmeswak_Testcase" name="restore" time="0.000">
    <skipped/>
  </testcase> <!-- restore -->
  <system-out/>
  <testcase classname="pagesTestCasesYasasiiWeb.sitecreationAmeswak_Testcase" name="restore" time="0.000">
    <skipped/>
  </testcase> <!-- restore -->
  <system-out/>
  <testcase classname="pagesTestCasesYasasiiWeb.sitecreationAmeswak_Testcase" name="restore" time="0.000">
    <skipped/>
  </testcase> <!-- restore -->
  <system-out/>
  <testcase classname="pagesTestCasesYasasiiWeb.sitecreationAmeswak_Testcase" name="restore" time="0.000">
    <skipped/>
  </testcase> <!-- restore -->
  <system-out/>
  <testcase classname="pagesTestCasesYasasiiWeb.sitecreationAmeswak_Testcase" name="restore" time="0.000">
    <skipped/>
  </testcase> <!-- restore -->
  <system-out/>
  <testcase classname="pagesTestCasesYasasiiWeb.sitecreationAmeswak_Testcase" name="restore" time="0.000">
    <skipped/>
  </testcase> <!-- restore -->
  <system-out/>
  <testcase classname="pagesTestCasesYasasiiWeb.sitecreationAmeswak_Testcase" name="restore" time="0.000">
    <skipped/>
  </testcase> <!-- restore -->
  <system-out/>
  <testcase classname="pagesTestCasesYasasiiWeb.sitecreationAmeswak_Testcase" name="restore" time="0.000">
    <skipped/>
  </testcase> <!-- restore -->
  <system-out/>
  <testcase classname="pagesTestCasesYasasiiWeb.sitecreationAmeswak_Testcase" name="restore" time="0.000">
    <skipped/>
  </testcase> <!-- restore -->
  <system-out/>
  <testcase classname="pagesTestCasesYasasiiWeb.sitecreationAmeswak_Testcase" name="restore" time="0.000">
    <skipped/>
  </testcase> <!-- restore -->
  <system-out/>
  <testcase classname="pagesTestCasesYasasiiWeb.sitecreationAmeswak_Testcase" name="restore" time="0.000">
    <skipped/>
  </testcase> <!-- restore -->
  <system-out/>
  <testcase classname="pagesTestCasesYasasiiWeb.sitecreationAmeswak_Testcase" name="restore" time="0.000">
    <skipped/>
  </testcase> <!-- restore -->
  <system-out/>
  <testcase classname="pagesTestCasesYasasiiWeb.sitecreationAmeswak_Testcase" name="restore" time="0.000">
    <skipped/>
  </testcase> <!-- restore -->
  <system-out/>
  <testcase classname="pagesTestCasesYasasiiWeb.sitecreationAmeswak_Testcase" name="restore" time="0.000">
    <skipped/>
  </testcase> <!-- restore -->
  <system-out/>
  <testcase classname="pagesTestCasesYasasiiWeb.sitecreationAmeswak_Testcase" name="restore" time="0.000">
    <skipped/>
  </testcase> <!-- restore -->
  <system-out/>
  <testcase classname="pagesTestCasesYasasiiWeb.sitecreationAmeswak_Testcase" name="restore" time="0.000">
    <skipped/>
  </testcase> <!-- restore -->
  <system-out/>
  <testcase classname="pagesTestCasesYasasiiWeb.sitecreationAmeswak_Testcase" name="restore" time="0.000">
    <skipped/>
  </testcase> <!-- restore -->
  <system-out/>
  <testcase classname="pagesTestCasesYasasiiWeb.sitecreationAmeswak_Testcase" name="restore" time="0.000">
    <skipped/>
  </testcase> <!-- restore -->
  <system-out/>
  <testcase classname="pagesTestCasesYasasiiWeb.sitecreationAmeswak_Testcase" name="restore" time="0.000">
    <skipped/>
  </testcase> <!-- restore -->
  <system-out/>
  <testcase classname="pagesTestCasesYasasiiWeb.sitecreationAmeswak_Testcase" name="restore" time="0.000">
    <skipped/>
  </testcase> <!-- restore -->
  <system-out/>
  <testcase classname="pagesTestCasesYasasiiWeb.sitecreationAmeswak_Testcase" name="restore" time="0.000">
    <skipped/>
  </testcase> <!-- restore -->
  <system-out/>
  <testcase classname="pagesTestCasesYasasiiWeb.sitecreationAmeswak_Testcase" name="restore" time="0.000">
    <skipped/>
  </testcase> <!-- restore -->
  <system-out/>
  <testcase classname="pagesTestCasesYasasiiWeb.sitecreationAmeswak_Testcase" name="restore" time="0.000">
    <skipped/>
  </testcase> <!-- restore -->
  <system-out/>
  <testcase classname="pagesTestCasesYasasiiWeb.sitecreationAmeswak_Testcase" name="restore" time="0.000">
    <skipped/>
  </testcase> <!-- restore -->
  <system-out/>
  <testcase classname="pagesTestCasesYasasiiWeb.sitecreationAmeswak_Testcase" name="restore" time="0.000">
    <skipped/>
  </testcase> <!-- restore -->
  <system-out/>
  <testcase classname="pagesTestCasesYasasiiWeb.sitecreationAmeswak_Testcase" name="restore" time="0.000">
    <skipped/>
  </testcase> <!-- restore -->
  <system-out/>
  <testcase classname="pagesTestCasesYasasiiWeb.sitecreationAmeswak_Testcase" name="restore" time="0.000">
    <skipped/>
  </testcase> <!-- restore -->
  <system-out/>
  <testcase classname="pagesTestCasesYasasiiWeb.sitecreationAmeswak_Testcase" name="restore" time="0.000">
    <skipped/>
  </testcase> <!-- restore -->
  <system-out/>
  <testcase classname="pagesTestCasesYasasiiWeb.sitecreationAmeswak_Testcase" name="restore" time="0.000">
    <skipped/>
  </testcase> <!-- restore -->
  <system-out/>
  <testcase classname="pagesTestCasesYasasiiWeb.sitecreationAmeswak_Testcase" name="restore" time="0.000">
    <skipped/>
  </testcase> <!-- restore -->
  <system-out/>
  <testcase classname="pagesTestCasesYasasiiWeb.sitecreationAmeswak_Testcase" name="restore" time="0.000">
    <skipped/>
  </testcase> <!-- restore -->
  <system-out/>
  <testcase classname="pagesTestCasesYasasiiWeb.sitecreationAmeswak_Testcase" name="restore" time="0.000">
    <skipped/>
  </testcase> <!-- restore -->
  <system-out/>
  <testcase classname="pagesTestCasesYasasiiWeb.sitecreationAmeswak_Testcase" name="restore" time="0.000">
    <skipped/>
  </testcase> <!-- restore -->
  <system-out/>
  <testcase classname="pagesTestCasesYasasiiWeb.sitecreationAmeswak_Testcase" name="restore" time="0.000">
    <skipped/>
  </testcase> <!-- restore -->
  <system-out/>
  <testcase classname="pagesTestCasesYasasiiWeb.sitecreationAmeswak_Testcase" name="restore" time="0.000">
    <skipped/>
  </testcase> <!-- restore -->
  <system-out/>
  <testcase classname="pagesTestCasesYasasiiWeb.sitecreationAmeswak_Testcase" name="restore" time="0.000">
    <skipped/>
  </testcase> <!-- restore -->
  <system-out/>
  <testcase classname="pagesTestCasesYasasiiWeb.sitecreationAmeswak_Testcase" name="restore" time="0.000">
    <skipped/>
  </testcase> <!-- restore -->
  <system-out/>
  <testcase classname="pagesTestCasesYasasiiWeb.sitecreationAmeswak_Testcase" name="restore" time="0.000">
    <skipped/>
  </testcase> <!-- restore -->
  <system-out/>
  <testcase classname="pagesTestCasesYasasiiWeb.sitecreationAmeswak_Testcase" name="restore" time="0.000">
    <skipped/>
  </testcase> <!-- restore -->
  <system-out/>
  <testcase classname="pagesTestCasesYasasiiWeb.sitecreationAmeswak_Testcase" name="restore" time="0.000">
    <skipped/>
  </testcase> <!-- restore -->
  <system-out/>
  <testcase classname="pagesTestCasesYasasiiWeb.sitecreationAmeswak_Testcase" name="restore" time="0.000">
    <skipped/>
  </testcase> <!-- restore -->
  <system-out/>
  <testcase classname="pagesTestCasesYasasiiWeb.sitecreationAmeswak_Testcase" name="restore" time="0.000">
    <skipped/>
  </testcase> <!-- restore -->
  <system-out/>
  <testcase classname="pagesTestCasesYasasiiWeb.sitecreationAmeswak_Testcase" name="restore" time="0.000">
    <skipped/>
  </testcase> <!-- restore -->
  <system-out/>
  <testcase classname="pagesTestCasesYasasiiWeb.sitecreationAmeswak_Testcase" name="restore" time="0.000">
    <skipped/>
  </testcase> <!-- restore -->
  <system-out/>
  <testcase classname="pagesTestCasesYasasiiWeb.sitecreationAmeswak_Testcase" name="restore" time="0.000">
    <skipped/>
  </testcase> <!-- restore -->
  <system-out/>
  <testcase classname="pagesTestCasesYasasiiWeb.sitecreationAmeswak_Testcase" name="restore" time="0.000">
    <skipped/>
  </testcase> <!-- restore -->
  <system-out/>
  <testcase classname="pagesTestCasesYasasiiWeb.sitecreationAmeswak_Testcase" name="restore" time="0.000">
    <skipped/>
  </testcase> <!-- restore -->
  <system-out/>
  <testcase classname="pagesTestCasesYasasiiWeb.sitecreationAmeswak_Testcase" name="restore" time="0.000">
    <skipped/>
  </testcase> <!-- restore -->
  <system-out/>
  <testcase classname="pagesTestCasesYasasiiWeb.sitecreationAmeswak_Testcase" name="restore" time="0.000">
    <skipped/>
  </testcase> <!-- restore -->
  <system-out/>
  <testcase classname="pagesTestCasesYasasiiWeb.sitecreationAmeswak_Testcase" name="restore" time="0.000">
    <skipped/>
  </testcase> <!-- restore -->
  <system-out/>
  <testcase classname="pagesTestCasesYasasiiWeb.sitecreationAmeswak_Testcase" name="restore" time="0.000">
    <skipped/>
  </testcase> <!-- restore -->
  <system-out/>
  <testcase classname="pagesTestCasesYasasiiWeb.sitecreationAmeswak_Testcase" name="restore" time="0.000">
    <skipped/>
  </testcase> <!-- restore -->
  <system-out/>
  <testcase classname="pagesTestCasesYasasiiWeb.sitecreationAmeswak_Testcase" name="restore" time="0.000">
    <skipped/>
  </testcase> <!-- restore -->
  <system-out/>
  <testcase classname="pagesTestCasesYasasiiWeb.sitecreationAmeswak_Testcase" name="restore" time="0.000">
    <skipped/>
  </testcase> <!-- restore -->
  <system-out/>
  <testcase classname="pagesTestCasesYasasiiWeb.sitecreationAmeswak_Testcase" name="restore" time="0.000">
    <skipped/>
  </testcase> <!-- restore -->
  <system-out/>
  <testcase classname="pagesTestCasesYasasiiWeb.sitecreationAmeswak_Testcase" name="restore" time="0.000">
    <skipped/>
  </testcase> <!-- restore -->
  <system-out/>
  <testcase classname="pagesTestCasesYasasiiWeb.sitecreationAmeswak_Testcase" name="restore" time="0.000">
    <skipped/>
  </testcase> <!-- restore -->
  <system-out/>
  <testcase classname="pagesTestCasesYasasiiWeb.sitecreationAmeswak_Testcase" name="restore" time="0.000">
    <skipped/>
  </testcase> <!-- restore -->
  <system-out/>
</testsuite> <!-- pagesTestCasesYasasiiWeb.sitecreationAmeswak_Testcase -->
